./comm/modbus_client/modbus_client starting with debug=1 cycletime=1000 use_socket=1 n_poll_slave=10
num_cycles=3
CYCLE1=50,holdingRegisters(1,100) count=50 name=holdingRegisters(1,100)
CYCLE2=50,holdingRegisters(1,150) count=50 name=holdingRegisters(1,150)
CYCLE3=50,holdingRegisters(1,200) count=50 name=holdingRegisters(1,200)
max_name_length=30
shared_memory_size=65536
WARNING: could not connect to 172.26.0.13:502
modbusRequest: var=holdingRegisters : slave=1 function=3 start_adr=100 num_register=50
mailboxReadThread: starting
modbusResponse: ret=-1 slave=1 function=3 data=00 00 00 00
modbusCycle returned error
write short holdingRegisters(1,100)=ERR Error to shared memory
write short holdingRegisters(1,101)=ERR Error to shared memory
write short holdingRegisters(1,102)=ERR Error to shared memory
write short holdingRegisters(1,103)=ERR Error to shared memory
write short holdingRegisters(1,104)=ERR Error to shared memory
write short holdingRegisters(1,105)=ERR Error to shared memory
write short holdingRegisters(1,106)=ERR Error to shared memory
write short holdingRegisters(1,107)=ERR Error to shared memory
write short holdingRegisters(1,108)=ERR Error to shared memory
write short holdingRegisters(1,109)=ERR Error to shared memory
write short holdingRegisters(1,110)=ERR Error to shared memory
write short holdingRegisters(1,111)=ERR Error to shared memory
write short holdingRegisters(1,112)=ERR Error to shared memory
write short holdingRegisters(1,113)=ERR Error to shared memory
write short holdingRegisters(1,114)=ERR Error to shared memory
write short holdingRegisters(1,115)=ERR Error to shared memory
write short holdingRegisters(1,116)=ERR Error to shared memory
write short holdingRegisters(1,117)=ERR Error to shared memory
write short holdingRegisters(1,118)=ERR Error to shared memory
write short holdingRegisters(1,119)=ERR Error to shared memory
write short holdingRegisters(1,120)=ERR Error to shared memory
write short holdingRegisters(1,121)=ERR Error to shared memory
write short holdingRegisters(1,122)=ERR Error to shared memory
write short holdingRegisters(1,123)=ERR Error to shared memory
write short holdingRegisters(1,124)=ERR Error to shared memory
write short holdingRegisters(1,125)=ERR Error to shared memory
write short holdingRegisters(1,126)=ERR Error to shared memory
write short holdingRegisters(1,127)=ERR Error to shared memory
write short holdingRegisters(1,128)=ERR Error to shared memory
write short holdingRegisters(1,129)=ERR Error to shared memory
write short holdingRegisters(1,130)=ERR Error to shared memory
write short holdingRegisters(1,131)=ERR Error to shared memory
write short holdingRegisters(1,132)=ERR Error to shared memory
write short holdingRegisters(1,133)=ERR Error to shared memory
write short holdingRegisters(1,134)=ERR Error to shared memory
write short holdingRegisters(1,135)=ERR Error to shared memory
write short holdingRegisters(1,136)=ERR Error to shared memory
write short holdingRegisters(1,137)=ERR Error to shared memory
write short holdingRegisters(1,138)=ERR Error to shared memory
write short holdingRegisters(1,139)=ERR Error to shared memory
write short holdingRegisters(1,140)=ERR Error to shared memory
write short holdingRegisters(1,141)=ERR Error to shared memory
write short holdingRegisters(1,142)=ERR Error to shared memory
write short holdingRegisters(1,143)=ERR Error to shared memory
write short holdingRegisters(1,144)=ERR Error to shared memory
write short holdingRegisters(1,145)=ERR Error to shared memory
write short holdingRegisters(1,146)=ERR Error to shared memory
write short holdingRegisters(1,147)=ERR Error to shared memory
write short holdingRegisters(1,148)=ERR Error to shared memory
write short holdingRegisters(1,149)=ERR Error to shared memory
modbusCycle not polling slave1: poll_slave_counter[1]=10
modbusCycle returned error
write short holdingRegisters(1,150)=ERR Error to shared memory
write short holdingRegisters(1,151)=ERR Error to shared memory
write short holdingRegisters(1,152)=ERR Error to shared memory
write short holdingRegisters(1,153)=ERR Error to shared memory
write short holdingRegisters(1,154)=ERR Error to shared memory
write short holdingRegisters(1,155)=ERR Error to shared memory
write short holdingRegisters(1,156)=ERR Error to shared memory
write short holdingRegisters(1,157)=ERR Error to shared memory
write short holdingRegisters(1,158)=ERR Error to shared memory
write short holdingRegisters(1,159)=ERR Error to shared memory
write short holdingRegisters(1,160)=ERR Error to shared memory
write short holdingRegisters(1,161)=ERR Error to shared memory
write short holdingRegisters(1,162)=ERR Error to shared memory
write short holdingRegisters(1,163)=ERR Error to shared memory
write short holdingRegisters(1,164)=ERR Error to shared memory
write short holdingRegisters(1,165)=ERR Error to shared memory
write short holdingRegisters(1,166)=ERR Error to shared memory
write short holdingRegisters(1,167)=ERR Error to shared memory
write short holdingRegisters(1,168)=ERR Error to shared memory
write short holdingRegisters(1,169)=ERR Error to shared memory
write short holdingRegisters(1,170)=ERR Error to shared memory
write short holdingRegisters(1,171)=ERR Error to shared memory
write short holdingRegisters(1,172)=ERR Error to shared memory
write short holdingRegisters(1,173)=ERR Error to shared memory
write short holdingRegisters(1,174)=ERR Error to shared memory
write short holdingRegisters(1,175)=ERR Error to shared memory
write short holdingRegisters(1,176)=ERR Error to shared memory
write short holdingRegisters(1,177)=ERR Error to shared memory
write short holdingRegisters(1,178)=ERR Error to shared memory
write short holdingRegisters(1,179)=ERR Error to shared memory
write short holdingRegisters(1,180)=ERR Error to shared memory
write short holdingRegisters(1,181)=ERR Error to shared memory
write short holdingRegisters(1,182)=ERR Error to shared memory
write short holdingRegisters(1,183)=ERR Error to shared memory
write short holdingRegisters(1,184)=ERR Error to shared memory
write short holdingRegisters(1,185)=ERR Error to shared memory
write short holdingRegisters(1,186)=ERR Error to shared memory
write short holdingRegisters(1,187)=ERR Error to shared memory
write short holdingRegisters(1,188)=ERR Error to shared memory
write short holdingRegisters(1,189)=ERR Error to shared memory
write short holdingRegisters(1,190)=ERR Error to shared memory
write short holdingRegisters(1,191)=ERR Error to shared memory
write short holdingRegisters(1,192)=ERR Error to shared memory
write short holdingRegisters(1,193)=ERR Error to shared memory
write short holdingRegisters(1,194)=ERR Error to shared memory
write short holdingRegisters(1,195)=ERR Error to shared memory
write short holdingRegisters(1,196)=ERR Error to shared memory
write short holdingRegisters(1,197)=ERR Error to shared memory
write short holdingRegisters(1,198)=ERR Error to shared memory
write short holdingRegisters(1,199)=ERR Error to shared memory
modbusCycle not polling slave1: poll_slave_counter[1]=9
modbusCycle returned error
write short holdingRegisters(1,200)=ERR Error to shared memory
write short holdingRegisters(1,201)=ERR Error to shared memory
write short holdingRegisters(1,202)=ERR Error to shared memory
write short holdingRegisters(1,203)=ERR Error to shared memory
write short holdingRegisters(1,204)=ERR Error to shared memory
write short holdingRegisters(1,205)=ERR Error to shared memory
write short holdingRegisters(1,206)=ERR Error to shared memory
write short holdingRegisters(1,207)=ERR Error to shared memory
write short holdingRegisters(1,208)=ERR Error to shared memory
write short holdingRegisters(1,209)=ERR Error to shared memory
write short holdingRegisters(1,210)=ERR Error to shared memory
write short holdingRegisters(1,211)=ERR Error to shared memory
write short holdingRegisters(1,212)=ERR Error to shared memory
write short holdingRegisters(1,213)=ERR Error to shared memory
write short holdingRegisters(1,214)=ERR Error to shared memory
write short holdingRegisters(1,215)=ERR Error to shared memory
write short holdingRegisters(1,216)=ERR Error to shared memory
write short holdingRegisters(1,217)=ERR Error to shared memory
write short holdingRegisters(1,218)=ERR Error to shared memory
write short holdingRegisters(1,219)=ERR Error to shared memory
write short holdingRegisters(1,220)=ERR Error to shared memory
write short holdingRegisters(1,221)=ERR Error to shared memory
write short holdingRegisters(1,222)=ERR Error to shared memory
write short holdingRegisters(1,223)=ERR Error to shared memory
write short holdingRegisters(1,224)=ERR Error to shared memory
write short holdingRegisters(1,225)=ERR Error to shared memory
write short holdingRegisters(1,226)=ERR Error to shared memory
write short holdingRegisters(1,227)=ERR Error to shared memory
write short holdingRegisters(1,228)=ERR Error to shared memory
write short holdingRegisters(1,229)=ERR Error to shared memory
write short holdingRegisters(1,230)=ERR Error to shared memory
write short holdingRegisters(1,231)=ERR Error to shared memory
write short holdingRegisters(1,232)=ERR Error to shared memory
write short holdingRegisters(1,233)=ERR Error to shared memory
write short holdingRegisters(1,234)=ERR Error to shared memory
write short holdingRegisters(1,235)=ERR Error to shared memory
write short holdingRegisters(1,236)=ERR Error to shared memory
write short holdingRegisters(1,237)=ERR Error to shared memory
write short holdingRegisters(1,238)=ERR Error to shared memory
write short holdingRegisters(1,239)=ERR Error to shared memory
write short holdingRegisters(1,240)=ERR Error to shared memory
write short holdingRegisters(1,241)=ERR Error to shared memory
write short holdingRegisters(1,242)=ERR Error to shared memory
write short holdingRegisters(1,243)=ERR Error to shared memory
write short holdingRegisters(1,244)=ERR Error to shared memory
write short holdingRegisters(1,245)=ERR Error to shared memory
write short holdingRegisters(1,246)=ERR Error to shared memory
write short holdingRegisters(1,247)=ERR Error to shared memory
write short holdingRegisters(1,248)=ERR Error to shared memory
write short holdingRegisters(1,249)=ERR Error to shared memory
modbusCycle not polling slave1: poll_slave_counter[1]=8
modbusCycle returned error
write short holdingRegisters(1,100)=ERR Error to shared memory
write short holdingRegisters(1,101)=ERR Error to shared memory
write short holdingRegisters(1,102)=ERR Error to shared memory
write short holdingRegisters(1,103)=ERR Error to shared memory
write short holdingRegisters(1,104)=ERR Error to shared memory
write short holdingRegisters(1,105)=ERR Error to shared memory
write short holdingRegisters(1,106)=ERR Error to shared memory
write short holdingRegisters(1,107)=ERR Error to shared memory
write short holdingRegisters(1,108)=ERR Error to shared memory
write short holdingRegisters(1,109)=ERR Error to shared memory
write short holdingRegisters(1,110)=ERR Error to shared memory
write short holdingRegisters(1,111)=ERR Error to shared memory
write short holdingRegisters(1,112)=ERR Error to shared memory
write short holdingRegisters(1,113)=ERR Error to shared memory
write short holdingRegisters(1,114)=ERR Error to shared memory
write short holdingRegisters(1,115)=ERR Error to shared memory
write short holdingRegisters(1,116)=ERR Error to shared memory
write short holdingRegisters(1,117)=ERR Error to shared memory
write short holdingRegisters(1,118)=ERR Error to shared memory
write short holdingRegisters(1,119)=ERR Error to shared memory
write short holdingRegisters(1,120)=ERR Error to shared memory
write short holdingRegisters(1,121)=ERR Error to shared memory
write short holdingRegisters(1,122)=ERR Error to shared memory
write short holdingRegisters(1,123)=ERR Error to shared memory
write short holdingRegisters(1,124)=ERR Error to shared memory
write short holdingRegisters(1,125)=ERR Error to shared memory
write short holdingRegisters(1,126)=ERR Error to shared memory
write short holdingRegisters(1,127)=ERR Error to shared memory
write short holdingRegisters(1,128)=ERR Error to shared memory
write short holdingRegisters(1,129)=ERR Error to shared memory
write short holdingRegisters(1,130)=ERR Error to shared memory
write short holdingRegisters(1,131)=ERR Error to shared memory
write short holdingRegisters(1,132)=ERR Error to shared memory
write short holdingRegisters(1,133)=ERR Error to shared memory
write short holdingRegisters(1,134)=ERR Error to shared memory
write short holdingRegisters(1,135)=ERR Error to shared memory
write short holdingRegisters(1,136)=ERR Error to shared memory
write short holdingRegisters(1,137)=ERR Error to shared memory
write short holdingRegisters(1,138)=ERR Error to shared memory
write short holdingRegisters(1,139)=ERR Error to shared memory
write short holdingRegisters(1,140)=ERR Error to shared memory
write short holdingRegisters(1,141)=ERR Error to shared memory
write short holdingRegisters(1,142)=ERR Error to shared memory
write short holdingRegisters(1,143)=ERR Error to shared memory
write short holdingRegisters(1,144)=ERR Error to shared memory
write short holdingRegisters(1,145)=ERR Error to shared memory
write short holdingRegisters(1,146)=ERR Error to shared memory
write short holdingRegisters(1,147)=ERR Error to shared memory
write short holdingRegisters(1,148)=ERR Error to shared memory
write short holdingRegisters(1,149)=ERR Error to shared memory
modbusCycle not polling slave1: poll_slave_counter[1]=7
modbusCycle returned error
write short holdingRegisters(1,150)=ERR Error to shared memory
write short holdingRegisters(1,151)=ERR Error to shared memory
write short holdingRegisters(1,152)=ERR Error to shared memory
write short holdingRegisters(1,153)=ERR Error to shared memory
write short holdingRegisters(1,154)=ERR Error to shared memory
write short holdingRegisters(1,155)=ERR Error to shared memory
write short holdingRegisters(1,156)=ERR Error to shared memory
write short holdingRegisters(1,157)=ERR Error to shared memory
write short holdingRegisters(1,158)=ERR Error to shared memory
write short holdingRegisters(1,159)=ERR Error to shared memory
write short holdingRegisters(1,160)=ERR Error to shared memory
write short holdingRegisters(1,161)=ERR Error to shared memory
write short holdingRegisters(1,162)=ERR Error to shared memory
write short holdingRegisters(1,163)=ERR Error to shared memory
write short holdingRegisters(1,164)=ERR Error to shared memory
write short holdingRegisters(1,165)=ERR Error to shared memory
write short holdingRegisters(1,166)=ERR Error to shared memory
write short holdingRegisters(1,167)=ERR Error to shared memory
write short holdingRegisters(1,168)=ERR Error to shared memory
write short holdingRegisters(1,169)=ERR Error to shared memory
write short holdingRegisters(1,170)=ERR Error to shared memory
write short holdingRegisters(1,171)=ERR Error to shared memory
write short holdingRegisters(1,172)=ERR Error to shared memory
write short holdingRegisters(1,173)=ERR Error to shared memory
write short holdingRegisters(1,174)=ERR Error to shared memory
write short holdingRegisters(1,175)=ERR Error to shared memory
write short holdingRegisters(1,176)=ERR Error to shared memory
write short holdingRegisters(1,177)=ERR Error to shared memory
write short holdingRegisters(1,178)=ERR Error to shared memory
write short holdingRegisters(1,179)=ERR Error to shared memory
write short holdingRegisters(1,180)=ERR Error to shared memory
write short holdingRegisters(1,181)=ERR Error to shared memory
write short holdingRegisters(1,182)=ERR Error to shared memory
write short holdingRegisters(1,183)=ERR Error to shared memory
write short holdingRegisters(1,184)=ERR Error to shared memory
write short holdingRegisters(1,185)=ERR Error to shared memory
write short holdingRegisters(1,186)=ERR Error to shared memory
write short holdingRegisters(1,187)=ERR Error to shared memory
write short holdingRegisters(1,188)=ERR Error to shared memory
write short holdingRegisters(1,189)=ERR Error to shared memory
write short holdingRegisters(1,190)=ERR Error to shared memory
write short holdingRegisters(1,191)=ERR Error to shared memory
write short holdingRegisters(1,192)=ERR Error to shared memory
write short holdingRegisters(1,193)=ERR Error to shared memory
write short holdingRegisters(1,194)=ERR Error to shared memory
write short holdingRegisters(1,195)=ERR Error to shared memory
write short holdingRegisters(1,196)=ERR Error to shared memory
write short holdingRegisters(1,197)=ERR Error to shared memory
write short holdingRegisters(1,198)=ERR Error to shared memory
write short holdingRegisters(1,199)=ERR Error to shared memory
modbusCycle not polling slave1: poll_slave_counter[1]=6
modbusCycle returned error
write short holdingRegisters(1,200)=ERR Error to shared memory
write short holdingRegisters(1,201)=ERR Error to shared memory
write short holdingRegisters(1,202)=ERR Error to shared memory
write short holdingRegisters(1,203)=ERR Error to shared memory
write short holdingRegisters(1,204)=ERR Error to shared memory
write short holdingRegisters(1,205)=ERR Error to shared memory
write short holdingRegisters(1,206)=ERR Error to shared memory
write short holdingRegisters(1,207)=ERR Error to shared memory
write short holdingRegisters(1,208)=ERR Error to shared memory
write short holdingRegisters(1,209)=ERR Error to shared memory
write short holdingRegisters(1,210)=ERR Error to shared memory
write short holdingRegisters(1,211)=ERR Error to shared memory
write short holdingRegisters(1,212)=ERR Error to shared memory
write short holdingRegisters(1,213)=ERR Error to shared memory
write short holdingRegisters(1,214)=ERR Error to shared memory
write short holdingRegisters(1,215)=ERR Error to shared memory
write short holdingRegisters(1,216)=ERR Error to shared memory
write short holdingRegisters(1,217)=ERR Error to shared memory
write short holdingRegisters(1,218)=ERR Error to shared memory
write short holdingRegisters(1,219)=ERR Error to shared memory
write short holdingRegisters(1,220)=ERR Error to shared memory
write short holdingRegisters(1,221)=ERR Error to shared memory
write short holdingRegisters(1,222)=ERR Error to shared memory
write short holdingRegisters(1,223)=ERR Error to shared memory
write short holdingRegisters(1,224)=ERR Error to shared memory
write short holdingRegisters(1,225)=ERR Error to shared memory
write short holdingRegisters(1,226)=ERR Error to shared memory
write short holdingRegisters(1,227)=ERR Error to shared memory
write short holdingRegisters(1,228)=ERR Error to shared memory
write short holdingRegisters(1,229)=ERR Error to shared memory
write short holdingRegisters(1,230)=ERR Error to shared memory
write short holdingRegisters(1,231)=ERR Error to shared memory
write short holdingRegisters(1,232)=ERR Error to shared memory
write short holdingRegisters(1,233)=ERR Error to shared memory
write short holdingRegisters(1,234)=ERR Error to shared memory
write short holdingRegisters(1,235)=ERR Error to shared memory
write short holdingRegisters(1,236)=ERR Error to shared memory
write short holdingRegisters(1,237)=ERR Error to shared memory
write short holdingRegisters(1,238)=ERR Error to shared memory
write short holdingRegisters(1,239)=ERR Error to shared memory
write short holdingRegisters(1,240)=ERR Error to shared memory
write short holdingRegisters(1,241)=ERR Error to shared memory
write short holdingRegisters(1,242)=ERR Error to shared memory
write short holdingRegisters(1,243)=ERR Error to shared memory
write short holdingRegisters(1,244)=ERR Error to shared memory
write short holdingRegisters(1,245)=ERR Error to shared memory
write short holdingRegisters(1,246)=ERR Error to shared memory
write short holdingRegisters(1,247)=ERR Error to shared memory
write short holdingRegisters(1,248)=ERR Error to shared memory
write short holdingRegisters(1,249)=ERR Error to shared memory
modbusCycle not polling slave1: poll_slave_counter[1]=5
modbusCycle returned error
write short holdingRegisters(1,100)=ERR Error to shared memory
write short holdingRegisters(1,101)=ERR Error to shared memory
write short holdingRegisters(1,102)=ERR Error to shared memory
write short holdingRegisters(1,103)=ERR Error to shared memory
write short holdingRegisters(1,104)=ERR Error to shared memory
write short holdingRegisters(1,105)=ERR Error to shared memory
write short holdingRegisters(1,106)=ERR Error to shared memory
write short holdingRegisters(1,107)=ERR Error to shared memory
write short holdingRegisters(1,108)=ERR Error to shared memory
write short holdingRegisters(1,109)=ERR Error to shared memory
write short holdingRegisters(1,110)=ERR Error to shared memory
write short holdingRegisters(1,111)=ERR Error to shared memory
write short holdingRegisters(1,112)=ERR Error to shared memory
write short holdingRegisters(1,113)=ERR Error to shared memory
write short holdingRegisters(1,114)=ERR Error to shared memory
write short holdingRegisters(1,115)=ERR Error to shared memory
write short holdingRegisters(1,116)=ERR Error to shared memory
write short holdingRegisters(1,117)=ERR Error to shared memory
write short holdingRegisters(1,118)=ERR Error to shared memory
write short holdingRegisters(1,119)=ERR Error to shared memory
write short holdingRegisters(1,120)=ERR Error to shared memory
write short holdingRegisters(1,121)=ERR Error to shared memory
write short holdingRegisters(1,122)=ERR Error to shared memory
write short holdingRegisters(1,123)=ERR Error to shared memory
write short holdingRegisters(1,124)=ERR Error to shared memory
write short holdingRegisters(1,125)=ERR Error to shared memory
write short holdingRegisters(1,126)=ERR Error to shared memory
write short holdingRegisters(1,127)=ERR Error to shared memory
write short holdingRegisters(1,128)=ERR Error to shared memory
write short holdingRegisters(1,129)=ERR Error to shared memory
write short holdingRegisters(1,130)=ERR Error to shared memory
write short holdingRegisters(1,131)=ERR Error to shared memory
write short holdingRegisters(1,132)=ERR Error to shared memory
write short holdingRegisters(1,133)=ERR Error to shared memory
write short holdingRegisters(1,134)=ERR Error to shared memory
write short holdingRegisters(1,135)=ERR Error to shared memory
write short holdingRegisters(1,136)=ERR Error to shared memory
write short holdingRegisters(1,137)=ERR Error to shared memory
write short holdingRegisters(1,138)=ERR Error to shared memory
write short holdingRegisters(1,139)=ERR Error to shared memory
write short holdingRegisters(1,140)=ERR Error to shared memory
write short holdingRegisters(1,141)=ERR Error to shared memory
write short holdingRegisters(1,142)=ERR Error to shared memory
write short holdingRegisters(1,143)=ERR Error to shared memory
write short holdingRegisters(1,144)=ERR Error to shared memory
write short holdingRegisters(1,145)=ERR Error to shared memory
write short holdingRegisters(1,146)=ERR Error to shared memory
write short holdingRegisters(1,147)=ERR Error to shared memory
write short holdingRegisters(1,148)=ERR Error to shared memory
write short holdingRegisters(1,149)=ERR Error to shared memory
modbusCycle not polling slave1: poll_slave_counter[1]=4
modbusCycle returned error
write short holdingRegisters(1,150)=ERR Error to shared memory
write short holdingRegisters(1,151)=ERR Error to shared memory
write short holdingRegisters(1,152)=ERR Error to shared memory
write short holdingRegisters(1,153)=ERR Error to shared memory
write short holdingRegisters(1,154)=ERR Error to shared memory
write short holdingRegisters(1,155)=ERR Error to shared memory
write short holdingRegisters(1,156)=ERR Error to shared memory
write short holdingRegisters(1,157)=ERR Error to shared memory
write short holdingRegisters(1,158)=ERR Error to shared memory
write short holdingRegisters(1,159)=ERR Error to shared memory
write short holdingRegisters(1,160)=ERR Error to shared memory
write short holdingRegisters(1,161)=ERR Error to shared memory
write short holdingRegisters(1,162)=ERR Error to shared memory
write short holdingRegisters(1,163)=ERR Error to shared memory
write short holdingRegisters(1,164)=ERR Error to shared memory
write short holdingRegisters(1,165)=ERR Error to shared memory
write short holdingRegisters(1,166)=ERR Error to shared memory
write short holdingRegisters(1,167)=ERR Error to shared memory
write short holdingRegisters(1,168)=ERR Error to shared memory
write short holdingRegisters(1,169)=ERR Error to shared memory
write short holdingRegisters(1,170)=ERR Error to shared memory
write short holdingRegisters(1,171)=ERR Error to shared memory
write short holdingRegisters(1,172)=ERR Error to shared memory
write short holdingRegisters(1,173)=ERR Error to shared memory
write short holdingRegisters(1,174)=ERR Error to shared memory
write short holdingRegisters(1,175)=ERR Error to shared memory
write short holdingRegisters(1,176)=ERR Error to shared memory
write short holdingRegisters(1,177)=ERR Error to shared memory
write short holdingRegisters(1,178)=ERR Error to shared memory
write short holdingRegisters(1,179)=ERR Error to shared memory
write short holdingRegisters(1,180)=ERR Error to shared memory
write short holdingRegisters(1,181)=ERR Error to shared memory
write short holdingRegisters(1,182)=ERR Error to shared memory
write short holdingRegisters(1,183)=ERR Error to shared memory
write short holdingRegisters(1,184)=ERR Error to shared memory
write short holdingRegisters(1,185)=ERR Error to shared memory
write short holdingRegisters(1,186)=ERR Error to shared memory
write short holdingRegisters(1,187)=ERR Error to shared memory
write short holdingRegisters(1,188)=ERR Error to shared memory
write short holdingRegisters(1,189)=ERR Error to shared memory
write short holdingRegisters(1,190)=ERR Error to shared memory
write short holdingRegisters(1,191)=ERR Error to shared memory
write short holdingRegisters(1,192)=ERR Error to shared memory
write short holdingRegisters(1,193)=ERR Error to shared memory
write short holdingRegisters(1,194)=ERR Error to shared memory
write short holdingRegisters(1,195)=ERR Error to shared memory
write short holdingRegisters(1,196)=ERR Error to shared memory
write short holdingRegisters(1,197)=ERR Error to shared memory
write short holdingRegisters(1,198)=ERR Error to shared memory
write short holdingRegisters(1,199)=ERR Error to shared memory
modbusCycle not polling slave1: poll_slave_counter[1]=3
modbusCycle returned error
write short holdingRegisters(1,200)=ERR Error to shared memory
write short holdingRegisters(1,201)=ERR Error to shared memory
write short holdingRegisters(1,202)=ERR Error to shared memory
write short holdingRegisters(1,203)=ERR Error to shared memory
write short holdingRegisters(1,204)=ERR Error to shared memory
write short holdingRegisters(1,205)=ERR Error to shared memory
write short holdingRegisters(1,206)=ERR Error to shared memory
write short holdingRegisters(1,207)=ERR Error to shared memory
write short holdingRegisters(1,208)=ERR Error to shared memory
write short holdingRegisters(1,209)=ERR Error to shared memory
write short holdingRegisters(1,210)=ERR Error to shared memory
write short holdingRegisters(1,211)=ERR Error to shared memory
write short holdingRegisters(1,212)=ERR Error to shared memory
write short holdingRegisters(1,213)=ERR Error to shared memory
write short holdingRegisters(1,214)=ERR Error to shared memory
write short holdingRegisters(1,215)=ERR Error to shared memory
write short holdingRegisters(1,216)=ERR Error to shared memory
write short holdingRegisters(1,217)=ERR Error to shared memory
write short holdingRegisters(1,218)=ERR Error to shared memory
write short holdingRegisters(1,219)=ERR Error to shared memory
write short holdingRegisters(1,220)=ERR Error to shared memory
write short holdingRegisters(1,221)=ERR Error to shared memory
write short holdingRegisters(1,222)=ERR Error to shared memory
write short holdingRegisters(1,223)=ERR Error to shared memory
write short holdingRegisters(1,224)=ERR Error to shared memory
write short holdingRegisters(1,225)=ERR Error to shared memory
write short holdingRegisters(1,226)=ERR Error to shared memory
write short holdingRegisters(1,227)=ERR Error to shared memory
write short holdingRegisters(1,228)=ERR Error to shared memory
write short holdingRegisters(1,229)=ERR Error to shared memory
write short holdingRegisters(1,230)=ERR Error to shared memory
write short holdingRegisters(1,231)=ERR Error to shared memory
write short holdingRegisters(1,232)=ERR Error to shared memory
write short holdingRegisters(1,233)=ERR Error to shared memory
write short holdingRegisters(1,234)=ERR Error to shared memory
write short holdingRegisters(1,235)=ERR Error to shared memory
write short holdingRegisters(1,236)=ERR Error to shared memory
write short holdingRegisters(1,237)=ERR Error to shared memory
write short holdingRegisters(1,238)=ERR Error to shared memory
write short holdingRegisters(1,239)=ERR Error to shared memory
write short holdingRegisters(1,240)=ERR Error to shared memory
write short holdingRegisters(1,241)=ERR Error to shared memory
write short holdingRegisters(1,242)=ERR Error to shared memory
write short holdingRegisters(1,243)=ERR Error to shared memory
write short holdingRegisters(1,244)=ERR Error to shared memory
write short holdingRegisters(1,245)=ERR Error to shared memory
write short holdingRegisters(1,246)=ERR Error to shared memory
write short holdingRegisters(1,247)=ERR Error to shared memory
write short holdingRegisters(1,248)=ERR Error to shared memory
write short holdingRegisters(1,249)=ERR Error to shared memory
modbusCycle not polling slave1: poll_slave_counter[1]=2
modbusCycle returned error
write short holdingRegisters(1,100)=ERR Error to shared memory
write short holdingRegisters(1,101)=ERR Error to shared memory
write short holdingRegisters(1,102)=ERR Error to shared memory
write short holdingRegisters(1,103)=ERR Error to shared memory
write short holdingRegisters(1,104)=ERR Error to shared memory
write short holdingRegisters(1,105)=ERR Error to shared memory
write short holdingRegisters(1,106)=ERR Error to shared memory
write short holdingRegisters(1,107)=ERR Error to shared memory
write short holdingRegisters(1,108)=ERR Error to shared memory
write short holdingRegisters(1,109)=ERR Error to shared memory
write short holdingRegisters(1,110)=ERR Error to shared memory
write short holdingRegisters(1,111)=ERR Error to shared memory
write short holdingRegisters(1,112)=ERR Error to shared memory
write short holdingRegisters(1,113)=ERR Error to shared memory
write short holdingRegisters(1,114)=ERR Error to shared memory
write short holdingRegisters(1,115)=ERR Error to shared memory
write short holdingRegisters(1,116)=ERR Error to shared memory
write short holdingRegisters(1,117)=ERR Error to shared memory
write short holdingRegisters(1,118)=ERR Error to shared memory
write short holdingRegisters(1,119)=ERR Error to shared memory
write short holdingRegisters(1,120)=ERR Error to shared memory
write short holdingRegisters(1,121)=ERR Error to shared memory
write short holdingRegisters(1,122)=ERR Error to shared memory
write short holdingRegisters(1,123)=ERR Error to shared memory
write short holdingRegisters(1,124)=ERR Error to shared memory
write short holdingRegisters(1,125)=ERR Error to shared memory
write short holdingRegisters(1,126)=ERR Error to shared memory
write short holdingRegisters(1,127)=ERR Error to shared memory
write short holdingRegisters(1,128)=ERR Error to shared memory
write short holdingRegisters(1,129)=ERR Error to shared memory
write short holdingRegisters(1,130)=ERR Error to shared memory
write short holdingRegisters(1,131)=ERR Error to shared memory
write short holdingRegisters(1,132)=ERR Error to shared memory
write short holdingRegisters(1,133)=ERR Error to shared memory
write short holdingRegisters(1,134)=ERR Error to shared memory
write short holdingRegisters(1,135)=ERR Error to shared memory
write short holdingRegisters(1,136)=ERR Error to shared memory
write short holdingRegisters(1,137)=ERR Error to shared memory
write short holdingRegisters(1,138)=ERR Error to shared memory
write short holdingRegisters(1,139)=ERR Error to shared memory
write short holdingRegisters(1,140)=ERR Error to shared memory
write short holdingRegisters(1,141)=ERR Error to shared memory
write short holdingRegisters(1,142)=ERR Error to shared memory
write short holdingRegisters(1,143)=ERR Error to shared memory
write short holdingRegisters(1,144)=ERR Error to shared memory
write short holdingRegisters(1,145)=ERR Error to shared memory
write short holdingRegisters(1,146)=ERR Error to shared memory
write short holdingRegisters(1,147)=ERR Error to shared memory
write short holdingRegisters(1,148)=ERR Error to shared memory
write short holdingRegisters(1,149)=ERR Error to shared memory
modbusCycle not polling slave1: poll_slave_counter[1]=1
modbusRequest: var=holdingRegisters : slave=1 function=3 start_adr=150 num_register=50
modbusResponse: ret=-1 slave=1 function=3 data=00 00 00 00
modbusCycle returned error
write short holdingRegisters(1,150)=ERR Error to shared memory
write short holdingRegisters(1,151)=ERR Error to shared memory
write short holdingRegisters(1,152)=ERR Error to shared memory
write short holdingRegisters(1,153)=ERR Error to shared memory
write short holdingRegisters(1,154)=ERR Error to shared memory
write short holdingRegisters(1,155)=ERR Error to shared memory
write short holdingRegisters(1,156)=ERR Error to shared memory
write short holdingRegisters(1,157)=ERR Error to shared memory
write short holdingRegisters(1,158)=ERR Error to shared memory
write short holdingRegisters(1,159)=ERR Error to shared memory
write short holdingRegisters(1,160)=ERR Error to shared memory
write short holdingRegisters(1,161)=ERR Error to shared memory
write short holdingRegisters(1,162)=ERR Error to shared memory
write short holdingRegisters(1,163)=ERR Error to shared memory
write short holdingRegisters(1,164)=ERR Error to shared memory
write short holdingRegisters(1,165)=ERR Error to shared memory
write short holdingRegisters(1,166)=ERR Error to shared memory
write short holdingRegisters(1,167)=ERR Error to shared memory
write short holdingRegisters(1,168)=ERR Error to shared memory
write short holdingRegisters(1,169)=ERR Error to shared memory
write short holdingRegisters(1,170)=ERR Error to shared memory
write short holdingRegisters(1,171)=ERR Error to shared memory
write short holdingRegisters(1,172)=ERR Error to shared memory
write short holdingRegisters(1,173)=ERR Error to shared memory
write short holdingRegisters(1,174)=ERR Error to shared memory
write short holdingRegisters(1,175)=ERR Error to shared memory
write short holdingRegisters(1,176)=ERR Error to shared memory
write short holdingRegisters(1,177)=ERR Error to shared memory
write short holdingRegisters(1,178)=ERR Error to shared memory
write short holdingRegisters(1,179)=ERR Error to shared memory
write short holdingRegisters(1,180)=ERR Error to shared memory
write short holdingRegisters(1,181)=ERR Error to shared memory
write short holdingRegisters(1,182)=ERR Error to shared memory
write short holdingRegisters(1,183)=ERR Error to shared memory
write short holdingRegisters(1,184)=ERR Error to shared memory
write short holdingRegisters(1,185)=ERR Error to shared memory
write short holdingRegisters(1,186)=ERR Error to shared memory
write short holdingRegisters(1,187)=ERR Error to shared memory
write short holdingRegisters(1,188)=ERR Error to shared memory
write short holdingRegisters(1,189)=ERR Error to shared memory
write short holdingRegisters(1,190)=ERR Error to shared memory
write short holdingRegisters(1,191)=ERR Error to shared memory
write short holdingRegisters(1,192)=ERR Error to shared memory
write short holdingRegisters(1,193)=ERR Error to shared memory
write short holdingRegisters(1,194)=ERR Error to shared memory
write short holdingRegisters(1,195)=ERR Error to shared memory
write short holdingRegisters(1,196)=ERR Error to shared memory
write short holdingRegisters(1,197)=ERR Error to shared memory
write short holdingRegisters(1,198)=ERR Error to shared memory
write short holdingRegisters(1,199)=ERR Error to shared memory
modbusCycle not polling slave1: poll_slave_counter[1]=10
modbusCycle returned error
write short holdingRegisters(1,200)=ERR Error to shared memory
write short holdingRegisters(1,201)=ERR Error to shared memory
write short holdingRegisters(1,202)=ERR Error to shared memory
write short holdingRegisters(1,203)=ERR Error to shared memory
write short holdingRegisters(1,204)=ERR Error to shared memory
write short holdingRegisters(1,205)=ERR Error to shared memory
write short holdingRegisters(1,206)=ERR Error to shared memory
write short holdingRegisters(1,207)=ERR Error to shared memory
write short holdingRegisters(1,208)=ERR Error to shared memory
write short holdingRegisters(1,209)=ERR Error to shared memory
write short holdingRegisters(1,210)=ERR Error to shared memory
write short holdingRegisters(1,211)=ERR Error to shared memory
write short holdingRegisters(1,212)=ERR Error to shared memory
write short holdingRegisters(1,213)=ERR Error to shared memory
write short holdingRegisters(1,214)=ERR Error to shared memory
write short holdingRegisters(1,215)=ERR Error to shared memory
write short holdingRegisters(1,216)=ERR Error to shared memory
write short holdingRegisters(1,217)=ERR Error to shared memory
write short holdingRegisters(1,218)=ERR Error to shared memory
write short holdingRegisters(1,219)=ERR Error to shared memory
write short holdingRegisters(1,220)=ERR Error to shared memory
write short holdingRegisters(1,221)=ERR Error to shared memory
write short holdingRegisters(1,222)=ERR Error to shared memory
write short holdingRegisters(1,223)=ERR Error to shared memory
write short holdingRegisters(1,224)=ERR Error to shared memory
write short holdingRegisters(1,225)=ERR Error to shared memory
write short holdingRegisters(1,226)=ERR Error to shared memory
write short holdingRegisters(1,227)=ERR Error to shared memory
write short holdingRegisters(1,228)=ERR Error to shared memory
write short holdingRegisters(1,229)=ERR Error to shared memory
write short holdingRegisters(1,230)=ERR Error to shared memory
write short holdingRegisters(1,231)=ERR Error to shared memory
write short holdingRegisters(1,232)=ERR Error to shared memory
write short holdingRegisters(1,233)=ERR Error to shared memory
write short holdingRegisters(1,234)=ERR Error to shared memory
write short holdingRegisters(1,235)=ERR Error to shared memory
write short holdingRegisters(1,236)=ERR Error to shared memory
write short holdingRegisters(1,237)=ERR Error to shared memory
write short holdingRegisters(1,238)=ERR Error to shared memory
write short holdingRegisters(1,239)=ERR Error to shared memory
write short holdingRegisters(1,240)=ERR Error to shared memory
write short holdingRegisters(1,241)=ERR Error to shared memory
write short holdingRegisters(1,242)=ERR Error to shared memory
write short holdingRegisters(1,243)=ERR Error to shared memory
write short holdingRegisters(1,244)=ERR Error to shared memory
write short holdingRegisters(1,245)=ERR Error to shared memory
write short holdingRegisters(1,246)=ERR Error to shared memory
write short holdingRegisters(1,247)=ERR Error to shared memory
write short holdingRegisters(1,248)=ERR Error to shared memory
write short holdingRegisters(1,249)=ERR Error to shared memory
modbusCycle not polling slave1: poll_slave_counter[1]=9
modbusCycle returned error
write short holdingRegisters(1,100)=ERR Error to shared memory
write short holdingRegisters(1,101)=ERR Error to shared memory
write short holdingRegisters(1,102)=ERR Error to shared memory
write short holdingRegisters(1,103)=ERR Error to shared memory
write short holdingRegisters(1,104)=ERR Error to shared memory
write short holdingRegisters(1,105)=ERR Error to shared memory
write short holdingRegisters(1,106)=ERR Error to shared memory
write short holdingRegisters(1,107)=ERR Error to shared memory
write short holdingRegisters(1,108)=ERR Error to shared memory
write short holdingRegisters(1,109)=ERR Error to shared memory
write short holdingRegisters(1,110)=ERR Error to shared memory
write short holdingRegisters(1,111)=ERR Error to shared memory
write short holdingRegisters(1,112)=ERR Error to shared memory
write short holdingRegisters(1,113)=ERR Error to shared memory
write short holdingRegisters(1,114)=ERR Error to shared memory
write short holdingRegisters(1,115)=ERR Error to shared memory
write short holdingRegisters(1,116)=ERR Error to shared memory
write short holdingRegisters(1,117)=ERR Error to shared memory
write short holdingRegisters(1,118)=ERR Error to shared memory
write short holdingRegisters(1,119)=ERR Error to shared memory
write short holdingRegisters(1,120)=ERR Error to shared memory
write short holdingRegisters(1,121)=ERR Error to shared memory
write short holdingRegisters(1,122)=ERR Error to shared memory
write short holdingRegisters(1,123)=ERR Error to shared memory
write short holdingRegisters(1,124)=ERR Error to shared memory
write short holdingRegisters(1,125)=ERR Error to shared memory
write short holdingRegisters(1,126)=ERR Error to shared memory
write short holdingRegisters(1,127)=ERR Error to shared memory
write short holdingRegisters(1,128)=ERR Error to shared memory
write short holdingRegisters(1,129)=ERR Error to shared memory
write short holdingRegisters(1,130)=ERR Error to shared memory
write short holdingRegisters(1,131)=ERR Error to shared memory
write short holdingRegisters(1,132)=ERR Error to shared memory
write short holdingRegisters(1,133)=ERR Error to shared memory
write short holdingRegisters(1,134)=ERR Error to shared memory
write short holdingRegisters(1,135)=ERR Error to shared memory
write short holdingRegisters(1,136)=ERR Error to shared memory
write short holdingRegisters(1,137)=ERR Error to shared memory
write short holdingRegisters(1,138)=ERR Error to shared memory
write short holdingRegisters(1,139)=ERR Error to shared memory
write short holdingRegisters(1,140)=ERR Error to shared memory
write short holdingRegisters(1,141)=ERR Error to shared memory
write short holdingRegisters(1,142)=ERR Error to shared memory
write short holdingRegisters(1,143)=ERR Error to shared memory
write short holdingRegisters(1,144)=ERR Error to shared memory
write short holdingRegisters(1,145)=ERR Error to shared memory
write short holdingRegisters(1,146)=ERR Error to shared memory
write short holdingRegisters(1,147)=ERR Error to shared memory
write short holdingRegisters(1,148)=ERR Error to shared memory
write short holdingRegisters(1,149)=ERR Error to shared memory
modbusCycle not polling slave1: poll_slave_counter[1]=8
modbusCycle returned error
write short holdingRegisters(1,150)=ERR Error to shared memory
write short holdingRegisters(1,151)=ERR Error to shared memory
write short holdingRegisters(1,152)=ERR Error to shared memory
write short holdingRegisters(1,153)=ERR Error to shared memory
write short holdingRegisters(1,154)=ERR Error to shared memory
write short holdingRegisters(1,155)=ERR Error to shared memory
write short holdingRegisters(1,156)=ERR Error to shared memory
write short holdingRegisters(1,157)=ERR Error to shared memory
write short holdingRegisters(1,158)=ERR Error to shared memory
write short holdingRegisters(1,159)=ERR Error to shared memory
write short holdingRegisters(1,160)=ERR Error to shared memory
write short holdingRegisters(1,161)=ERR Error to shared memory
write short holdingRegisters(1,162)=ERR Error to shared memory
write short holdingRegisters(1,163)=ERR Error to shared memory
write short holdingRegisters(1,164)=ERR Error to shared memory
write short holdingRegisters(1,165)=ERR Error to shared memory
write short holdingRegisters(1,166)=ERR Error to shared memory
write short holdingRegisters(1,167)=ERR Error to shared memory
write short holdingRegisters(1,168)=ERR Error to shared memory
write short holdingRegisters(1,169)=ERR Error to shared memory
write short holdingRegisters(1,170)=ERR Error to shared memory
write short holdingRegisters(1,171)=ERR Error to shared memory
write short holdingRegisters(1,172)=ERR Error to shared memory
write short holdingRegisters(1,173)=ERR Error to shared memory
write short holdingRegisters(1,174)=ERR Error to shared memory
write short holdingRegisters(1,175)=ERR Error to shared memory
write short holdingRegisters(1,176)=ERR Error to shared memory
write short holdingRegisters(1,177)=ERR Error to shared memory
write short holdingRegisters(1,178)=ERR Error to shared memory
write short holdingRegisters(1,179)=ERR Error to shared memory
write short holdingRegisters(1,180)=ERR Error to shared memory
write short holdingRegisters(1,181)=ERR Error to shared memory
write short holdingRegisters(1,182)=ERR Error to shared memory
write short holdingRegisters(1,183)=ERR Error to shared memory
write short holdingRegisters(1,184)=ERR Error to shared memory
write short holdingRegisters(1,185)=ERR Error to shared memory
write short holdingRegisters(1,186)=ERR Error to shared memory
write short holdingRegisters(1,187)=ERR Error to shared memory
write short holdingRegisters(1,188)=ERR Error to shared memory
write short holdingRegisters(1,189)=ERR Error to shared memory
write short holdingRegisters(1,190)=ERR Error to shared memory
write short holdingRegisters(1,191)=ERR Error to shared memory
write short holdingRegisters(1,192)=ERR Error to shared memory
write short holdingRegisters(1,193)=ERR Error to shared memory
write short holdingRegisters(1,194)=ERR Error to shared memory
write short holdingRegisters(1,195)=ERR Error to shared memory
write short holdingRegisters(1,196)=ERR Error to shared memory
write short holdingRegisters(1,197)=ERR Error to shared memory
write short holdingRegisters(1,198)=ERR Error to shared memory
write short holdingRegisters(1,199)=ERR Error to shared memory
modbusCycle not polling slave1: poll_slave_counter[1]=7
modbusCycle returned error
write short holdingRegisters(1,200)=ERR Error to shared memory
write short holdingRegisters(1,201)=ERR Error to shared memory
write short holdingRegisters(1,202)=ERR Error to shared memory
write short holdingRegisters(1,203)=ERR Error to shared memory
write short holdingRegisters(1,204)=ERR Error to shared memory
write short holdingRegisters(1,205)=ERR Error to shared memory
write short holdingRegisters(1,206)=ERR Error to shared memory
write short holdingRegisters(1,207)=ERR Error to shared memory
write short holdingRegisters(1,208)=ERR Error to shared memory
write short holdingRegisters(1,209)=ERR Error to shared memory
write short holdingRegisters(1,210)=ERR Error to shared memory
write short holdingRegisters(1,211)=ERR Error to shared memory
write short holdingRegisters(1,212)=ERR Error to shared memory
write short holdingRegisters(1,213)=ERR Error to shared memory
write short holdingRegisters(1,214)=ERR Error to shared memory
write short holdingRegisters(1,215)=ERR Error to shared memory
write short holdingRegisters(1,216)=ERR Error to shared memory
write short holdingRegisters(1,217)=ERR Error to shared memory
write short holdingRegisters(1,218)=ERR Error to shared memory
write short holdingRegisters(1,219)=ERR Error to shared memory
write short holdingRegisters(1,220)=ERR Error to shared memory
write short holdingRegisters(1,221)=ERR Error to shared memory
write short holdingRegisters(1,222)=ERR Error to shared memory
write short holdingRegisters(1,223)=ERR Error to shared memory
write short holdingRegisters(1,224)=ERR Error to shared memory
write short holdingRegisters(1,225)=ERR Error to shared memory
write short holdingRegisters(1,226)=ERR Error to shared memory
write short holdingRegisters(1,227)=ERR Error to shared memory
write short holdingRegisters(1,228)=ERR Error to shared memory
write short holdingRegisters(1,229)=ERR Error to shared memory
write short holdingRegisters(1,230)=ERR Error to shared memory
write short holdingRegisters(1,231)=ERR Error to shared memory
write short holdingRegisters(1,232)=ERR Error to shared memory
write short holdingRegisters(1,233)=ERR Error to shared memory
write short holdingRegisters(1,234)=ERR Error to shared memory
write short holdingRegisters(1,235)=ERR Error to shared memory
write short holdingRegisters(1,236)=ERR Error to shared memory
write short holdingRegisters(1,237)=ERR Error to shared memory
write short holdingRegisters(1,238)=ERR Error to shared memory
write short holdingRegisters(1,239)=ERR Error to shared memory
write short holdingRegisters(1,240)=ERR Error to shared memory
write short holdingRegisters(1,241)=ERR Error to shared memory
write short holdingRegisters(1,242)=ERR Error to shared memory
write short holdingRegisters(1,243)=ERR Error to shared memory
write short holdingRegisters(1,244)=ERR Error to shared memory
write short holdingRegisters(1,245)=ERR Error to shared memory
write short holdingRegisters(1,246)=ERR Error to shared memory
write short holdingRegisters(1,247)=ERR Error to shared memory
write short holdingRegisters(1,248)=ERR Error to shared memory
write short holdingRegisters(1,249)=ERR Error to shared memory
modbusCycle not polling slave1: poll_slave_counter[1]=6
modbusCycle returned error
write short holdingRegisters(1,100)=ERR Error to shared memory
write short holdingRegisters(1,101)=ERR Error to shared memory
write short holdingRegisters(1,102)=ERR Error to shared memory
write short holdingRegisters(1,103)=ERR Error to shared memory
write short holdingRegisters(1,104)=ERR Error to shared memory
write short holdingRegisters(1,105)=ERR Error to shared memory
write short holdingRegisters(1,106)=ERR Error to shared memory
write short holdingRegisters(1,107)=ERR Error to shared memory
write short holdingRegisters(1,108)=ERR Error to shared memory
write short holdingRegisters(1,109)=ERR Error to shared memory
write short holdingRegisters(1,110)=ERR Error to shared memory
write short holdingRegisters(1,111)=ERR Error to shared memory
write short holdingRegisters(1,112)=ERR Error to shared memory
write short holdingRegisters(1,113)=ERR Error to shared memory
write short holdingRegisters(1,114)=ERR Error to shared memory
write short holdingRegisters(1,115)=ERR Error to shared memory
write short holdingRegisters(1,116)=ERR Error to shared memory
write short holdingRegisters(1,117)=ERR Error to shared memory
write short holdingRegisters(1,118)=ERR Error to shared memory
write short holdingRegisters(1,119)=ERR Error to shared memory
write short holdingRegisters(1,120)=ERR Error to shared memory
write short holdingRegisters(1,121)=ERR Error to shared memory
write short holdingRegisters(1,122)=ERR Error to shared memory
write short holdingRegisters(1,123)=ERR Error to shared memory
write short holdingRegisters(1,124)=ERR Error to shared memory
write short holdingRegisters(1,125)=ERR Error to shared memory
write short holdingRegisters(1,126)=ERR Error to shared memory
write short holdingRegisters(1,127)=ERR Error to shared memory
write short holdingRegisters(1,128)=ERR Error to shared memory
write short holdingRegisters(1,129)=ERR Error to shared memory
write short holdingRegisters(1,130)=ERR Error to shared memory
write short holdingRegisters(1,131)=ERR Error to shared memory
write short holdingRegisters(1,132)=ERR Error to shared memory
write short holdingRegisters(1,133)=ERR Error to shared memory
write short holdingRegisters(1,134)=ERR Error to shared memory
write short holdingRegisters(1,135)=ERR Error to shared memory
write short holdingRegisters(1,136)=ERR Error to shared memory
write short holdingRegisters(1,137)=ERR Error to shared memory
write short holdingRegisters(1,138)=ERR Error to shared memory
write short holdingRegisters(1,139)=ERR Error to shared memory
write short holdingRegisters(1,140)=ERR Error to shared memory
write short holdingRegisters(1,141)=ERR Error to shared memory
write short holdingRegisters(1,142)=ERR Error to shared memory
write short holdingRegisters(1,143)=ERR Error to shared memory
write short holdingRegisters(1,144)=ERR Error to shared memory
write short holdingRegisters(1,145)=ERR Error to shared memory
write short holdingRegisters(1,146)=ERR Error to shared memory
write short holdingRegisters(1,147)=ERR Error to shared memory
write short holdingRegisters(1,148)=ERR Error to shared memory
write short holdingRegisters(1,149)=ERR Error to shared memory
modbusCycle not polling slave1: poll_slave_counter[1]=5
modbusCycle returned error
write short holdingRegisters(1,150)=ERR Error to shared memory
write short holdingRegisters(1,151)=ERR Error to shared memory
write short holdingRegisters(1,152)=ERR Error to shared memory
write short holdingRegisters(1,153)=ERR Error to shared memory
write short holdingRegisters(1,154)=ERR Error to shared memory
write short holdingRegisters(1,155)=ERR Error to shared memory
write short holdingRegisters(1,156)=ERR Error to shared memory
write short holdingRegisters(1,157)=ERR Error to shared memory
write short holdingRegisters(1,158)=ERR Error to shared memory
write short holdingRegisters(1,159)=ERR Error to shared memory
write short holdingRegisters(1,160)=ERR Error to shared memory
write short holdingRegisters(1,161)=ERR Error to shared memory
write short holdingRegisters(1,162)=ERR Error to shared memory
write short holdingRegisters(1,163)=ERR Error to shared memory
write short holdingRegisters(1,164)=ERR Error to shared memory
write short holdingRegisters(1,165)=ERR Error to shared memory
write short holdingRegisters(1,166)=ERR Error to shared memory
write short holdingRegisters(1,167)=ERR Error to shared memory
write short holdingRegisters(1,168)=ERR Error to shared memory
write short holdingRegisters(1,169)=ERR Error to shared memory
write short holdingRegisters(1,170)=ERR Error to shared memory
write short holdingRegisters(1,171)=ERR Error to shared memory
write short holdingRegisters(1,172)=ERR Error to shared memory
write short holdingRegisters(1,173)=ERR Error to shared memory
write short holdingRegisters(1,174)=ERR Error to shared memory
write short holdingRegisters(1,175)=ERR Error to shared memory
write short holdingRegisters(1,176)=ERR Error to shared memory
write short holdingRegisters(1,177)=ERR Error to shared memory
write short holdingRegisters(1,178)=ERR Error to shared memory
write short holdingRegisters(1,179)=ERR Error to shared memory
write short holdingRegisters(1,180)=ERR Error to shared memory
write short holdingRegisters(1,181)=ERR Error to shared memory
write short holdingRegisters(1,182)=ERR Error to shared memory
write short holdingRegisters(1,183)=ERR Error to shared memory
write short holdingRegisters(1,184)=ERR Error to shared memory
write short holdingRegisters(1,185)=ERR Error to shared memory
write short holdingRegisters(1,186)=ERR Error to shared memory
write short holdingRegisters(1,187)=ERR Error to shared memory
write short holdingRegisters(1,188)=ERR Error to shared memory
write short holdingRegisters(1,189)=ERR Error to shared memory
write short holdingRegisters(1,190)=ERR Error to shared memory
write short holdingRegisters(1,191)=ERR Error to shared memory
write short holdingRegisters(1,192)=ERR Error to shared memory
write short holdingRegisters(1,193)=ERR Error to shared memory
write short holdingRegisters(1,194)=ERR Error to shared memory
write short holdingRegisters(1,195)=ERR Error to shared memory
write short holdingRegisters(1,196)=ERR Error to shared memory
write short holdingRegisters(1,197)=ERR Error to shared memory
write short holdingRegisters(1,198)=ERR Error to shared memory
write short holdingRegisters(1,199)=ERR Error to shared memory
modbusCycle not polling slave1: poll_slave_counter[1]=4
modbusCycle returned error
write short holdingRegisters(1,200)=ERR Error to shared memory
write short holdingRegisters(1,201)=ERR Error to shared memory
write short holdingRegisters(1,202)=ERR Error to shared memory
write short holdingRegisters(1,203)=ERR Error to shared memory
write short holdingRegisters(1,204)=ERR Error to shared memory
write short holdingRegisters(1,205)=ERR Error to shared memory
write short holdingRegisters(1,206)=ERR Error to shared memory
write short holdingRegisters(1,207)=ERR Error to shared memory
write short holdingRegisters(1,208)=ERR Error to shared memory
write short holdingRegisters(1,209)=ERR Error to shared memory
write short holdingRegisters(1,210)=ERR Error to shared memory
write short holdingRegisters(1,211)=ERR Error to shared memory
write short holdingRegisters(1,212)=ERR Error to shared memory
write short holdingRegisters(1,213)=ERR Error to shared memory
write short holdingRegisters(1,214)=ERR Error to shared memory
write short holdingRegisters(1,215)=ERR Error to shared memory
write short holdingRegisters(1,216)=ERR Error to shared memory
write short holdingRegisters(1,217)=ERR Error to shared memory
write short holdingRegisters(1,218)=ERR Error to shared memory
write short holdingRegisters(1,219)=ERR Error to shared memory
write short holdingRegisters(1,220)=ERR Error to shared memory
write short holdingRegisters(1,221)=ERR Error to shared memory
write short holdingRegisters(1,222)=ERR Error to shared memory
write short holdingRegisters(1,223)=ERR Error to shared memory
write short holdingRegisters(1,224)=ERR Error to shared memory
write short holdingRegisters(1,225)=ERR Error to shared memory
write short holdingRegisters(1,226)=ERR Error to shared memory
write short holdingRegisters(1,227)=ERR Error to shared memory
write short holdingRegisters(1,228)=ERR Error to shared memory
write short holdingRegisters(1,229)=ERR Error to shared memory
write short holdingRegisters(1,230)=ERR Error to shared memory
write short holdingRegisters(1,231)=ERR Error to shared memory
write short holdingRegisters(1,232)=ERR Error to shared memory
write short holdingRegisters(1,233)=ERR Error to shared memory
write short holdingRegisters(1,234)=ERR Error to shared memory
write short holdingRegisters(1,235)=ERR Error to shared memory
write short holdingRegisters(1,236)=ERR Error to shared memory
write short holdingRegisters(1,237)=ERR Error to shared memory
write short holdingRegisters(1,238)=ERR Error to shared memory
write short holdingRegisters(1,239)=ERR Error to shared memory
write short holdingRegisters(1,240)=ERR Error to shared memory
write short holdingRegisters(1,241)=ERR Error to shared memory
write short holdingRegisters(1,242)=ERR Error to shared memory
write short holdingRegisters(1,243)=ERR Error to shared memory
write short holdingRegisters(1,244)=ERR Error to shared memory
write short holdingRegisters(1,245)=ERR Error to shared memory
write short holdingRegisters(1,246)=ERR Error to shared memory
write short holdingRegisters(1,247)=ERR Error to shared memory
write short holdingRegisters(1,248)=ERR Error to shared memory
write short holdingRegisters(1,249)=ERR Error to shared memory
modbusCycle not polling slave1: poll_slave_counter[1]=3
modbusCycle returned error
write short holdingRegisters(1,100)=ERR Error to shared memory
write short holdingRegisters(1,101)=ERR Error to shared memory
write short holdingRegisters(1,102)=ERR Error to shared memory
write short holdingRegisters(1,103)=ERR Error to shared memory
write short holdingRegisters(1,104)=ERR Error to shared memory
write short holdingRegisters(1,105)=ERR Error to shared memory
write short holdingRegisters(1,106)=ERR Error to shared memory
write short holdingRegisters(1,107)=ERR Error to shared memory
write short holdingRegisters(1,108)=ERR Error to shared memory
write short holdingRegisters(1,109)=ERR Error to shared memory
write short holdingRegisters(1,110)=ERR Error to shared memory
write short holdingRegisters(1,111)=ERR Error to shared memory
write short holdingRegisters(1,112)=ERR Error to shared memory
write short holdingRegisters(1,113)=ERR Error to shared memory
write short holdingRegisters(1,114)=ERR Error to shared memory
write short holdingRegisters(1,115)=ERR Error to shared memory
write short holdingRegisters(1,116)=ERR Error to shared memory
write short holdingRegisters(1,117)=ERR Error to shared memory
write short holdingRegisters(1,118)=ERR Error to shared memory
write short holdingRegisters(1,119)=ERR Error to shared memory
write short holdingRegisters(1,120)=ERR Error to shared memory
write short holdingRegisters(1,121)=ERR Error to shared memory
write short holdingRegisters(1,122)=ERR Error to shared memory
write short holdingRegisters(1,123)=ERR Error to shared memory
write short holdingRegisters(1,124)=ERR Error to shared memory
write short holdingRegisters(1,125)=ERR Error to shared memory
write short holdingRegisters(1,126)=ERR Error to shared memory
write short holdingRegisters(1,127)=ERR Error to shared memory
write short holdingRegisters(1,128)=ERR Error to shared memory
write short holdingRegisters(1,129)=ERR Error to shared memory
write short holdingRegisters(1,130)=ERR Error to shared memory
write short holdingRegisters(1,131)=ERR Error to shared memory
write short holdingRegisters(1,132)=ERR Error to shared memory
write short holdingRegisters(1,133)=ERR Error to shared memory
write short holdingRegisters(1,134)=ERR Error to shared memory
write short holdingRegisters(1,135)=ERR Error to shared memory
write short holdingRegisters(1,136)=ERR Error to shared memory
write short holdingRegisters(1,137)=ERR Error to shared memory
write short holdingRegisters(1,138)=ERR Error to shared memory
write short holdingRegisters(1,139)=ERR Error to shared memory
write short holdingRegisters(1,140)=ERR Error to shared memory
write short holdingRegisters(1,141)=ERR Error to shared memory
write short holdingRegisters(1,142)=ERR Error to shared memory
write short holdingRegisters(1,143)=ERR Error to shared memory
write short holdingRegisters(1,144)=ERR Error to shared memory
write short holdingRegisters(1,145)=ERR Error to shared memory
write short holdingRegisters(1,146)=ERR Error to shared memory
write short holdingRegisters(1,147)=ERR Error to shared memory
write short holdingRegisters(1,148)=ERR Error to shared memory
write short holdingRegisters(1,149)=ERR Error to shared memory
modbusCycle not polling slave1: poll_slave_counter[1]=2
modbusCycle returned error
write short holdingRegisters(1,150)=ERR Error to shared memory
write short holdingRegisters(1,151)=ERR Error to shared memory
write short holdingRegisters(1,152)=ERR Error to shared memory
write short holdingRegisters(1,153)=ERR Error to shared memory
write short holdingRegisters(1,154)=ERR Error to shared memory
write short holdingRegisters(1,155)=ERR Error to shared memory
write short holdingRegisters(1,156)=ERR Error to shared memory
write short holdingRegisters(1,157)=ERR Error to shared memory
write short holdingRegisters(1,158)=ERR Error to shared memory
write short holdingRegisters(1,159)=ERR Error to shared memory
write short holdingRegisters(1,160)=ERR Error to shared memory
write short holdingRegisters(1,161)=ERR Error to shared memory
write short holdingRegisters(1,162)=ERR Error to shared memory
write short holdingRegisters(1,163)=ERR Error to shared memory
write short holdingRegisters(1,164)=ERR Error to shared memory
write short holdingRegisters(1,165)=ERR Error to shared memory
write short holdingRegisters(1,166)=ERR Error to shared memory
write short holdingRegisters(1,167)=ERR Error to shared memory
write short holdingRegisters(1,168)=ERR Error to shared memory
write short holdingRegisters(1,169)=ERR Error to shared memory
write short holdingRegisters(1,170)=ERR Error to shared memory
write short holdingRegisters(1,171)=ERR Error to shared memory
write short holdingRegisters(1,172)=ERR Error to shared memory
write short holdingRegisters(1,173)=ERR Error to shared memory
write short holdingRegisters(1,174)=ERR Error to shared memory
write short holdingRegisters(1,175)=ERR Error to shared memory
write short holdingRegisters(1,176)=ERR Error to shared memory
write short holdingRegisters(1,177)=ERR Error to shared memory
write short holdingRegisters(1,178)=ERR Error to shared memory
write short holdingRegisters(1,179)=ERR Error to shared memory
write short holdingRegisters(1,180)=ERR Error to shared memory
write short holdingRegisters(1,181)=ERR Error to shared memory
write short holdingRegisters(1,182)=ERR Error to shared memory
write short holdingRegisters(1,183)=ERR Error to shared memory
write short holdingRegisters(1,184)=ERR Error to shared memory
write short holdingRegisters(1,185)=ERR Error to shared memory
write short holdingRegisters(1,186)=ERR Error to shared memory
write short holdingRegisters(1,187)=ERR Error to shared memory
write short holdingRegisters(1,188)=ERR Error to shared memory
write short holdingRegisters(1,189)=ERR Error to shared memory
write short holdingRegisters(1,190)=ERR Error to shared memory
write short holdingRegisters(1,191)=ERR Error to shared memory
write short holdingRegisters(1,192)=ERR Error to shared memory
write short holdingRegisters(1,193)=ERR Error to shared memory
write short holdingRegisters(1,194)=ERR Error to shared memory
write short holdingRegisters(1,195)=ERR Error to shared memory
write short holdingRegisters(1,196)=ERR Error to shared memory
write short holdingRegisters(1,197)=ERR Error to shared memory
write short holdingRegisters(1,198)=ERR Error to shared memory
write short holdingRegisters(1,199)=ERR Error to shared memory
modbusCycle not polling slave1: poll_slave_counter[1]=1
modbusRequest: var=holdingRegisters : slave=1 function=3 start_adr=200 num_register=50
modbusResponse: ret=-1 slave=1 function=3 data=00 00 00 00
modbusCycle returned error
write short holdingRegisters(1,200)=ERR Error to shared memory
write short holdingRegisters(1,201)=ERR Error to shared memory
write short holdingRegisters(1,202)=ERR Error to shared memory
write short holdingRegisters(1,203)=ERR Error to shared memory
write short holdingRegisters(1,204)=ERR Error to shared memory
write short holdingRegisters(1,205)=ERR Error to shared memory
write short holdingRegisters(1,206)=ERR Error to shared memory
write short holdingRegisters(1,207)=ERR Error to shared memory
write short holdingRegisters(1,208)=ERR Error to shared memory
write short holdingRegisters(1,209)=ERR Error to shared memory
write short holdingRegisters(1,210)=ERR Error to shared memory
write short holdingRegisters(1,211)=ERR Error to shared memory
write short holdingRegisters(1,212)=ERR Error to shared memory
write short holdingRegisters(1,213)=ERR Error to shared memory
write short holdingRegisters(1,214)=ERR Error to shared memory
write short holdingRegisters(1,215)=ERR Error to shared memory
write short holdingRegisters(1,216)=ERR Error to shared memory
write short holdingRegisters(1,217)=ERR Error to shared memory
write short holdingRegisters(1,218)=ERR Error to shared memory
write short holdingRegisters(1,219)=ERR Error to shared memory
write short holdingRegisters(1,220)=ERR Error to shared memory
write short holdingRegisters(1,221)=ERR Error to shared memory
write short holdingRegisters(1,222)=ERR Error to shared memory
write short holdingRegisters(1,223)=ERR Error to shared memory
write short holdingRegisters(1,224)=ERR Error to shared memory
write short holdingRegisters(1,225)=ERR Error to shared memory
write short holdingRegisters(1,226)=ERR Error to shared memory
write short holdingRegisters(1,227)=ERR Error to shared memory
write short holdingRegisters(1,228)=ERR Error to shared memory
write short holdingRegisters(1,229)=ERR Error to shared memory
write short holdingRegisters(1,230)=ERR Error to shared memory
write short holdingRegisters(1,231)=ERR Error to shared memory
write short holdingRegisters(1,232)=ERR Error to shared memory
write short holdingRegisters(1,233)=ERR Error to shared memory
write short holdingRegisters(1,234)=ERR Error to shared memory
write short holdingRegisters(1,235)=ERR Error to shared memory
write short holdingRegisters(1,236)=ERR Error to shared memory
write short holdingRegisters(1,237)=ERR Error to shared memory
write short holdingRegisters(1,238)=ERR Error to shared memory
write short holdingRegisters(1,239)=ERR Error to shared memory
write short holdingRegisters(1,240)=ERR Error to shared memory
write short holdingRegisters(1,241)=ERR Error to shared memory
write short holdingRegisters(1,242)=ERR Error to shared memory
write short holdingRegisters(1,243)=ERR Error to shared memory
write short holdingRegisters(1,244)=ERR Error to shared memory
write short holdingRegisters(1,245)=ERR Error to shared memory
write short holdingRegisters(1,246)=ERR Error to shared memory
write short holdingRegisters(1,247)=ERR Error to shared memory
write short holdingRegisters(1,248)=ERR Error to shared memory
write short holdingRegisters(1,249)=ERR Error to shared memory
modbusCycle not polling slave1: poll_slave_counter[1]=10
modbusCycle returned error
write short holdingRegisters(1,100)=ERR Error to shared memory
write short holdingRegisters(1,101)=ERR Error to shared memory
write short holdingRegisters(1,102)=ERR Error to shared memory
write short holdingRegisters(1,103)=ERR Error to shared memory
write short holdingRegisters(1,104)=ERR Error to shared memory
write short holdingRegisters(1,105)=ERR Error to shared memory
write short holdingRegisters(1,106)=ERR Error to shared memory
write short holdingRegisters(1,107)=ERR Error to shared memory
write short holdingRegisters(1,108)=ERR Error to shared memory
write short holdingRegisters(1,109)=ERR Error to shared memory
write short holdingRegisters(1,110)=ERR Error to shared memory
write short holdingRegisters(1,111)=ERR Error to shared memory
write short holdingRegisters(1,112)=ERR Error to shared memory
write short holdingRegisters(1,113)=ERR Error to shared memory
write short holdingRegisters(1,114)=ERR Error to shared memory
write short holdingRegisters(1,115)=ERR Error to shared memory
write short holdingRegisters(1,116)=ERR Error to shared memory
write short holdingRegisters(1,117)=ERR Error to shared memory
write short holdingRegisters(1,118)=ERR Error to shared memory
write short holdingRegisters(1,119)=ERR Error to shared memory
write short holdingRegisters(1,120)=ERR Error to shared memory
write short holdingRegisters(1,121)=ERR Error to shared memory
write short holdingRegisters(1,122)=ERR Error to shared memory
write short holdingRegisters(1,123)=ERR Error to shared memory
write short holdingRegisters(1,124)=ERR Error to shared memory
write short holdingRegisters(1,125)=ERR Error to shared memory
write short holdingRegisters(1,126)=ERR Error to shared memory
write short holdingRegisters(1,127)=ERR Error to shared memory
write short holdingRegisters(1,128)=ERR Error to shared memory
write short holdingRegisters(1,129)=ERR Error to shared memory
write short holdingRegisters(1,130)=ERR Error to shared memory
write short holdingRegisters(1,131)=ERR Error to shared memory
write short holdingRegisters(1,132)=ERR Error to shared memory
write short holdingRegisters(1,133)=ERR Error to shared memory
write short holdingRegisters(1,134)=ERR Error to shared memory
write short holdingRegisters(1,135)=ERR Error to shared memory
write short holdingRegisters(1,136)=ERR Error to shared memory
write short holdingRegisters(1,137)=ERR Error to shared memory
write short holdingRegisters(1,138)=ERR Error to shared memory
write short holdingRegisters(1,139)=ERR Error to shared memory
write short holdingRegisters(1,140)=ERR Error to shared memory
write short holdingRegisters(1,141)=ERR Error to shared memory
write short holdingRegisters(1,142)=ERR Error to shared memory
write short holdingRegisters(1,143)=ERR Error to shared memory
write short holdingRegisters(1,144)=ERR Error to shared memory
write short holdingRegisters(1,145)=ERR Error to shared memory
write short holdingRegisters(1,146)=ERR Error to shared memory
write short holdingRegisters(1,147)=ERR Error to shared memory
write short holdingRegisters(1,148)=ERR Error to shared memory
write short holdingRegisters(1,149)=ERR Error to shared memory
modbusCycle not polling slave1: poll_slave_counter[1]=9
modbusCycle returned error
write short holdingRegisters(1,150)=ERR Error to shared memory
write short holdingRegisters(1,151)=ERR Error to shared memory
write short holdingRegisters(1,152)=ERR Error to shared memory
write short holdingRegisters(1,153)=ERR Error to shared memory
write short holdingRegisters(1,154)=ERR Error to shared memory
write short holdingRegisters(1,155)=ERR Error to shared memory
write short holdingRegisters(1,156)=ERR Error to shared memory
write short holdingRegisters(1,157)=ERR Error to shared memory
write short holdingRegisters(1,158)=ERR Error to shared memory
write short holdingRegisters(1,159)=ERR Error to shared memory
write short holdingRegisters(1,160)=ERR Error to shared memory
write short holdingRegisters(1,161)=ERR Error to shared memory
write short holdingRegisters(1,162)=ERR Error to shared memory
write short holdingRegisters(1,163)=ERR Error to shared memory
write short holdingRegisters(1,164)=ERR Error to shared memory
write short holdingRegisters(1,165)=ERR Error to shared memory
write short holdingRegisters(1,166)=ERR Error to shared memory
write short holdingRegisters(1,167)=ERR Error to shared memory
write short holdingRegisters(1,168)=ERR Error to shared memory
write short holdingRegisters(1,169)=ERR Error to shared memory
write short holdingRegisters(1,170)=ERR Error to shared memory
write short holdingRegisters(1,171)=ERR Error to shared memory
write short holdingRegisters(1,172)=ERR Error to shared memory
write short holdingRegisters(1,173)=ERR Error to shared memory
write short holdingRegisters(1,174)=ERR Error to shared memory
write short holdingRegisters(1,175)=ERR Error to shared memory
write short holdingRegisters(1,176)=ERR Error to shared memory
write short holdingRegisters(1,177)=ERR Error to shared memory
write short holdingRegisters(1,178)=ERR Error to shared memory
write short holdingRegisters(1,179)=ERR Error to shared memory
write short holdingRegisters(1,180)=ERR Error to shared memory
write short holdingRegisters(1,181)=ERR Error to shared memory
write short holdingRegisters(1,182)=ERR Error to shared memory
write short holdingRegisters(1,183)=ERR Error to shared memory
write short holdingRegisters(1,184)=ERR Error to shared memory
write short holdingRegisters(1,185)=ERR Error to shared memory
write short holdingRegisters(1,186)=ERR Error to shared memory
write short holdingRegisters(1,187)=ERR Error to shared memory
write short holdingRegisters(1,188)=ERR Error to shared memory
write short holdingRegisters(1,189)=ERR Error to shared memory
write short holdingRegisters(1,190)=ERR Error to shared memory
write short holdingRegisters(1,191)=ERR Error to shared memory
write short holdingRegisters(1,192)=ERR Error to shared memory
write short holdingRegisters(1,193)=ERR Error to shared memory
write short holdingRegisters(1,194)=ERR Error to shared memory
write short holdingRegisters(1,195)=ERR Error to shared memory
write short holdingRegisters(1,196)=ERR Error to shared memory
write short holdingRegisters(1,197)=ERR Error to shared memory
write short holdingRegisters(1,198)=ERR Error to shared memory
write short holdingRegisters(1,199)=ERR Error to shared memory
modbusCycle not polling slave1: poll_slave_counter[1]=8
modbusCycle returned error
write short holdingRegisters(1,200)=ERR Error to shared memory
write short holdingRegisters(1,201)=ERR Error to shared memory
write short holdingRegisters(1,202)=ERR Error to shared memory
write short holdingRegisters(1,203)=ERR Error to shared memory
write short holdingRegisters(1,204)=ERR Error to shared memory
write short holdingRegisters(1,205)=ERR Error to shared memory
write short holdingRegisters(1,206)=ERR Error to shared memory
write short holdingRegisters(1,207)=ERR Error to shared memory
write short holdingRegisters(1,208)=ERR Error to shared memory
write short holdingRegisters(1,209)=ERR Error to shared memory
write short holdingRegisters(1,210)=ERR Error to shared memory
write short holdingRegisters(1,211)=ERR Error to shared memory
write short holdingRegisters(1,212)=ERR Error to shared memory
write short holdingRegisters(1,213)=ERR Error to shared memory
write short holdingRegisters(1,214)=ERR Error to shared memory
write short holdingRegisters(1,215)=ERR Error to shared memory
write short holdingRegisters(1,216)=ERR Error to shared memory
write short holdingRegisters(1,217)=ERR Error to shared memory
write short holdingRegisters(1,218)=ERR Error to shared memory
write short holdingRegisters(1,219)=ERR Error to shared memory
write short holdingRegisters(1,220)=ERR Error to shared memory
write short holdingRegisters(1,221)=ERR Error to shared memory
write short holdingRegisters(1,222)=ERR Error to shared memory
write short holdingRegisters(1,223)=ERR Error to shared memory
write short holdingRegisters(1,224)=ERR Error to shared memory
write short holdingRegisters(1,225)=ERR Error to shared memory
write short holdingRegisters(1,226)=ERR Error to shared memory
write short holdingRegisters(1,227)=ERR Error to shared memory
write short holdingRegisters(1,228)=ERR Error to shared memory
write short holdingRegisters(1,229)=ERR Error to shared memory
write short holdingRegisters(1,230)=ERR Error to shared memory
write short holdingRegisters(1,231)=ERR Error to shared memory
write short holdingRegisters(1,232)=ERR Error to shared memory
write short holdingRegisters(1,233)=ERR Error to shared memory
write short holdingRegisters(1,234)=ERR Error to shared memory
write short holdingRegisters(1,235)=ERR Error to shared memory
write short holdingRegisters(1,236)=ERR Error to shared memory
write short holdingRegisters(1,237)=ERR Error to shared memory
write short holdingRegisters(1,238)=ERR Error to shared memory
write short holdingRegisters(1,239)=ERR Error to shared memory
write short holdingRegisters(1,240)=ERR Error to shared memory
write short holdingRegisters(1,241)=ERR Error to shared memory
write short holdingRegisters(1,242)=ERR Error to shared memory
write short holdingRegisters(1,243)=ERR Error to shared memory
write short holdingRegisters(1,244)=ERR Error to shared memory
write short holdingRegisters(1,245)=ERR Error to shared memory
write short holdingRegisters(1,246)=ERR Error to shared memory
write short holdingRegisters(1,247)=ERR Error to shared memory
write short holdingRegisters(1,248)=ERR Error to shared memory
write short holdingRegisters(1,249)=ERR Error to shared memory
modbusCycle not polling slave1: poll_slave_counter[1]=7
modbusCycle returned error
write short holdingRegisters(1,100)=ERR Error to shared memory
write short holdingRegisters(1,101)=ERR Error to shared memory
write short holdingRegisters(1,102)=ERR Error to shared memory
write short holdingRegisters(1,103)=ERR Error to shared memory
write short holdingRegisters(1,104)=ERR Error to shared memory
write short holdingRegisters(1,105)=ERR Error to shared memory
write short holdingRegisters(1,106)=ERR Error to shared memory
write short holdingRegisters(1,107)=ERR Error to shared memory
write short holdingRegisters(1,108)=ERR Error to shared memory
write short holdingRegisters(1,109)=ERR Error to shared memory
write short holdingRegisters(1,110)=ERR Error to shared memory
write short holdingRegisters(1,111)=ERR Error to shared memory
write short holdingRegisters(1,112)=ERR Error to shared memory
write short holdingRegisters(1,113)=ERR Error to shared memory
write short holdingRegisters(1,114)=ERR Error to shared memory
write short holdingRegisters(1,115)=ERR Error to shared memory
write short holdingRegisters(1,116)=ERR Error to shared memory
write short holdingRegisters(1,117)=ERR Error to shared memory
write short holdingRegisters(1,118)=ERR Error to shared memory
write short holdingRegisters(1,119)=ERR Error to shared memory
write short holdingRegisters(1,120)=ERR Error to shared memory
write short holdingRegisters(1,121)=ERR Error to shared memory
write short holdingRegisters(1,122)=ERR Error to shared memory
write short holdingRegisters(1,123)=ERR Error to shared memory
write short holdingRegisters(1,124)=ERR Error to shared memory
write short holdingRegisters(1,125)=ERR Error to shared memory
write short holdingRegisters(1,126)=ERR Error to shared memory
write short holdingRegisters(1,127)=ERR Error to shared memory
write short holdingRegisters(1,128)=ERR Error to shared memory
write short holdingRegisters(1,129)=ERR Error to shared memory
write short holdingRegisters(1,130)=ERR Error to shared memory
write short holdingRegisters(1,131)=ERR Error to shared memory
write short holdingRegisters(1,132)=ERR Error to shared memory
write short holdingRegisters(1,133)=ERR Error to shared memory
write short holdingRegisters(1,134)=ERR Error to shared memory
write short holdingRegisters(1,135)=ERR Error to shared memory
write short holdingRegisters(1,136)=ERR Error to shared memory
write short holdingRegisters(1,137)=ERR Error to shared memory
write short holdingRegisters(1,138)=ERR Error to shared memory
write short holdingRegisters(1,139)=ERR Error to shared memory
write short holdingRegisters(1,140)=ERR Error to shared memory
write short holdingRegisters(1,141)=ERR Error to shared memory
write short holdingRegisters(1,142)=ERR Error to shared memory
write short holdingRegisters(1,143)=ERR Error to shared memory
write short holdingRegisters(1,144)=ERR Error to shared memory
write short holdingRegisters(1,145)=ERR Error to shared memory
write short holdingRegisters(1,146)=ERR Error to shared memory
write short holdingRegisters(1,147)=ERR Error to shared memory
write short holdingRegisters(1,148)=ERR Error to shared memory
write short holdingRegisters(1,149)=ERR Error to shared memory
modbusCycle not polling slave1: poll_slave_counter[1]=6
modbusCycle returned error
write short holdingRegisters(1,150)=ERR Error to shared memory
write short holdingRegisters(1,151)=ERR Error to shared memory
write short holdingRegisters(1,152)=ERR Error to shared memory
write short holdingRegisters(1,153)=ERR Error to shared memory
write short holdingRegisters(1,154)=ERR Error to shared memory
write short holdingRegisters(1,155)=ERR Error to shared memory
write short holdingRegisters(1,156)=ERR Error to shared memory
write short holdingRegisters(1,157)=ERR Error to shared memory
write short holdingRegisters(1,158)=ERR Error to shared memory
write short holdingRegisters(1,159)=ERR Error to shared memory
write short holdingRegisters(1,160)=ERR Error to shared memory
write short holdingRegisters(1,161)=ERR Error to shared memory
write short holdingRegisters(1,162)=ERR Error to shared memory
write short holdingRegisters(1,163)=ERR Error to shared memory
write short holdingRegisters(1,164)=ERR Error to shared memory
write short holdingRegisters(1,165)=ERR Error to shared memory
write short holdingRegisters(1,166)=ERR Error to shared memory
write short holdingRegisters(1,167)=ERR Error to shared memory
write short holdingRegisters(1,168)=ERR Error to shared memory
write short holdingRegisters(1,169)=ERR Error to shared memory
write short holdingRegisters(1,170)=ERR Error to shared memory
write short holdingRegisters(1,171)=ERR Error to shared memory
write short holdingRegisters(1,172)=ERR Error to shared memory
write short holdingRegisters(1,173)=ERR Error to shared memory
write short holdingRegisters(1,174)=ERR Error to shared memory
write short holdingRegisters(1,175)=ERR Error to shared memory
write short holdingRegisters(1,176)=ERR Error to shared memory
write short holdingRegisters(1,177)=ERR Error to shared memory
write short holdingRegisters(1,178)=ERR Error to shared memory
write short holdingRegisters(1,179)=ERR Error to shared memory
write short holdingRegisters(1,180)=ERR Error to shared memory
write short holdingRegisters(1,181)=ERR Error to shared memory
write short holdingRegisters(1,182)=ERR Error to shared memory
write short holdingRegisters(1,183)=ERR Error to shared memory
write short holdingRegisters(1,184)=ERR Error to shared memory
write short holdingRegisters(1,185)=ERR Error to shared memory
write short holdingRegisters(1,186)=ERR Error to shared memory
write short holdingRegisters(1,187)=ERR Error to shared memory
write short holdingRegisters(1,188)=ERR Error to shared memory
write short holdingRegisters(1,189)=ERR Error to shared memory
write short holdingRegisters(1,190)=ERR Error to shared memory
write short holdingRegisters(1,191)=ERR Error to shared memory
write short holdingRegisters(1,192)=ERR Error to shared memory
write short holdingRegisters(1,193)=ERR Error to shared memory
write short holdingRegisters(1,194)=ERR Error to shared memory
write short holdingRegisters(1,195)=ERR Error to shared memory
write short holdingRegisters(1,196)=ERR Error to shared memory
write short holdingRegisters(1,197)=ERR Error to shared memory
write short holdingRegisters(1,198)=ERR Error to shared memory
write short holdingRegisters(1,199)=ERR Error to shared memory
modbusCycle not polling slave1: poll_slave_counter[1]=5
modbusCycle returned error
write short holdingRegisters(1,200)=ERR Error to shared memory
write short holdingRegisters(1,201)=ERR Error to shared memory
write short holdingRegisters(1,202)=ERR Error to shared memory
write short holdingRegisters(1,203)=ERR Error to shared memory
write short holdingRegisters(1,204)=ERR Error to shared memory
write short holdingRegisters(1,205)=ERR Error to shared memory
write short holdingRegisters(1,206)=ERR Error to shared memory
write short holdingRegisters(1,207)=ERR Error to shared memory
write short holdingRegisters(1,208)=ERR Error to shared memory
write short holdingRegisters(1,209)=ERR Error to shared memory
write short holdingRegisters(1,210)=ERR Error to shared memory
write short holdingRegisters(1,211)=ERR Error to shared memory
write short holdingRegisters(1,212)=ERR Error to shared memory
write short holdingRegisters(1,213)=ERR Error to shared memory
write short holdingRegisters(1,214)=ERR Error to shared memory
write short holdingRegisters(1,215)=ERR Error to shared memory
write short holdingRegisters(1,216)=ERR Error to shared memory
write short holdingRegisters(1,217)=ERR Error to shared memory
write short holdingRegisters(1,218)=ERR Error to shared memory
write short holdingRegisters(1,219)=ERR Error to shared memory
write short holdingRegisters(1,220)=ERR Error to shared memory
write short holdingRegisters(1,221)=ERR Error to shared memory
write short holdingRegisters(1,222)=ERR Error to shared memory
write short holdingRegisters(1,223)=ERR Error to shared memory
write short holdingRegisters(1,224)=ERR Error to shared memory
write short holdingRegisters(1,225)=ERR Error to shared memory
write short holdingRegisters(1,226)=ERR Error to shared memory
write short holdingRegisters(1,227)=ERR Error to shared memory
write short holdingRegisters(1,228)=ERR Error to shared memory
write short holdingRegisters(1,229)=ERR Error to shared memory
write short holdingRegisters(1,230)=ERR Error to shared memory
write short holdingRegisters(1,231)=ERR Error to shared memory
write short holdingRegisters(1,232)=ERR Error to shared memory
write short holdingRegisters(1,233)=ERR Error to shared memory
write short holdingRegisters(1,234)=ERR Error to shared memory
write short holdingRegisters(1,235)=ERR Error to shared memory
write short holdingRegisters(1,236)=ERR Error to shared memory
write short holdingRegisters(1,237)=ERR Error to shared memory
write short holdingRegisters(1,238)=ERR Error to shared memory
write short holdingRegisters(1,239)=ERR Error to shared memory
write short holdingRegisters(1,240)=ERR Error to shared memory
write short holdingRegisters(1,241)=ERR Error to shared memory
write short holdingRegisters(1,242)=ERR Error to shared memory
write short holdingRegisters(1,243)=ERR Error to shared memory
write short holdingRegisters(1,244)=ERR Error to shared memory
write short holdingRegisters(1,245)=ERR Error to shared memory
write short holdingRegisters(1,246)=ERR Error to shared memory
write short holdingRegisters(1,247)=ERR Error to shared memory
write short holdingRegisters(1,248)=ERR Error to shared memory
write short holdingRegisters(1,249)=ERR Error to shared memory
modbusCycle not polling slave1: poll_slave_counter[1]=4
modbusCycle returned error
write short holdingRegisters(1,100)=ERR Error to shared memory
write short holdingRegisters(1,101)=ERR Error to shared memory
write short holdingRegisters(1,102)=ERR Error to shared memory
write short holdingRegisters(1,103)=ERR Error to shared memory
write short holdingRegisters(1,104)=ERR Error to shared memory
write short holdingRegisters(1,105)=ERR Error to shared memory
write short holdingRegisters(1,106)=ERR Error to shared memory
write short holdingRegisters(1,107)=ERR Error to shared memory
write short holdingRegisters(1,108)=ERR Error to shared memory
write short holdingRegisters(1,109)=ERR Error to shared memory
write short holdingRegisters(1,110)=ERR Error to shared memory
write short holdingRegisters(1,111)=ERR Error to shared memory
write short holdingRegisters(1,112)=ERR Error to shared memory
write short holdingRegisters(1,113)=ERR Error to shared memory
write short holdingRegisters(1,114)=ERR Error to shared memory
write short holdingRegisters(1,115)=ERR Error to shared memory
write short holdingRegisters(1,116)=ERR Error to shared memory
write short holdingRegisters(1,117)=ERR Error to shared memory
write short holdingRegisters(1,118)=ERR Error to shared memory
write short holdingRegisters(1,119)=ERR Error to shared memory
write short holdingRegisters(1,120)=ERR Error to shared memory
write short holdingRegisters(1,121)=ERR Error to shared memory
write short holdingRegisters(1,122)=ERR Error to shared memory
write short holdingRegisters(1,123)=ERR Error to shared memory
write short holdingRegisters(1,124)=ERR Error to shared memory
write short holdingRegisters(1,125)=ERR Error to shared memory
write short holdingRegisters(1,126)=ERR Error to shared memory
write short holdingRegisters(1,127)=ERR Error to shared memory
write short holdingRegisters(1,128)=ERR Error to shared memory
write short holdingRegisters(1,129)=ERR Error to shared memory
write short hol