./comm/modbus_client/modbus_client starting with debug=1 cycletime=1000 use_socket=1 n_poll_slave=10
num_cycles=21
CYCLE1=50,holdingRegisters(1,100) count=50 name=holdingRegisters(1,100)
CYCLE2=50,holdingRegisters(1,150) count=50 name=holdingRegisters(1,150)
CYCLE3=50,holdingRegisters(1,200) count=50 name=holdingRegisters(1,200)
CYCLE4=50,holdingRegisters(1,250) count=50 name=holdingRegisters(1,250)
CYCLE5=50,holdingRegisters(1,300) count=50 name=holdingRegisters(1,300)
CYCLE6=50,holdingRegisters(1,350) count=50 name=holdingRegisters(1,350)
CYCLE7=50,holdingRegisters(1,400) count=50 name=holdingRegisters(1,400)
CYCLE8=50,holdingRegisters(1,450) count=50 name=holdingRegisters(1,450)
CYCLE9=50,holdingRegisters(1,500) count=50 name=holdingRegisters(1,500)
CYCLE10=50,holdingRegisters(1,550) count=50 name=holdingRegisters(1,550)
CYCLE11=50,holdingRegisters(1,600) count=50 name=holdingRegisters(1,600)
CYCLE12=50,holdingRegisters(1,650) count=50 name=holdingRegisters(1,650)
CYCLE13=50,holdingRegisters(1,700) count=50 name=holdingRegisters(1,700)
CYCLE14=50,holdingRegisters(1,750) count=50 name=holdingRegisters(1,750)
CYCLE15=50,holdingRegisters(1,800) count=50 name=holdingRegisters(1,800)
CYCLE16=50,holdingRegisters(1,850) count=50 name=holdingRegisters(1,850)
CYCLE17=50,holdingRegisters(1,900) count=50 name=holdingRegisters(1,900)
CYCLE18=50,holdingRegisters(1,950) count=50 name=holdingRegisters(1,950)
CYCLE19=50,holdingRegisters(1,1000) count=50 name=holdingRegisters(1,1000)
CYCLE20=50,holdingRegisters(1,1050) count=50 name=holdingRegisters(1,1050)
CYCLE21=50,holdingRegisters(1,1100) count=50 name=holdingRegisters(1,1100)
max_name_length=30
shared_memory_size=65536
success connecting to 172.26.0.17:502
modbusRequest: var=holdingRegisters : slave=1 function=3 start_adr=100 num_register=50
mailboxReadThread: starting
modbusResponse: ret=100 slave=1 function=3 data=00 66 00 00
write short holdingRegisters(1,100)=102 to shared memory
write short holdingRegisters(1,101)=0 to shared memory
write short holdingRegisters(1,102)=0 to shared memory
write short holdingRegisters(1,103)=0 to shared memory
write short holdingRegisters(1,104)=0 to shared memory
write short holdingRegisters(1,105)=0 to shared memory
write short holdingRegisters(1,106)=0 to shared memory
write short holdingRegisters(1,107)=0 to shared memory
write short holdingRegisters(1,108)=0 to shared memory
write short holdingRegisters(1,109)=0 to shared memory
write short holdingRegisters(1,110)=0 to shared memory
write short holdingRegisters(1,111)=0 to shared memory
write short holdingRegisters(1,112)=0 to shared memory
write short holdingRegisters(1,113)=0 to shared memory
write short holdingRegisters(1,114)=0 to shared memory
write short holdingRegisters(1,115)=0 to shared memory
write short holdingRegisters(1,116)=0 to shared memory
write short holdingRegisters(1,117)=0 to shared memory
write short holdingRegisters(1,118)=0 to shared memory
write short holdingRegisters(1,119)=0 to shared memory
write short holdingRegisters(1,120)=0 to shared memory
write short holdingRegisters(1,121)=0 to shared memory
write short holdingRegisters(1,122)=0 to shared memory
write short holdingRegisters(1,123)=0 to shared memory
write short holdingRegisters(1,124)=0 to shared memory
write short holdingRegisters(1,125)=0 to shared memory
write short holdingRegisters(1,126)=0 to shared memory
write short holdingRegisters(1,127)=0 to shared memory
write short holdingRegisters(1,128)=0 to shared memory
write short holdingRegisters(1,129)=0 to shared memory
write short holdingRegisters(1,130)=0 to shared memory
write short holdingRegisters(1,131)=0 to shared memory
write short holdingRegisters(1,132)=0 to shared memory
write short holdingRegisters(1,133)=0 to shared memory
write short holdingRegisters(1,134)=0 to shared memory
write short holdingRegisters(1,135)=0 to shared memory
write short holdingRegisters(1,136)=0 to shared memory
write short holdingRegisters(1,137)=0 to shared memory
write short holdingRegisters(1,138)=0 to shared memory
write short holdingRegisters(1,139)=0 to shared memory
write short holdingRegisters(1,140)=0 to shared memory
write short holdingRegisters(1,141)=0 to shared memory
write short holdingRegisters(1,142)=0 to shared memory
write short holdingRegisters(1,143)=0 to shared memory
write short holdingRegisters(1,144)=0 to shared memory
write short holdingRegisters(1,145)=0 to shared memory
write short holdingRegisters(1,146)=0 to shared memory
write short holdingRegisters(1,147)=0 to shared memory
write short holdingRegisters(1,148)=0 to shared memory
write short holdingRegisters(1,149)=0 to shared memory
modbusRequest: var=holdingRegisters : slave=1 function=3 start_adr=150 num_register=50
modbusResponse: ret=100 slave=1 function=3 data=00 d7 00 00
write short holdingRegisters(1,150)=215 to shared memory
write short holdingRegisters(1,151)=0 to shared memory
write short holdingRegisters(1,152)=0 to shared memory
write short holdingRegisters(1,153)=0 to shared memory
write short holdingRegisters(1,154)=0 to shared memory
write short holdingRegisters(1,155)=0 to shared memory
write short holdingRegisters(1,156)=0 to shared memory
write short holdingRegisters(1,157)=0 to shared memory
write short holdingRegisters(1,158)=0 to shared memory
write short holdingRegisters(1,159)=0 to shared memory
write short holdingRegisters(1,160)=0 to shared memory
write short holdingRegisters(1,161)=0 to shared memory
write short holdingRegisters(1,162)=0 to shared memory
write short holdingRegisters(1,163)=0 to shared memory
write short holdingRegisters(1,164)=0 to shared memory
write short holdingRegisters(1,165)=0 to shared memory
write short holdingRegisters(1,166)=0 to shared memory
write short holdingRegisters(1,167)=0 to shared memory
write short holdingRegisters(1,168)=0 to shared memory
write short holdingRegisters(1,169)=0 to shared memory
write short holdingRegisters(1,170)=0 to shared memory
write short holdingRegisters(1,171)=0 to shared memory
write short holdingRegisters(1,172)=0 to shared memory
write short holdingRegisters(1,173)=0 to shared memory
write short holdingRegisters(1,174)=0 to shared memory
write short holdingRegisters(1,175)=0 to shared memory
write short holdingRegisters(1,176)=0 to shared memory
write short holdingRegisters(1,177)=0 to shared memory
write short holdingRegisters(1,178)=0 to shared memory
write short holdingRegisters(1,179)=0 to shared memory
write short holdingRegisters(1,180)=0 to shared memory
write short holdingRegisters(1,181)=0 to shared memory
write short holdingRegisters(1,182)=0 to shared memory
write short holdingRegisters(1,183)=0 to shared memory
write short holdingRegisters(1,184)=0 to shared memory
write short holdingRegisters(1,185)=0 to shared memory
write short holdingRegisters(1,186)=0 to shared memory
write short holdingRegisters(1,187)=0 to shared memory
write short holdingRegisters(1,188)=0 to shared memory
write short holdingRegisters(1,189)=0 to shared memory
write short holdingRegisters(1,190)=0 to shared memory
write short holdingRegisters(1,191)=0 to shared memory
write short holdingRegisters(1,192)=0 to shared memory
write short holdingRegisters(1,193)=0 to shared memory
write short holdingRegisters(1,194)=0 to shared memory
write short holdingRegisters(1,195)=0 to shared memory
write short holdingRegisters(1,196)=0 to shared memory
write short holdingRegisters(1,197)=0 to shared memory
write short holdingRegisters(1,198)=0 to shared memory
write short holdingRegisters(1,199)=0 to shared memory
modbusRequest: var=holdingRegisters : slave=1 function=3 start_adr=200 num_register=50
modbusResponse: ret=100 slave=1 function=3 data=00 00 00 00
write short holdingRegisters(1,200)=0 to shared memory
write short holdingRegisters(1,201)=0 to shared memory
write short holdingRegisters(1,202)=0 to shared memory
write short holdingRegisters(1,203)=0 to shared memory
write short holdingRegisters(1,204)=0 to shared memory
write short holdingRegisters(1,205)=0 to shared memory
write short holdingRegisters(1,206)=0 to shared memory
write short holdingRegisters(1,207)=0 to shared memory
write short holdingRegisters(1,208)=0 to shared memory
write short holdingRegisters(1,209)=0 to shared memory
write short holdingRegisters(1,210)=0 to shared memory
write short holdingRegisters(1,211)=0 to shared memory
write short holdingRegisters(1,212)=0 to shared memory
write short holdingRegisters(1,213)=0 to shared memory
write short holdingRegisters(1,214)=0 to shared memory
write short holdingRegisters(1,215)=0 to shared memory
write short holdingRegisters(1,216)=0 to shared memory
write short holdingRegisters(1,217)=0 to shared memory
write short holdingRegisters(1,218)=0 to shared memory
write short holdingRegisters(1,219)=0 to shared memory
write short holdingRegisters(1,220)=0 to shared memory
write short holdingRegisters(1,221)=0 to shared memory
write short holdingRegisters(1,222)=0 to shared memory
write short holdingRegisters(1,223)=0 to shared memory
write short holdingRegisters(1,224)=0 to shared memory
write short holdingRegisters(1,225)=0 to shared memory
write short holdingRegisters(1,226)=0 to shared memory
write short holdingRegisters(1,227)=0 to shared memory
write short holdingRegisters(1,228)=0 to shared memory
write short holdingRegisters(1,229)=0 to shared memory
write short holdingRegisters(1,230)=0 to shared memory
write short holdingRegisters(1,231)=0 to shared memory
write short holdingRegisters(1,232)=0 to shared memory
write short holdingRegisters(1,233)=0 to shared memory
write short holdingRegisters(1,234)=0 to shared memory
write short holdingRegisters(1,235)=0 to shared memory
write short holdingRegisters(1,236)=0 to shared memory
write short holdingRegisters(1,237)=0 to shared memory
write short holdingRegisters(1,238)=0 to shared memory
write short holdingRegisters(1,239)=0 to shared memory
write short holdingRegisters(1,240)=0 to shared memory
write short holdingRegisters(1,241)=0 to shared memory
write short holdingRegisters(1,242)=0 to shared memory
write short holdingRegisters(1,243)=0 to shared memory
write short holdingRegisters(1,244)=0 to shared memory
write short holdingRegisters(1,245)=0 to shared memory
write short holdingRegisters(1,246)=0 to shared memory
write short holdingRegisters(1,247)=0 to shared memory
write short holdingRegisters(1,248)=0 to shared memory
write short holdingRegisters(1,249)=0 to shared memory
modbusRequest: var=holdingRegisters : slave=1 function=3 start_adr=250 num_register=50
modbusResponse: ret=100 slave=1 function=3 data=00 00 00 00
write short holdingRegisters(1,250)=0 to shared memory
write short holdingRegisters(1,251)=0 to shared memory
write short holdingRegisters(1,252)=0 to shared memory
write short holdingRegisters(1,253)=0 to shared memory
write short holdingRegisters(1,254)=0 to shared memory
write short holdingRegisters(1,255)=0 to shared memory
write short holdingRegisters(1,256)=0 to shared memory
write short holdingRegisters(1,257)=0 to shared memory
write short holdingRegisters(1,258)=0 to shared memory
write short holdingRegisters(1,259)=0 to shared memory
write short holdingRegisters(1,260)=0 to shared memory
write short holdingRegisters(1,261)=0 to shared memory
write short holdingRegisters(1,262)=0 to shared memory
write short holdingRegisters(1,263)=0 to shared memory
write short holdingRegisters(1,264)=0 to shared memory
write short holdingRegisters(1,265)=0 to shared memory
write short holdingRegisters(1,266)=0 to shared memory
write short holdingRegisters(1,267)=0 to shared memory
write short holdingRegisters(1,268)=0 to shared memory
write short holdingRegisters(1,269)=0 to shared memory
write short holdingRegisters(1,270)=0 to shared memory
write short holdingRegisters(1,271)=0 to shared memory
write short holdingRegisters(1,272)=0 to shared memory
write short holdingRegisters(1,273)=0 to shared memory
write short holdingRegisters(1,274)=0 to shared memory
write short holdingRegisters(1,275)=0 to shared memory
write short holdingRegisters(1,276)=0 to shared memory
write short holdingRegisters(1,277)=0 to shared memory
write short holdingRegisters(1,278)=0 to shared memory
write short holdingRegisters(1,279)=0 to shared memory
write short holdingRegisters(1,280)=0 to shared memory
write short holdingRegisters(1,281)=0 to shared memory
write short holdingRegisters(1,282)=0 to shared memory
write short holdingRegisters(1,283)=0 to shared memory
write short holdingRegisters(1,284)=0 to shared memory
write short holdingRegisters(1,285)=0 to shared memory
write short holdingRegisters(1,286)=0 to shared memory
write short holdingRegisters(1,287)=0 to shared memory
write short holdingRegisters(1,288)=0 to shared memory
write short holdingRegisters(1,289)=0 to shared memory
write short holdingRegisters(1,290)=0 to shared memory
write short holdingRegisters(1,291)=0 to shared memory
write short holdingRegisters(1,292)=0 to shared memory
write short holdingRegisters(1,293)=0 to shared memory
write short holdingRegisters(1,294)=0 to shared memory
write short holdingRegisters(1,295)=0 to shared memory
write short holdingRegisters(1,296)=0 to shared memory
write short holdingRegisters(1,297)=0 to shared memory
write short holdingRegisters(1,298)=0 to shared memory
write short holdingRegisters(1,299)=0 to shared memory
modbusRequest: var=holdingRegisters : slave=1 function=3 start_adr=300 num_register=50
modbusResponse: ret=100 slave=1 function=3 data=00 00 00 00
write short holdingRegisters(1,300)=0 to shared memory
write short holdingRegisters(1,301)=0 to shared memory
write short holdingRegisters(1,302)=0 to shared memory
write short holdingRegisters(1,303)=0 to shared memory
write short holdingRegisters(1,304)=0 to shared memory
write short holdingRegisters(1,305)=0 to shared memory
write short holdingRegisters(1,306)=0 to shared memory
write short holdingRegisters(1,307)=0 to shared memory
write short holdingRegisters(1,308)=0 to shared memory
write short holdingRegisters(1,309)=0 to shared memory
write short holdingRegisters(1,310)=0 to shared memory
write short holdingRegisters(1,311)=0 to shared memory
write short holdingRegisters(1,312)=0 to shared memory
write short holdingRegisters(1,313)=0 to shared memory
write short holdingRegisters(1,314)=0 to shared memory
write short holdingRegisters(1,315)=0 to shared memory
write short holdingRegisters(1,316)=0 to shared memory
write short holdingRegisters(1,317)=0 to shared memory
write short holdingRegisters(1,318)=0 to shared memory
write short holdingRegisters(1,319)=0 to shared memory
write short holdingRegisters(1,320)=0 to shared memory
write short holdingRegisters(1,321)=0 to shared memory
write short holdingRegisters(1,322)=0 to shared memory
write short holdingRegisters(1,323)=0 to shared memory
write short holdingRegisters(1,324)=0 to shared memory
write short holdingRegisters(1,325)=0 to shared memory
write short holdingRegisters(1,326)=0 to shared memory
write short holdingRegisters(1,327)=0 to shared memory
write short holdingRegisters(1,328)=0 to shared memory
write short holdingRegisters(1,329)=0 to shared memory
write short holdingRegisters(1,330)=0 to shared memory
write short holdingRegisters(1,331)=0 to shared memory
write short holdingRegisters(1,332)=0 to shared memory
write short holdingRegisters(1,333)=0 to shared memory
write short holdingRegisters(1,334)=0 to shared memory
write short holdingRegisters(1,335)=0 to shared memory
write short holdingRegisters(1,336)=0 to shared memory
write short holdingRegisters(1,337)=0 to shared memory
write short holdingRegisters(1,338)=0 to shared memory
write short holdingRegisters(1,339)=0 to shared memory
write short holdingRegisters(1,340)=0 to shared memory
write short holdingRegisters(1,341)=0 to shared memory
write short holdingRegisters(1,342)=0 to shared memory
write short holdingRegisters(1,343)=0 to shared memory
write short holdingRegisters(1,344)=0 to shared memory
write short holdingRegisters(1,345)=0 to shared memory
write short holdingRegisters(1,346)=0 to shared memory
write short holdingRegisters(1,347)=0 to shared memory
write short holdingRegisters(1,348)=0 to shared memory
write short holdingRegisters(1,349)=0 to shared memory
modbusRequest: var=holdingRegisters : slave=1 function=3 start_adr=350 num_register=50
modbusResponse: ret=100 slave=1 function=3 data=00 00 00 00
write short holdingRegisters(1,350)=0 to shared memory
write short holdingRegisters(1,351)=0 to shared memory
write short holdingRegisters(1,352)=0 to shared memory
write short holdingRegisters(1,353)=0 to shared memory
write short holdingRegisters(1,354)=0 to shared memory
write short holdingRegisters(1,355)=0 to shared memory
write short holdingRegisters(1,356)=0 to shared memory
write short holdingRegisters(1,357)=0 to shared memory
write short holdingRegisters(1,358)=0 to shared memory
write short holdingRegisters(1,359)=0 to shared memory
write short holdingRegisters(1,360)=0 to shared memory
write short holdingRegisters(1,361)=0 to shared memory
write short holdingRegisters(1,362)=0 to shared memory
write short holdingRegisters(1,363)=0 to shared memory
write short holdingRegisters(1,364)=0 to shared memory
write short holdingRegisters(1,365)=0 to shared memory
write short holdingRegisters(1,366)=0 to shared memory
write short holdingRegisters(1,367)=0 to shared memory
write short holdingRegisters(1,368)=0 to shared memory
write short holdingRegisters(1,369)=0 to shared memory
write short holdingRegisters(1,370)=0 to shared memory
write short holdingRegisters(1,371)=0 to shared memory
write short holdingRegisters(1,372)=0 to shared memory
write short holdingRegisters(1,373)=0 to shared memory
write short holdingRegisters(1,374)=0 to shared memory
write short holdingRegisters(1,375)=0 to shared memory
write short holdingRegisters(1,376)=0 to shared memory
write short holdingRegisters(1,377)=0 to shared memory
write short holdingRegisters(1,378)=0 to shared memory
write short holdingRegisters(1,379)=0 to shared memory
write short holdingRegisters(1,380)=0 to shared memory
write short holdingRegisters(1,381)=0 to shared memory
write short holdingRegisters(1,382)=0 to shared memory
write short holdingRegisters(1,383)=0 to shared memory
write short holdingRegisters(1,384)=0 to shared memory
write short holdingRegisters(1,385)=0 to shared memory
write short holdingRegisters(1,386)=0 to shared memory
write short holdingRegisters(1,387)=0 to shared memory
write short holdingRegisters(1,388)=0 to shared memory
write short holdingRegisters(1,389)=0 to shared memory
write short holdingRegisters(1,390)=0 to shared memory
write short holdingRegisters(1,391)=0 to shared memory
write short holdingRegisters(1,392)=0 to shared memory
write short holdingRegisters(1,393)=0 to shared memory
write short holdingRegisters(1,394)=0 to shared memory
write short holdingRegisters(1,395)=0 to shared memory
write short holdingRegisters(1,396)=0 to shared memory
write short holdingRegisters(1,397)=0 to shared memory
write short holdingRegisters(1,398)=0 to shared memory
write short holdingRegisters(1,399)=0 to shared memory
modbusRequest: var=holdingRegisters : slave=1 function=3 start_adr=400 num_register=50
modbusResponse: ret=100 slave=1 function=3 data=00 00 00 00
write short holdingRegisters(1,400)=0 to shared memory
write short holdingRegisters(1,401)=0 to shared memory
write short holdingRegisters(1,402)=0 to shared memory
write short holdingRegisters(1,403)=0 to shared memory
write short holdingRegisters(1,404)=0 to shared memory
write short holdingRegisters(1,405)=0 to shared memory
write short holdingRegisters(1,406)=0 to shared memory
write short holdingRegisters(1,407)=0 to shared memory
write short holdingRegisters(1,408)=0 to shared memory
write short holdingRegisters(1,409)=0 to shared memory
write short holdingRegisters(1,410)=0 to shared memory
write short holdingRegisters(1,411)=0 to shared memory
write short holdingRegisters(1,412)=0 to shared memory
write short holdingRegisters(1,413)=0 to shared memory
write short holdingRegisters(1,414)=0 to shared memory
write short holdingRegisters(1,415)=0 to shared memory
write short holdingRegisters(1,416)=0 to shared memory
write short holdingRegisters(1,417)=0 to shared memory
write short holdingRegisters(1,418)=0 to shared memory
write short holdingRegisters(1,419)=0 to shared memory
write short holdingRegisters(1,420)=0 to shared memory
write short holdingRegisters(1,421)=0 to shared memory
write short holdingRegisters(1,422)=0 to shared memory
write short holdingRegisters(1,423)=0 to shared memory
write short holdingRegisters(1,424)=0 to shared memory
write short holdingRegisters(1,425)=0 to shared memory
write short holdingRegisters(1,426)=0 to shared memory
write short holdingRegisters(1,427)=0 to shared memory
write short holdingRegisters(1,428)=0 to shared memory
write short holdingRegisters(1,429)=0 to shared memory
write short holdingRegisters(1,430)=0 to shared memory
write short holdingRegisters(1,431)=0 to shared memory
write short holdingRegisters(1,432)=0 to shared memory
write short holdingRegisters(1,433)=0 to shared memory
write short holdingRegisters(1,434)=0 to shared memory
write short holdingRegisters(1,435)=0 to shared memory
write short holdingRegisters(1,436)=0 to shared memory
write short holdingRegisters(1,437)=0 to shared memory
write short holdingRegisters(1,438)=0 to shared memory
write short holdingRegisters(1,439)=0 to shared memory
write short holdingRegisters(1,440)=0 to shared memory
write short holdingRegisters(1,441)=0 to shared memory
write short holdingRegisters(1,442)=0 to shared memory
write short holdingRegisters(1,443)=0 to shared memory
write short holdingRegisters(1,444)=0 to shared memory
write short holdingRegisters(1,445)=0 to shared memory
write short holdingRegisters(1,446)=0 to shared memory
write short holdingRegisters(1,447)=0 to shared memory
write short holdingRegisters(1,448)=0 to shared memory
write short holdingRegisters(1,449)=0 to shared memory
modbusRequest: var=holdingRegisters : slave=1 function=3 start_adr=450 num_register=50
modbusResponse: ret=100 slave=1 function=3 data=00 00 00 00
write short holdingRegisters(1,450)=0 to shared memory
write short holdingRegisters(1,451)=0 to shared memory
write short holdingRegisters(1,452)=0 to shared memory
write short holdingRegisters(1,453)=0 to shared memory
write short holdingRegisters(1,454)=0 to shared memory
write short holdingRegisters(1,455)=0 to shared memory
write short holdingRegisters(1,456)=0 to shared memory
write short holdingRegisters(1,457)=0 to shared memory
write short holdingRegisters(1,458)=0 to shared memory
write short holdingRegisters(1,459)=0 to shared memory
write short holdingRegisters(1,460)=0 to shared memory
write short holdingRegisters(1,461)=0 to shared memory
write short holdingRegisters(1,462)=0 to shared memory
write short holdingRegisters(1,463)=0 to shared memory
write short holdingRegisters(1,464)=0 to shared memory
write short holdingRegisters(1,465)=0 to shared memory
write short holdingRegisters(1,466)=0 to shared memory
write short holdingRegisters(1,467)=0 to shared memory
write short holdingRegisters(1,468)=0 to shared memory
write short holdingRegisters(1,469)=0 to shared memory
write short holdingRegisters(1,470)=0 to shared memory
write short holdingRegisters(1,471)=0 to shared memory
write short holdingRegisters(1,472)=0 to shared memory
write short holdingRegisters(1,473)=0 to shared memory
write short holdingRegisters(1,474)=0 to shared memory
write short holdingRegisters(1,475)=0 to shared memory
write short holdingRegisters(1,476)=0 to shared memory
write short holdingRegisters(1,477)=0 to shared memory
write short holdingRegisters(1,478)=0 to shared memory
write short holdingRegisters(1,479)=0 to shared memory
write short holdingRegisters(1,480)=0 to shared memory
write short holdingRegisters(1,481)=0 to shared memory
write short holdingRegisters(1,482)=0 to shared memory
write short holdingRegisters(1,483)=0 to shared memory
write short holdingRegisters(1,484)=0 to shared memory
write short holdingRegisters(1,485)=0 to shared memory
write short holdingRegisters(1,486)=0 to shared memory
write short holdingRegisters(1,487)=0 to shared memory
write short holdingRegisters(1,488)=0 to shared memory
write short holdingRegisters(1,489)=0 to shared memory
write short holdingRegisters(1,490)=0 to shared memory
write short holdingRegisters(1,491)=0 to shared memory
write short holdingRegisters(1,492)=0 to shared memory
write short holdingRegisters(1,493)=0 to shared memory
write short holdingRegisters(1,494)=0 to shared memory
write short holdingRegisters(1,495)=0 to shared memory
write short holdingRegisters(1,496)=0 to shared memory
write short holdingRegisters(1,497)=0 to shared memory
write short holdingRegisters(1,498)=0 to shared memory
write short holdingRegisters(1,499)=0 to shared memory
modbusRequest: var=holdingRegisters : slave=1 function=3 start_adr=500 num_register=50
modbusResponse: ret=-1 slave=1 function=3 data=00 00 00 00
modbusCycle returned error
write short holdingRegisters(1,500)=ERR Error to shared memory
write short holdingRegisters(1,501)=ERR Error to shared memory
write short holdingRegisters(1,502)=ERR Error to shared memory
write short holdingRegisters(1,503)=ERR Error to shared memory
write short holdingRegisters(1,504)=ERR Error to shared memory
write short holdingRegisters(1,505)=ERR Error to shared memory
write short holdingRegisters(1,506)=ERR Error to shared memory
write short holdingRegisters(1,507)=ERR Error to shared memory
write short holdingRegisters(1,508)=ERR Error to shared memory
write short holdingRegisters(1,509)=ERR Error to shared memory
write short holdingRegisters(1,510)=ERR Error to shared memory
write short holdingRegisters(1,511)=ERR Error to shared memory
write short holdingRegisters(1,512)=ERR Error to shared memory
write short holdingRegisters(1,513)=ERR Error to shared memory
write short holdingRegisters(1,514)=ERR Error to shared memory
write short holdingRegisters(1,515)=ERR Error to shared memory
write short holdingRegisters(1,516)=ERR Error to shared memory
write short holdingRegisters(1,517)=ERR Error to shared memory
write short holdingRegisters(1,518)=ERR Error to shared memory
write short holdingRegisters(1,519)=ERR Error to shared memory
write short holdingRegisters(1,520)=ERR Error to shared memory
write short holdingRegisters(1,521)=ERR Error to shared memory
write short holdingRegisters(1,522)=ERR Error to shared memory
write short holdingRegisters(1,523)=ERR Error to shared memory
write short holdingRegisters(1,524)=ERR Error to shared memory
write short holdingRegisters(1,525)=ERR Error to shared memory
write short holdingRegisters(1,526)=ERR Error to shared memory
write short holdingRegisters(1,527)=ERR Error to shared memory
write short holdingRegisters(1,528)=ERR Error to shared memory
write short holdingRegisters(1,529)=ERR Error to shared memory
write short holdingRegisters(1,530)=ERR Error to shared memory
write short holdingRegisters(1,531)=ERR Error to shared memory
write short holdingRegisters(1,532)=ERR Error to shared memory
write short holdingRegisters(1,533)=ERR Error to shared memory
write short holdingRegisters(1,534)=ERR Error to shared memory
write short holdingRegisters(1,535)=ERR Error to shared memory
write short holdingRegisters(1,536)=ERR Error to shared memory
write short holdingRegisters(1,537)=ERR Error to shared memory
write short holdingRegisters(1,538)=ERR Error to shared memory
write short holdingRegisters(1,539)=ERR Error to shared memory
write short holdingRegisters(1,540)=ERR Error to shared memory
write short holdingRegisters(1,541)=ERR Error to shared memory
write short holdingRegisters(1,542)=ERR Error to shared memory
write short holdingRegisters(1,543)=ERR Error to shared memory
write short holdingRegisters(1,544)=ERR Error to shared memory
write short holdingRegisters(1,545)=ERR Error to shared memory
write short holdingRegisters(1,546)=ERR Error to shared memory
write short holdingRegisters(1,547)=ERR Error to shared memory
write short holdingRegisters(1,548)=ERR Error to shared memory
write short holdingRegisters(1,549)=ERR Error to shared memory
modbusCycle not polling slave1: poll_slave_counter[1]=10
modbusCycle returned error
write short holdingRegisters(1,550)=ERR Error to shared memory
write short holdingRegisters(1,551)=ERR Error to shared memory
write short holdingRegisters(1,552)=ERR Error to shared memory
write short holdingRegisters(1,553)=ERR Error to shared memory
write short holdingRegisters(1,554)=ERR Error to shared memory
write short holdingRegisters(1,555)=ERR Error to shared memory
write short holdingRegisters(1,556)=ERR Error to shared memory
write short holdingRegisters(1,557)=ERR Error to shared memory
write short holdingRegisters(1,558)=ERR Error to shared memory
write short holdingRegisters(1,559)=ERR Error to shared memory
write short holdingRegisters(1,560)=ERR Error to shared memory
write short holdingRegisters(1,561)=ERR Error to shared memory
write short holdingRegisters(1,562)=ERR Error to shared memory
write short holdingRegisters(1,563)=ERR Error to shared memory
write short holdingRegisters(1,564)=ERR Error to shared memory
write short holdingRegisters(1,565)=ERR Error to shared memory
write short holdingRegisters(1,566)=ERR Error to shared memory
write short holdingRegisters(1,567)=ERR Error to shared memory
write short holdingRegisters(1,568)=ERR Error to shared memory
write short holdingRegisters(1,569)=ERR Error to shared memory
write short holdingRegisters(1,570)=ERR Error to shared memory
write short holdingRegisters(1,571)=ERR Error to shared memory
write short holdingRegisters(1,572)=ERR Error to shared memory
write short holdingRegisters(1,573)=ERR Error to shared memory
write short holdingRegisters(1,574)=ERR Error to shared memory
write short holdingRegisters(1,575)=ERR Error to shared memory
write short holdingRegisters(1,576)=ERR Error to shared memory
write short holdingRegisters(1,577)=ERR Error to shared memory
write short holdingRegisters(1,578)=ERR Error to shared memory
write short holdingRegisters(1,579)=ERR Error to shared memory
write short holdingRegisters(1,580)=ERR Error to shared memory
write short holdingRegisters(1,581)=ERR Error to shared memory
write short holdingRegisters(1,582)=ERR Error to shared memory
write short holdingRegisters(1,583)=ERR Error to shared memory
write short holdingRegisters(1,584)=ERR Error to shared memory
write short holdingRegisters(1,585)=ERR Error to shared memory
write short holdingRegisters(1,586)=ERR Error to shared memory
write short holdingRegisters(1,587)=ERR Error to shared memory
write short holdingRegisters(1,588)=ERR Error to shared memory
write short holdingRegisters(1,589)=ERR Error to shared memory
write short holdingRegisters(1,590)=ERR Error to shared memory
write short holdingRegisters(1,591)=ERR Error to shared memory
write short holdingRegisters(1,592)=ERR Error to shared memory
write short holdingRegisters(1,593)=ERR Error to shared memory
write short holdingRegisters(1,594)=ERR Error to shared memory
write short holdingRegisters(1,595)=ERR Error to shared memory
write short holdingRegisters(1,596)=ERR Error to shared memory
write short holdingRegisters(1,597)=ERR Error to shared memory
write short holdingRegisters(1,598)=ERR Error to shared memory
write short holdingRegisters(1,599)=ERR Error to shared memory
modbusCycle not polling slave1: poll_slave_counter[1]=9
modbusCycle returned error
write short holdingRegisters(1,600)=ERR Error to shared memory
write short holdingRegisters(1,601)=ERR Error to shared memory
write short holdingRegisters(1,602)=ERR Error to shared memory
write short holdingRegisters(1,603)=ERR Error to shared memory
write short holdingRegisters(1,604)=ERR Error to shared memory
write short holdingRegisters(1,605)=ERR Error to shared memory
write short holdingRegisters(1,606)=ERR Error to shared memory
write short holdingRegisters(1,607)=ERR Error to shared memory
write short holdingRegisters(1,608)=ERR Error to shared memory
write short holdingRegisters(1,609)=ERR Error to shared memory
write short holdingRegisters(1,610)=ERR Error to shared memory
write short holdingRegisters(1,611)=ERR Error to shared memory
write short holdingRegisters(1,612)=ERR Error to shared memory
write short holdingRegisters(1,613)=ERR Error to shared memory
write short holdingRegisters(1,614)=ERR Error to shared memory
write short holdingRegisters(1,615)=ERR Error to shared memory
write short holdingRegisters(1,616)=ERR Error to shared memory
write short holdingRegisters(1,617)=ERR Error to shared memory
write short holdingRegisters(1,618)=ERR Error to shared memory
write short holdingRegisters(1,619)=ERR Error to shared memory
write short holdingRegisters(1,620)=ERR Error to shared memory
write short holdingRegisters(1,621)=ERR Error to shared memory
write short holdingRegisters(1,622)=ERR Error to shared memory
write short holdingRegisters(1,623)=ERR Error to shared memory
write short holdingRegisters(1,624)=ERR Error to shared memory
write short holdingRegisters(1,625)=ERR Error to shared memory
write short holdingRegisters(1,626)=ERR Error to shared memory
write short holdingRegisters(1,627)=ERR Error to shared memory
write short holdingRegisters(1,628)=ERR Error to shared memory
write short holdingRegisters(1,629)=ERR Error to shared memory
write short holdingRegisters(1,630)=ERR Error to shared memory
write short holdingRegisters(1,631)=ERR Error to shared memory
write short holdingRegisters(1,632)=ERR Error to shared memory
write short holdingRegisters(1,633)=ERR Error to shared memory
write short holdingRegisters(1,634)=ERR Error to shared memory
write short holdingRegisters(1,635)=ERR Error to shared memory
write short holdingRegisters(1,636)=ERR Error to shared memory
write short holdingRegisters(1,637)=ERR Error to shared memory
write short holdingRegisters(1,638)=ERR Error to shared memory
write short holdingRegisters(1,639)=ERR Error to shared memory
write short holdingRegisters(1,640)=ERR Error to shared memory
write short holdingRegisters(1,641)=ERR Error to shared memory
write short holdingRegisters(1,642)=ERR Error to shared memory
write short holdingRegisters(1,643)=ERR Error to shared memory
write short holdingRegisters(1,644)=ERR Error to shared memory
write short holdingRegisters(1,645)=ERR Error to shared memory
write short holdingRegisters(1,646)=ERR Error to shared memory
write short holdingRegisters(1,647)=ERR Error to shared memory
write short holdingRegisters(1,648)=ERR Error to shared memory
write short holdingRegisters(1,649)=ERR Error to shared memory
modbusCycle not polling slave1: poll_slave_counter[1]=8
modbusCycle returned error
write short holdingRegisters(1,650)=ERR Error to shared memory
write short holdingRegisters(1,651)=ERR Error to shared memory
write short holdingRegisters(1,652)=ERR Error to shared memory
write short holdingRegisters(1,653)=ERR Error to shared memory
write short holdingRegisters(1,654)=ERR Error to shared memory
write short holdingRegisters(1,655)=ERR Error to shared memory
write short holdingRegisters(1,656)=ERR Error to shared memory
write short holdingRegisters(1,657)=ERR Error to shared memory
write short holdingRegisters(1,658)=ERR Error to shared memory
write short holdingRegisters(1,659)=ERR Error to shared memory
write short holdingRegisters(1,660)=ERR Error to shared memory
write short holdingRegisters(1,661)=ERR Error to shared memory
write short holdingRegisters(1,662)=ERR Error to shared memory
write short holdingRegisters(1,663)=ERR Error to shared memory
write short holdingRegisters(1,664)=ERR Error to shared memory
write short holdingRegisters(1,665)=ERR Error to shared memory
write short holdingRegisters(1,666)=ERR Error to shared memory
write short holdingRegisters(1,667)=ERR Error to shared memory
write short holdingRegisters(1,668)=ERR Error to shared memory
write short holdingRegisters(1,669)=ERR Error to shared memory
write short holdingRegisters(1,670)=ERR Error to shared memory
write short holdingRegisters(1,671)=ERR Error to shared memory
write short holdingRegisters(1,672)=ERR Error to shared memory
write short holdingRegisters(1,673)=ERR Error to shared memory
write short holdingRegisters(1,674)=ERR Error to shared memory
write short holdingRegisters(1,675)=ERR Error to shared memory
write short holdingRegisters(1,676)=ERR Error to shared memory
write short holdingRegisters(1,677)=ERR Error to shared memory
write short holdingRegisters(1,678)=ERR Error to shared memory
write short holdingRegisters(1,679)=ERR Error to shared memory
write short holdingRegisters(1,680)=ERR Error to shared memory
write short holdingRegisters(1,681)=ERR Error to shared memory
write short holdingRegisters(1,682)=ERR Error to shared memory
write short holdingRegisters(1,683)=ERR Error to shared memory
write short holdingRegisters(1,684)=ERR Error to shared memory
write short holdingRegisters(1,685)=ERR Error to shared memory
write short holdingRegisters(1,686)=ERR Error to shared memory
write short holdingRegisters(1,687)=ERR Error to shared memory
write short holdingRegisters(1,688)=ERR Error to shared memory
write short holdingRegisters(1,689)=ERR Error to shared memory
write short holdingRegisters(1,690)=ERR Error to shared memory
write short holdingRegisters(1,691)=ERR Error to shared memory
write short holdingRegisters(1,692)=ERR Error to shared memory
write short holdingRegisters(1,693)=ERR Error to shared memory
write short holdingRegisters(1,694)=ERR Error to shared memory
write short holdingRegisters(1,695)=ERR Error to shared memory
write short holdingRegisters(1,696)=ERR Error to shared memory
write short holdingRegisters(1,697)=ERR Error to shared memory
write short holdingRegisters(1,698)=ERR Error to shared memory
write short holdingRegisters(1,699)=ERR Error to shared memory
modbusCycle not polling slave1: poll_slave_counter[1]=7
modbusCycle returned error
write short holdingRegisters(1,700)=ERR Error to shared memory
write short holdingRegisters(1,701)=ERR Error to shared memory
write short holdingRegisters(1,702)=ERR Error to shared memory
write short holdingRegisters(1,703)=ERR Error to shared memory
write short holdingRegisters(1,704)=ERR Error to shared memory
write short holdingRegisters(1,705)=ERR Error to shared memory
write short holdingRegisters(1,706)=ERR Error to shared memory
write short holdingRegisters(1,707)=ERR Error to shared memory
write short holdingRegisters(1,708)=ERR Error to shared memory
write short holdingRegisters(1,709)=ERR Error to shared memory
write short holdingRegisters(1,710)=ERR Error to shared memory
write short holdingRegisters(1,711)=ERR Error to shared memory
write short holdingRegisters(1,712)=ERR Error to shared memory
write short holdingRegisters(1,713)=ERR Error to shared memory
write short holdingRegisters(1,714)=ERR Error to shared memory
write short holdingRegisters(1,715)=ERR Error to shared memory
write short holdingRegisters(1,716)=ERR Error to shared memory
write short holdingRegisters(1,717)=ERR Error to shared memory
write short holdingRegisters(1,718)=ERR Error to shared memory
write short holdingRegisters(1,719)=ERR Error to shared memory
write short holdingRegisters(1,720)=ERR Error to shared memory
write short holdingRegisters(1,721)=ERR Error to shared memory
write short holdingRegisters(1,722)=ERR Error to shared memory
write short holdingRegisters(1,723)=ERR Error to shared memory
write short holdingRegisters(1,724)=ERR Error to shared memory
write short holdingRegisters(1,725)=ERR Error to shared memory
write short holdingRegisters(1,726)=ERR Error to shared memory
write short holdingRegisters(1,727)=ERR Error to shared memory
write short holdingRegisters(1,728)=ERR Error to shared memory
write short holdingRegisters(1,729)=ERR Error to shared memory
write short holdingRegisters(1,730)=ERR Error to shared memory
write short holdingRegisters(1,731)=ERR Error to shared memory
write short holdingRegisters(1,732)=ERR Error to shared memory
write short holdingRegisters(1,733)=ERR Error to shared memory
write short holdingRegisters(1,734)=ERR Error to shared memory
write short holdingRegisters(1,735)=ERR Error to shared memory
write short holdingRegisters(1,736)=ERR Error to shared memory
write short holdingRegisters(1,737)=ERR Error to shared memory
write short holdingRegisters(1,738)=ERR Error to shared memory
write short holdingRegisters(1,739)=ERR Error to shared memory
write short holdingRegisters(1,740)=ERR Error to shared memory
write short holdingRegisters(1,741)=ERR Error to shared memory
write short holdingRegisters(1,742)=ERR Error to shared memory
write short holdingRegisters(1,743)=ERR Error to shared memory
write short holdingRegisters(1,744)=ERR Error to shared memory
write short holdingRegisters(1,745)=ERR Error to shared memory
write short holdingRegisters(1,746)=ERR Error to shared memory
write short holdingRegisters(1,747)=ERR Error to shared memory
write short holdingRegisters(1,748)=ERR Error to shared memory
write short holdingRegisters(1,749)=ERR Error to shared memory
modbusCycle not polling slave1: poll_slave_counter[1]=6
modbusCycle returned error
write short holdingRegisters(1,750)=ERR Error to shared memory
write short holdingRegisters(1,751)=ERR Error to shared memory
write short holdingRegisters(1,752)=ERR Error to shared memory
write short holdingRegisters(1,753)=ERR Error to shared memory
write short holdingRegisters(1,754)=ERR Error to shared memory
write short holdingRegisters(1,755)=ERR Error to shared memory
write short holdingRegisters(1,756)=ERR Error to shared memory
write short holdingRegisters(1,757)=ERR Error to shared memory
write short holdingRegisters(1,758)=ERR Error to shared memory
write short holdingRegisters(1,759)=ERR Error to shared memory
write short holdingRegisters(1,760)=ERR Error to shared memory
write short holdingRegisters(1,761)=ERR Error to shared memory
write short holdingRegisters(1,762)=ERR Error to shared memory
write short holdingRegisters(1,763)=ERR Error to shared memory
write short holdingRegisters(1,764)=ERR Error to shared memory
write short holdingRegisters(1,765)=ERR Error to shared memory
write short holdingRegisters(1,766)=ERR Error to shared memory
write short holdingRegisters(1,767)=ERR Error to shared memory
write short holdingRegisters(1,768)=ERR Error to shared memory
write short holdingRegisters(1,769)=ERR Error to shared memory
write short holdingRegisters(1,770)=ERR Error to shared memory
write short holdingRegisters(1,771)=ERR Error to shared memory
write short holdingRegisters(1,772)=ERR Error to shared memory
write short holdingRegisters(1,773)=ERR Error to shared memory
write short holdingRegisters(1,774)=ERR Error to shared memory
write short holdingRegisters(1,775)=ERR Error to shared memory
write short holdingRegisters(1,776)=ERR Error to shared memory
write short holdingRegisters(1,777)=ERR Error to shared memory
write short holdingRegisters(1,778)=ERR Error to shared memory
write short holdingRegisters(1,779)=ERR Error to shared memory
write short holdingRegisters(1,780)=ERR Error to shared memory
write short holdingRegisters(1,781)=ERR Error to shared memory
write short holdingRegisters(1,782)=ERR Error to shared memory
write short holdingRegisters(1,783)=ERR Error to shared memory
write short holdingRegisters(1,784)=ERR Error to shared memory
write short holdingRegisters(1,785)=ERR Error to shared memory
write short holdingRegisters(1,786)=ERR Error to shared memory
write short holdingRegisters(1,787)=ERR Error to shared memory
write short holdingRegisters(1,788)=ERR Error to shared memory
write short holdingRegisters(1,789)=ERR Error to shared memory
write short holdingRegisters(1,790)=ERR Error to shared memory
write short holdingRegisters(1,791)=ERR Error to shared memory
write short holdingRegisters(1,792)=ERR Error to shared memory
write short holdingRegisters(1,793)=ERR Error to shared memory
write short holdingRegisters(1,794)=ERR Error to shared memory
write short holdingRegisters(1,795)=ERR Error to shared memory
write short holdingRegisters(1,796)=ERR Error to shared memory
write short holdingRegisters(1,797)=ERR Error to shared memory
write short holdingRegisters(1,798)=ERR Error to shared memory
write short holdingRegisters(1,799)=ERR Error to shared memory
modbusCycle not polling slave1: poll_slave_counter[1]=5
modbusCycle returned error
write short holdingRegisters(1,800)=ERR Error to shared memory
write short holdingRegisters(1,801)=ERR Error to shared memory
write short holdingRegisters(1,802)=ERR Error to shared memory
write short holdingRegisters(1,803)=ERR Error to shared memory
write short holdingRegisters(1,804)=ERR Error to shared memory
write short holdingRegisters(1,805)=ERR Error to shared memory
write short holdingRegisters(1,806)=ERR Error to shared memory
write short holdingRegisters(1,807)=ERR Error to shared memory
write short holdingRegisters(1,808)=ERR Error to shared memory
write short holdingRegisters(1,809)=ERR Error to shared memory
write short holdingRegisters(1,810)=ERR Error to shared memory
write short holdingRegisters(1,811)=ERR Error to shared memory
write short holdingRegisters(1,812)=ERR Error to shared memory
write short holdingRegisters(1,813)=ERR Error to shared memory
write short holdingRegisters(1,814)=ERR Error to shared memory
write short holdingRegisters(1,815)=ERR Error to shared memory
write short holdingRegisters(1,816)=ERR Error to shared memory
write short holdingRegisters(1,817)=ERR Error to shared memory
write short holdingRegisters(1,818)=ERR Error to shared memory
write short holdingRegisters(1,819)=ERR Error to shared memory
write short holdingRegisters(1,820)=ERR Error to shared memory
write short holdingRegisters(1,821)=ERR Error to shared memory
write short holdingRegisters(1,822)=ERR Error to shared memory
write short holdingRegisters(1,823)=ERR Error to shared memory
write short holdingRegisters(1,824)=ERR Error to shared memory
write short holdingRegisters(1,825)=ERR Error to shared memory
write short holdingRegisters(1,826)=ERR Error to shared memory
write short holdingRegisters(1,827)=ERR Error to shared memory
write short holdingRegisters(1,828)=ERR Error to shared memory
write short holdingRegisters(1,829)=ERR Error to shared memory
write short holdingRegisters(1,830)=ERR Error to shared memory
write short holdingRegisters(1,831)=ERR Error to shared memory
write short holdingRegisters(1,832)=ERR Error to shared memory
write short holdingRegisters(1,833)=ERR Error to shared memory
write short holdingRegisters(1,834)=ERR Error to shared memory
write short holdingRegisters(1,835)=ERR Error to shared memory
write short holdingRegisters(1,836)=ERR Error to shared memory
write short holdingRegisters(1,837)=ERR Error to shared memory
write short holdingRegisters(1,838)=ERR Error to shared memory
write short holdingRegisters(1,839)=ERR Error to shared memory
write short holdingRegisters(1,840)=ERR Error to shared memory
write short holdingRegisters(1,841)=ERR Error to shared memory
write short holdingRegisters(1,842)=ERR Error to shared memory
write short holdingRegisters(1,843)=ERR Error to shared memory
write short holdingRegisters(1,844)=ERR Error to shared memory
write short holdingRegisters(1,845)=ERR Error to shared memory
write short holdingRegisters(1,846)=ERR Error to shared memory
write short holdingRegisters(1,847)=ERR Error to shared memory
write short holdingRegisters(1,848)=ERR Error to shared memory
write short holdingRegisters(1,849)=ERR Error to shared memory
modbusCycle not polling slave1: poll_slave_counter[1]=4
modbusCycle returned error
write short holdingRegisters(1,850)=ERR Error to shared memory
write short holdingRegisters(1,851)=ERR Error to shared memory
write short holdingRegisters(1,852)=ERR Error to shared memory
write short holdingRegisters(1,853)=ERR Error to shared memory
write short holdingRegisters(1,854)=ERR Error to shared memory
write short holdingRegisters(1,855)=ERR Error to shared memory
write short holdingRegisters(1,856)=ERR Error to shared memory
write short holdingRegisters(1,857)=ERR Error to shared memory
write short holdingRegisters(1,858)=ERR Error to shared memory
write short holdingRegisters(1,859)=ERR Error to shared memory
write short holdingRegisters(1,860)=ERR Error to shared memory
write short holdingRegisters(1,861)=ERR Error to shared memory
write short holdingRegisters(1,862)=ERR Error to shared memory
write short holdingRegisters(1,863)=ERR Error to shared memory
write short holdingRegisters(1,864)=ERR Error to shared memory
write short holdingRegisters(1,865)=ERR Error to shared memory
write short holdingRegisters(1,866)=ERR Error to shared memory
write short holdingRegisters(1,867)=ERR Error to shared memory
write short holdingRegisters(1,868)=ERR Error to shared memory
write short holdingRegisters(1,869)=ERR Error to shared memory
write short holdingRegisters(1,870)=ERR Error to shared memory
write short holdingRegisters(1,871)=ERR Error to shared memory
write short holdingRegisters(1,872)=ERR Error to shared memory
write short holdingRegisters(1,873)=ERR Error to shared memory
write short holdingRegisters(1,874)=ERR Error to shared memory
write short holdingRegisters(1,875)=ERR Error to shared memory
write short holdingRegisters(1,876)=ERR Error to shared memory
write short holdingRegisters(1,877)=ERR Error to shared memory
write short holdingRegisters(1,878)=ERR Error to shared memory
write short holdingRegisters(1,879)=ERR Error to shared memory
write short holdingRegisters(1,880)=ERR Error to shared memory
write short holdingRegisters(1,881)=ERR Error to shared memory
write short holdingRegisters(1,882)=ERR Error to shared memory
write short holdingRegisters(1,883)=ERR Error to shared memory
write short holdingRegisters(1,884)=ERR Error to shared memory
write short holdingRegisters(1,885)=ERR Error to shared memory
write short holdingRegisters(1,886)=ERR Error to shared memory
write short holdingRegisters(1,887)=ERR Error to shared memory
write short holdingRegisters(1,888)=ERR Error to shared memory
write short holdingRegisters(1,889)=ERR Error to shared memory
write short holdingRegisters(1,890)=ERR Error to shared memory
write short holdingRegisters(1,891)=ERR Error to shared memory
write short holdingRegisters(1,892)=ERR Error to shared memory
write short holdingRegisters(1,893)=ERR Error to shared memory
write short holdingRegisters(1,894)=ERR Error to shared memory
write short holdingRegisters(1,895)=ERR Error to shared memory
write short holdingRegisters(1,896)=ERR Error to shared memory
write short holdingRegisters(1,897)=ERR Error to shared memory
write short holdingRegisters(1,898)=ERR Error to shared memory
write short holdingRegisters(1,899)=ERR Error to shared memory
modbusCycle not polling slave1: poll_slave_counter[1]=3
modbusCycle returned error
write short holdingRegisters(1,900)=ERR Error to shared memory
write short holdingRegisters(1,901)=ERR Error to shared memory
write short holdingRegisters(1,902)=ERR Error to shared memory
write short holdingRegisters(1,903)=ERR Error to shared memory
write short holdingRegisters(1,904)=ERR Error to shared memory
write short holdingRegisters(1,905)=ERR Error to shared memory
write short holdingRegisters(1,906)=ERR Error to shared memory
write short holdingRegisters(1,907)=ERR Error to shared memory
write short holdingRegisters(1,908)=ERR Error to shared memory
write short holdingRegisters(1,909)=ERR Error to shared memory
write short holdingRegisters(1,910)=ERR Error to shared memory
write short holdingRegisters(1,911)=ERR Error to shared memory
write short holdingRegisters(1,912)=ERR Error to shared memory
write short holdingRegisters(1,913)=ERR Error to shared memory
write short holdingRegisters(1,914)=ERR Error to shared memory
write short holdingRegisters(1,915)=ERR Error to shared memory
write short holdingRegisters(1,916)=ERR Error to shared memory
write short holdingRegisters(1,917)=ERR Error to shared memory
write short holdingRegisters(1,918)=ERR Error to shared memory
write short holdingRegisters(1,919)=ERR Error to shared memory
write short holdingRegisters(1,920)=ERR Error to shared memory
write short holdingRegisters(1,921)=ERR Error to shared memory
write short holdingRegisters(1,922)=ERR Error to shared memory
write short holdingRegisters(1,923)=ERR Error to shared memory
write short holdingRegisters(1,924)=ERR Error to shared memory
write short holdingRegisters(1,925)=ERR Error to shared memory
write short holdingRegisters(1,926)=ERR Error to shared memory
write short holdingRegisters(1,927)=ERR Error to shared memory
write short holdingRegisters(1,928)=ERR Error to shared memory
write short holdingRegisters(1,929)=ERR Error to shared memory
write short holdingRegisters(1,930)=ERR Error to shared memory
write short holdingRegisters(1,931)=ERR Error to shared memory
write short holdingRegisters(1,932)=ERR Error to shared memory
write short holdingRegisters(1,933)=ERR Error to shared memory
write short holdingRegisters(1,934)=ERR Error to shared memory
write short holdingRegisters(1,935)=ERR Error to shared memory
write short holdingRegisters(1,936)=ERR Error to shared memory
write short holdingRegisters(1,937)=ERR Error to shared memory
write short holdingRegisters(1,938)=ERR Error to shared memory
write short holdingRegisters(1,939)=ERR Error to shared memory
write short holdingRegisters(1,940)=ERR Error to shared memory
write short holdingRegisters(1,941)=ERR Error to shared memory
write short holdingRegisters(1,942)=ERR Error to shared memory
write short holdingRegisters(1,943)=ERR Error to shared memory
write short holdingRegisters(1,944)=ERR Error to shared memory
write short holdingRegisters(1,945)=ERR Error to shared memory
write short holdingRegisters(1,946)=ERR Error to shared memory
write short holdingRegisters(1,947)=ERR Error to shared memory
write short holdingRegisters(1,948)=ERR Error to shared memory
write short holdingRegisters(1,949)=ERR Error to shared memory
modbusCycle not polling slave1: poll_slave_counter[1]=2
modbusCycle returned error
write short holdingRegisters(1,950)=ERR Error to shared memory
write short holdingRegisters(1,951)=ERR Error to shared memory
write short holdingRegisters(1,952)=ERR Error to shared memory
write short holdingRegisters(1,953)=ERR Error to shared memory
write short holdingRegisters(1,954)=ERR Error to shared memory
write short holdingRegisters(1,955)=ERR Error to shared memory
write short holdingRegisters(1,956)=ERR Error to shared memory
write short holdingRegisters(1,957)=ERR Error to shared memory
write short holdingRegisters(1,958)=ERR Error to shared memory
write short holdingRegisters(1,959)=ERR Error to shared memory
write short holdingRegisters(1,960)=ERR Error to shared memory
write short holdingRegisters(1,961)=ERR Error to shared memory
write short holdingRegisters(1,962)=ERR Error to shared memory
write short holdingRegisters(1,963)=ERR Error to shared memory
write short holdingRegisters(1,964)=ERR Error to shared memory
write short holdingRegisters(1,965)=ERR Error to shared memory
write short holdingRegisters(1,966)=ERR Error to shared memory
write short holdingRegisters(1,967)=ERR Error to shared memory
write short holdingRegisters(1,968)=ERR Error to shared memory
write short holdingRegisters(1,969)=ERR Error to shared memory
write short holdingRegisters(1,970)=ERR Error to shared memory
write short holdingRegisters(1,971)=ERR Error to shared memory
write short holdingRegisters(1,972)=ERR Error to shared memory
write short holdingRegisters(1,973)=ERR Error to shared memory
write short holdingRegisters(1,974)=ERR Error to shared memory
write short holdingRegisters(1,975)=ERR Error to shared memory
write short holdingRegisters(1,976)=ERR Error to shared memory
write short holdingRegisters(1,977)=ERR Error to shared memory
write short holdingRegisters(1,978)=ERR Error to shared memory
write short holdingRegisters(1,979)=ERR Error to shared memory
write short holdingRegisters(1,980)=ERR Error to shared memory
write short holdingRegisters(1,981)=ERR Error to shared memory
write short holdingRegisters(1,982)=ERR Error to shared memory
write short holdingRegisters(1,983)=ERR Error to shared memory
write short holdingRegisters(1,984)=ERR Error to shared memory
write short holdingRegisters(1,985)=ERR Error to shared memory
write short holdingRegisters(1,986)=ERR Error to shared memory
write short holdingRegisters(1,987)=ERR Error to shared memory
write short holdingRegisters(1,988)=ERR Error to shared memory
write short holdingRegisters(1,989)=ERR Error to shared memory
write short holdingRegisters(1,990)=ERR Error to shared memory
write short holdingRegisters(1,991)=ERR Error to shared memory
write short holdingRegisters(1,992)=ERR Error to shared memory
write short holdingRegisters(1,993)=ERR Error to shared memory
write short holdingRegisters(1,994)=ERR Error to shared memory
write short holdingRegisters(1,995)=ERR Error to shared memory
write short holdingRegisters(1,996)=ERR Error to shared memory
write short holdingRegisters(1,997)=ERR Error to shared memory
write short holdingRegisters(1,998)=ERR Error to shared memory
write short holdingRegisters(1,999)=ERR Error to shared memory
modbusCycle not polling slave1: poll_slave_counter[1]=1
modbusRequest: var=holdingRegisters : slave=1 function=3 start_adr=1000 num_register=50
modbusResponse: ret=100 slave=1 function=3 data=00 00 00 00
write short holdingRegisters(1,1000)=0 to shared memory
write short holdingRegisters(1,1001)=0 to shared memory
write short holdingRegisters(1,1002)=0 to shared memory
write short holdingRegisters(1,1003)=0 to shared memory
write short holdingRegisters(1,1004)=0 to shared memory
write short holdingRegisters(1,1005)=0 to shared memory
write short holdingRegisters(1,1006)=0 to shared memory
write short holdingRegisters(1,1007)=0 to shared memory
write short holdingRegisters(1,1008)=0 to shared memory
write short holdingRegisters(1,1009)=0 to shared memory
write short holdingRegisters(1,1010)=0 to shared memory
write short holdingRegisters(1,1011)=0 to shared memory
write short holdingRegisters(1,1012)=0 to shared memory
write short holdingRegisters(1,1013)=0 to shared memory
write short holdingRegisters(1,1014)=0 to shared memory
write short holdingRegisters(1,1015)=0 to shared memory
write short holdingRegisters(1,1016)=0 to shared memory
write short holdingRegisters(1,1017)=0 to shared memory
write short holdingRegisters(1,1018)=0 to shared memory
write short holdingRegisters(1,1019)=0 to shared memory
write short holdingRegisters(1,1020)=0 to shared memory
write short holdingRegisters(1,1021)=0 to shared memory
write short holdingRegisters(1,1022)=0 to shared memory
write short holdingRegisters(1,1023)=0 to shared memory
write short holdingRegisters(1,1024)=0 to shared memory
write short holdingRegisters(1,1025)=0 to shared memory
write short holdingRegisters(1,1026)=0 to shared memory
write short holdingRegisters(1,1027)=0 to shared memory
write short holdingRegisters(1,1028)=0 to shared memory
write short holdingRegisters(1,1029)=0 to shared memory
write short holdingRegisters(1,1030)=0 to shared memory
write short holdingRegisters(1,1031)=0 to shared memory
write short holdingRegisters(1,1032)=0 to shared memory
write short holdingRegisters(1,1033)=0 to shared memory
write short holdingRegisters(1,1034)=0 to shared memory
write short holdingRegisters(1,1035)=0 to shared memory
write short holdingRegisters(1,1036)=0 to shared memory
write short holdingRegisters(1,1037)=0 to shared memory
write short holdingRegisters(1,1038)=0 to shared memory
write short holdingRegisters(1,1039)=0 to shared memory
write short holdingRegisters(1,1040)=0 to shared memory
write short holdingRegisters(1,1041)=0 to shared memory
write short holdingRegisters(1,1042)=0 to shared memory
write short holdingRegisters(1,1043)=0 to shared memory
write short holdingRegisters(1,1044)=0 to shared memory
write short holdingRegisters(1,1045)=0 to shared memory
write short holdingRegisters(1,1046)=0 to shared memory
write short holdingRegisters(1,1047)=0 to shared memory
write short holdingRegisters(1,1048)=0 to shared memory
write short holdingRegisters(1,1049)=0 to shared memory
modbusRequest: var=holdingRegisters : slave=1 function=3 start_adr=1050 num_register=50
modbusResponse: ret=100 slave=1 function=3 data=00 00 00 00
write short holdingRegisters(1,1050)=0 to shared memory
write short holdingRegisters(1,1051)=0 to shared memory
write short holdingRegisters(1,1052)=0 to shared memory
write short holdingRegisters(1,1053)=0 to shared memory
write short holdingRegisters(1,1054)=0 to shared memory
write short holdingRegisters(1,1055)=0 to shared memory
write short holdingRegisters(1,1056)=0 to shared memory
write short holdingRegisters(1,1057)=0 to shared memory
write short holdingRegisters(1,1058)=0 to shared memory
write short holdingRegisters(1,1059)=0 to shared memory
write short holdingRegisters(1,1060)=0 to shared memory
write short holdingRegisters(1,1061)=0 to shared memory
write short holdingRegisters(1,1062)=0 to shared memory
write short holdingRegisters(1,1063)=0 to shared memory
write short holdingRegisters(1,1064)=0 to shared memory
write short holdingRegisters(1,1065)=0 to shared memory
write short holdingRegisters(1,1066)