./comm/modbus_client/modbus_client starting with debug=1 cycletime=1000 use_socket=1 n_poll_slave=10
num_cycles=3
CYCLE1=50,holdingRegisters(1,100) count=50 name=holdingRegisters(1,100)
CYCLE2=50,holdingRegisters(1,150) count=50 name=holdingRegisters(1,150)
CYCLE3=50,holdingRegisters(1,200) count=50 name=holdingRegisters(1,200)
max_name_length=30
shared_memory_size=65536
success connecting to 172.26.0.17:502
modbusRequest: var=holdingRegisters : slave=1 function=3 start_adr=100 num_register=50
mailboxReadThread: starting
modbusResponse: ret=100 slave=1 function=3 data=00 66 00 00
write short holdingRegisters(1,100)=102 to shared memory
write short holdingRegisters(1,101)=0 to shared memory
write short holdingRegisters(1,102)=0 to shared memory
write short holdingRegisters(1,103)=0 to shared memory
write short holdingRegisters(1,104)=0 to shared memory
write short holdingRegisters(1,105)=0 to shared memory
write short holdingRegisters(1,106)=0 to shared memory
write short holdingRegisters(1,107)=0 to shared memory
write short holdingRegisters(1,108)=0 to shared memory
write short holdingRegisters(1,109)=0 to shared memory
write short holdingRegisters(1,110)=0 to shared memory
write short holdingRegisters(1,111)=0 to shared memory
write short holdingRegisters(1,112)=0 to shared memory
write short holdingRegisters(1,113)=0 to shared memory
write short holdingRegisters(1,114)=0 to shared memory
write short holdingRegisters(1,115)=0 to shared memory
write short holdingRegisters(1,116)=0 to shared memory
write short holdingRegisters(1,117)=0 to shared memory
write short holdingRegisters(1,118)=0 to shared memory
write short holdingRegisters(1,119)=0 to shared memory
write short holdingRegisters(1,120)=0 to shared memory
write short holdingRegisters(1,121)=0 to shared memory
write short holdingRegisters(1,122)=0 to shared memory
write short holdingRegisters(1,123)=0 to shared memory
write short holdingRegisters(1,124)=0 to shared memory
write short holdingRegisters(1,125)=0 to shared memory
write short holdingRegisters(1,126)=0 to shared memory
write short holdingRegisters(1,127)=0 to shared memory
write short holdingRegisters(1,128)=0 to shared memory
write short holdingRegisters(1,129)=0 to shared memory
write short holdingRegisters(1,130)=0 to shared memory
write short holdingRegisters(1,131)=0 to shared memory
write short holdingRegisters(1,132)=0 to shared memory
write short holdingRegisters(1,133)=0 to shared memory
write short holdingRegisters(1,134)=0 to shared memory
write short holdingRegisters(1,135)=0 to shared memory
write short holdingRegisters(1,136)=0 to shared memory
write short holdingRegisters(1,137)=0 to shared memory
write short holdingRegisters(1,138)=0 to shared memory
write short holdingRegisters(1,139)=0 to shared memory
write short holdingRegisters(1,140)=0 to shared memory
write short holdingRegisters(1,141)=0 to shared memory
write short holdingRegisters(1,142)=0 to shared memory
write short holdingRegisters(1,143)=0 to shared memory
write short holdingRegisters(1,144)=0 to shared memory
write short holdingRegisters(1,145)=0 to shared memory
write short holdingRegisters(1,146)=0 to shared memory
write short holdingRegisters(1,147)=0 to shared memory
write short holdingRegisters(1,148)=0 to shared memory
write short holdingRegisters(1,149)=0 to shared memory
modbusRequest: var=holdingRegisters : slave=1 function=3 start_adr=150 num_register=50
modbusResponse: ret=100 slave=1 function=3 data=00 d7 00 00
write short holdingRegisters(1,150)=215 to shared memory
write short holdingRegisters(1,151)=0 to shared memory
write short holdingRegisters(1,152)=0 to shared memory
write short holdingRegisters(1,153)=0 to shared memory
write short holdingRegisters(1,154)=0 to shared memory
write short holdingRegisters(1,155)=0 to shared memory
write short holdingRegisters(1,156)=0 to shared memory
write short holdingRegisters(1,157)=0 to shared memory
write short holdingRegisters(1,158)=0 to shared memory
write short holdingRegisters(1,159)=0 to shared memory
write short holdingRegisters(1,160)=0 to shared memory
write short holdingRegisters(1,161)=0 to shared memory
write short holdingRegisters(1,162)=0 to shared memory
write short holdingRegisters(1,163)=0 to shared memory
write short holdingRegisters(1,164)=0 to shared memory
write short holdingRegisters(1,165)=0 to shared memory
write short holdingRegisters(1,166)=0 to shared memory
write short holdingRegisters(1,167)=0 to shared memory
write short holdingRegisters(1,168)=0 to shared memory
write short holdingRegisters(1,169)=0 to shared memory
write short holdingRegisters(1,170)=0 to shared memory
write short holdingRegisters(1,171)=0 to shared memory
write short holdingRegisters(1,172)=0 to shared memory
write short holdingRegisters(1,173)=0 to shared memory
write short holdingRegisters(1,174)=0 to shared memory
write short holdingRegisters(1,175)=0 to shared memory
write short holdingRegisters(1,176)=0 to shared memory
write short holdingRegisters(1,177)=0 to shared memory
write short holdingRegisters(1,178)=0 to shared memory
write short holdingRegisters(1,179)=0 to shared memory
write short holdingRegisters(1,180)=0 to shared memory
write short holdingRegisters(1,181)=0 to shared memory
write short holdingRegisters(1,182)=0 to shared memory
write short holdingRegisters(1,183)=0 to shared memory
write short holdingRegisters(1,184)=0 to shared memory
write short holdingRegisters(1,185)=0 to shared memory
write short holdingRegisters(1,186)=0 to shared memory
write short holdingRegisters(1,187)=0 to shared memory
write short holdingRegisters(1,188)=0 to shared memory
write short holdingRegisters(1,189)=0 to shared memory
write short holdingRegisters(1,190)=0 to shared memory
write short holdingRegisters(1,191)=0 to shared memory
write short holdingRegisters(1,192)=0 to shared memory
write short holdingRegisters(1,193)=0 to shared memory
write short holdingRegisters(1,194)=0 to shared memory
write short holdingRegisters(1,195)=0 to shared memory
write short holdingRegisters(1,196)=0 to shared memory
write short holdingRegisters(1,197)=0 to shared memory
write short holdingRegisters(1,198)=0 to shared memory
write short holdingRegisters(1,199)=0 to shared memory
modbusRequest: var=holdingRegisters : slave=1 function=3 start_adr=200 num_register=50
modbusResponse: ret=100 slave=1 function=3 data=00 00 00 00
write short holdingRegisters(1,200)=0 to shared memory
write short holdingRegisters(1,201)=0 to shared memory
write short holdingRegisters(1,202)=0 to shared memory
write short holdingRegisters(1,203)=0 to shared memory
write short holdingRegisters(1,204)=0 to shared memory
write short holdingRegisters(1,205)=0 to shared memory
write short holdingRegisters(1,206)=0 to shared memory
write short holdingRegisters(1,207)=0 to shared memory
write short holdingRegisters(1,208)=0 to shared memory
write short holdingRegisters(1,209)=0 to shared memory
write short holdingRegisters(1,210)=0 to shared memory
write short holdingRegisters(1,211)=0 to shared memory
write short holdingRegisters(1,212)=0 to shared memory
write short holdingRegisters(1,213)=0 to shared memory
write short holdingRegisters(1,214)=0 to shared memory
write short holdingRegisters(1,215)=0 to shared memory
write short holdingRegisters(1,216)=0 to shared memory
write short holdingRegisters(1,217)=0 to shared memory
write short holdingRegisters(1,218)=0 to shared memory
write short holdingRegisters(1,219)=0 to shared memory
write short holdingRegisters(1,220)=0 to shared memory
write short holdingRegisters(1,221)=0 to shared memory
write short holdingRegisters(1,222)=0 to shared memory
write short holdingRegisters(1,223)=0 to shared memory
write short holdingRegisters(1,224)=0 to shared memory
write short holdingRegisters(1,225)=0 to shared memory
write short holdingRegisters(1,226)=0 to shared memory
write short holdingRegisters(1,227)=0 to shared memory
write short holdingRegisters(1,228)=0 to shared memory
write short holdingRegisters(1,229)=0 to shared memory
write short holdingRegisters(1,230)=0 to shared memory
write short holdingRegisters(1,231)=0 to shared memory
write short holdingRegisters(1,232)=0 to shared memory
write short holdingRegisters(1,233)=0 to shared memory
write short holdingRegisters(1,234)=0 to shared memory
write short holdingRegisters(1,235)=0 to shared memory
write short holdingRegisters(1,236)=0 to shared memory
write short holdingRegisters(1,237)=0 to shared memory
write short holdingRegisters(1,238)=0 to shared memory
write short holdingRegisters(1,239)=0 to shared memory
write short holdingRegisters(1,240)=0 to shared memory
write short holdingRegisters(1,241)=0 to shared memory
write short holdingRegisters(1,242)=0 to shared memory
write short holdingRegisters(1,243)=0 to shared memory
write short holdingRegisters(1,244)=0 to shared memory
write short holdingRegisters(1,245)=0 to shared memory
write short holdingRegisters(1,246)=0 to shared memory
write short holdingRegisters(1,247)=0 to shared memory
write short holdingRegisters(1,248)=0 to shared memory
write short holdingRegisters(1,249)=0 to shared memory
modbusRequest: var=holdingRegisters : slave=1 function=3 start_adr=100 num_register=50
modbusResponse: ret=100 slave=1 function=3 data=00 66 00 00
write short holdingRegisters(1,100)=102 to shared memory
write short holdingRegisters(1,101)=0 to shared memory
write short holdingRegisters(1,102)=0 to shared memory
write short holdingRegisters(1,103)=0 to shared memory
write short holdingRegisters(1,104)=0 to shared memory
write short holdingRegisters(1,105)=0 to shared memory
write short holdingRegisters(1,106)=0 to shared memory
write short holdingRegisters(1,107)=0 to shared memory
write short holdingRegisters(1,108)=0 to shared memory
write short holdingRegisters(1,109)=0 to shared memory
write short holdingRegisters(1,110)=0 to shared memory
write short holdingRegisters(1,111)=0 to shared memory
write short holdingRegisters(1,112)=0 to shared memory
write short holdingRegisters(1,113)=0 to shared memory
write short holdingRegisters(1,114)=0 to shared memory
write short holdingRegisters(1,115)=0 to shared memory
write short holdingRegisters(1,116)=0 to shared memory
write short holdingRegisters(1,117)=0 to shared memory
write short holdingRegisters(1,118)=0 to shared memory
write short holdingRegisters(1,119)=0 to shared memory
write short holdingRegisters(1,120)=0 to shared memory
write short holdingRegisters(1,121)=0 to shared memory
write short holdingRegisters(1,122)=0 to shared memory
write short holdingRegisters(1,123)=0 to shared memory
write short holdingRegisters(1,124)=0 to shared memory
write short holdingRegisters(1,125)=0 to shared memory
write short holdingRegisters(1,126)=0 to shared memory
write short holdingRegisters(1,127)=0 to shared memory
write short holdingRegisters(1,128)=0 to shared memory
write short holdingRegisters(1,129)=0 to shared memory
write short holdingRegisters(1,130)=0 to shared memory
write short holdingRegisters(1,131)=0 to shared memory
write short holdingRegisters(1,132)=0 to shared memory
write short holdingRegisters(1,133)=0 to shared memory
write short holdingRegisters(1,134)=0 to shared memory
write short holdingRegisters(1,135)=0 to shared memory
write short holdingRegisters(1,136)=0 to shared memory
write short holdingRegisters(1,137)=0 to shared memory
write short holdingRegisters(1,138)=0 to shared memory
write short holdingRegisters(1,139)=0 to shared memory
write short holdingRegisters(1,140)=0 to shared memory
write short holdingRegisters(1,141)=0 to shared memory
write short holdingRegisters(1,142)=0 to shared memory
write short holdingRegisters(1,143)=0 to shared memory
write short holdingRegisters(1,144)=0 to shared memory
write short holdingRegisters(1,145)=0 to shared memory
write short holdingRegisters(1,146)=0 to shared memory
write short holdingRegisters(1,147)=0 to shared memory
write short holdingRegisters(1,148)=0 to shared memory
write short holdingRegisters(1,149)=0 to shared memory
modbusRequest: var=holdingRegisters : slave=1 function=3 start_adr=150 num_register=50
modbusResponse: ret=100 slave=1 function=3 data=00 d7 00 00
write short holdingRegisters(1,150)=215 to shared memory
write short holdingRegisters(1,151)=0 to shared memory
write short holdingRegisters(1,152)=0 to shared memory
write short holdingRegisters(1,153)=0 to shared memory
write short holdingRegisters(1,154)=0 to shared memory
write short holdingRegisters(1,155)=0 to shared memory
write short holdingRegisters(1,156)=0 to shared memory
write short holdingRegisters(1,157)=0 to shared memory
write short holdingRegisters(1,158)=0 to shared memory
write short holdingRegisters(1,159)=0 to shared memory
write short holdingRegisters(1,160)=0 to shared memory
write short holdingRegisters(1,161)=0 to shared memory
write short holdingRegisters(1,162)=0 to shared memory
write short holdingRegisters(1,163)=0 to shared memory
write short holdingRegisters(1,164)=0 to shared memory
write short holdingRegisters(1,165)=0 to shared memory
write short holdingRegisters(1,166)=0 to shared memory
write short holdingRegisters(1,167)=0 to shared memory
write short holdingRegisters(1,168)=0 to shared memory
write short holdingRegisters(1,169)=0 to shared memory
write short holdingRegisters(1,170)=0 to shared memory
write short holdingRegisters(1,171)=0 to shared memory
write short holdingRegisters(1,172)=0 to shared memory
write short holdingRegisters(1,173)=0 to shared memory
write short holdingRegisters(1,174)=0 to shared memory
write short holdingRegisters(1,175)=0 to shared memory
write short holdingRegisters(1,176)=0 to shared memory
write short holdingRegisters(1,177)=0 to shared memory
write short holdingRegisters(1,178)=0 to shared memory
write short holdingRegisters(1,179)=0 to shared memory
write short holdingRegisters(1,180)=0 to shared memory
write short holdingRegisters(1,181)=0 to shared memory
write short holdingRegisters(1,182)=0 to shared memory
write short holdingRegisters(1,183)=0 to shared memory
write short holdingRegisters(1,184)=0 to shared memory
write short holdingRegisters(1,185)=0 to shared memory
write short holdingRegisters(1,186)=0 to shared memory
write short holdingRegisters(1,187)=0 to shared memory
write short holdingRegisters(1,188)=0 to shared memory
write short holdingRegisters(1,189)=0 to shared memory
write short holdingRegisters(1,190)=0 to shared memory
write short holdingRegisters(1,191)=0 to shared memory
write short holdingRegisters(1,192)=0 to shared memory
write short holdingRegisters(1,193)=0 to shared memory
write short holdingRegisters(1,194)=0 to shared memory
write short holdingRegisters(1,195)=0 to shared memory
write short holdingRegisters(1,196)=0 to shared memory
write short holdingRegisters(1,197)=0 to shared memory
write short holdingRegisters(1,198)=0 to shared memory
write short holdingRegisters(1,199)=0 to shared memory
modbusRequest: var=holdingRegisters : slave=1 function=3 start_adr=200 num_register=50
modbusResponse: ret=100 slave=1 function=3 data=00 00 00 00
write short holdingRegisters(1,200)=0 to shared memory
write short holdingRegisters(1,201)=0 to shared memory
write short holdingRegisters(1,202)=0 to shared memory
write short holdingRegisters(1,203)=0 to shared memory
write short holdingRegisters(1,204)=0 to shared memory
write short holdingRegisters(1,205)=0 to shared memory
write short holdingRegisters(1,206)=0 to shared memory
write short holdingRegisters(1,207)=0 to shared memory
write short holdingRegisters(1,208)=0 to shared memory
write short holdingRegisters(1,209)=0 to shared memory
write short holdingRegisters(1,210)=0 to shared memory
write short holdingRegisters(1,211)=0 to shared memory
write short holdingRegisters(1,212)=0 to shared memory
write short holdingRegisters(1,213)=0 to shared memory
write short holdingRegisters(1,214)=0 to shared memory
write short holdingRegisters(1,215)=0 to shared memory
write short holdingRegisters(1,216)=0 to shared memory
write short holdingRegisters(1,217)=0 to shared memory
write short holdingRegisters(1,218)=0 to shared memory
write short holdingRegisters(1,219)=0 to shared memory
write short holdingRegisters(1,220)=0 to shared memory
write short holdingRegisters(1,221)=0 to shared memory
write short holdingRegisters(1,222)=0 to shared memory
write short holdingRegisters(1,223)=0 to shared memory
write short holdingRegisters(1,224)=0 to shared memory
write short holdingRegisters(1,225)=0 to shared memory
write short holdingRegisters(1,226)=0 to shared memory
write short holdingRegisters(1,227)=0 to shared memory
write short holdingRegisters(1,228)=0 to shared memory
write short holdingRegisters(1,229)=0 to shared memory
write short holdingRegisters(1,230)=0 to shared memory
write short holdingRegisters(1,231)=0 to shared memory
write short holdingRegisters(1,232)=0 to shared memory
write short holdingRegisters(1,233)=0 to shared memory
write short holdingRegisters(1,234)=0 to shared memory
write short holdingRegisters(1,235)=0 to shared memory
write short holdingRegisters(1,236)=0 to shared memory
write short holdingRegisters(1,237)=0 to shared memory
write short holdingRegisters(1,238)=0 to shared memory
write short holdingRegisters(1,239)=0 to shared memory
write short holdingRegisters(1,240)=0 to shared memory
write short holdingRegisters(1,241)=0 to shared memory
write short holdingRegisters(1,242)=0 to shared memory
write short holdingRegisters(1,243)=0 to shared memory
write short holdingRegisters(1,244)=0 to shared memory
write short holdingRegisters(1,245)=0 to shared memory
write short holdingRegisters(1,246)=0 to shared memory
write short holdingRegisters(1,247)=0 to shared memory
write short holdingRegisters(1,248)=0 to shared memory
write short holdingRegisters(1,249)=0 to shared memory
modbusRequest: var=holdingRegisters : slave=1 function=3 start_adr=100 num_register=50
modbusResponse: ret=100 slave=1 function=3 data=00 66 00 00
write short holdingRegisters(1,100)=102 to shared memory
write short holdingRegisters(1,101)=0 to shared memory
write short holdingRegisters(1,102)=0 to shared memory
write short holdingRegisters(1,103)=0 to shared memory
write short holdingRegisters(1,104)=0 to shared memory
write short holdingRegisters(1,105)=0 to shared memory
write short holdingRegisters(1,106)=0 to shared memory
write short holdingRegisters(1,107)=0 to shared memory
write short holdingRegisters(1,108)=0 to shared memory
write short holdingRegisters(1,109)=0 to shared memory
write short holdingRegisters(1,110)=0 to shared memory
write short holdingRegisters(1,111)=0 to shared memory
write short holdingRegisters(1,112)=0 to shared memory
write short holdingRegisters(1,113)=0 to shared memory
write short holdingRegisters(1,114)=0 to shared memory
write short holdingRegisters(1,115)=0 to shared memory
write short holdingRegisters(1,116)=0 to shared memory
write short holdingRegisters(1,117)=0 to shared memory
write short holdingRegisters(1,118)=0 to shared memory
write short holdingRegisters(1,119)=0 to shared memory
write short holdingRegisters(1,120)=0 to shared memory
write short holdingRegisters(1,121)=0 to shared memory
write short holdingRegisters(1,122)=0 to shared memory
write short holdingRegisters(1,123)=0 to shared memory
write short holdingRegisters(1,124)=0 to shared memory
write short holdingRegisters(1,125)=0 to shared memory
write short holdingRegisters(1,126)=0 to shared memory
write short holdingRegisters(1,127)=0 to shared memory
write short holdingRegisters(1,128)=0 to shared memory
write short holdingRegisters(1,129)=0 to shared memory
write short holdingRegisters(1,130)=0 to shared memory
write short holdingRegisters(1,131)=0 to shared memory
write short holdingRegisters(1,132)=0 to shared memory
write short holdingRegisters(1,133)=0 to shared memory
write short holdingRegisters(1,134)=0 to shared memory
write short holdingRegisters(1,135)=0 to shared memory
write short holdingRegisters(1,136)=0 to shared memory
write short holdingRegisters(1,137)=0 to shared memory
write short holdingRegisters(1,138)=0 to shared memory
write short holdingRegisters(1,139)=0 to shared memory
write short holdingRegisters(1,140)=0 to shared memory
write short holdingRegisters(1,141)=0 to shared memory
write short holdingRegisters(1,142)=0 to shared memory
write short holdingRegisters(1,143)=0 to shared memory
write short holdingRegisters(1,144)=0 to shared memory
write short holdingRegisters(1,145)=0 to shared memory
write short holdingRegisters(1,146)=0 to shared memory
write short holdingRegisters(1,147)=0 to shared memory
write short holdingRegisters(1,148)=0 to shared memory
write short holdingRegisters(1,149)=0 to shared memory
modbusRequest: var=holdingRegisters : slave=1 function=3 start_adr=150 num_register=50
modbusResponse: ret=100 slave=1 function=3 data=00 d7 00 00
write short holdingRegisters(1,150)=215 to shared memory
write short holdingRegisters(1,151)=0 to shared memory
write short holdingRegisters(1,152)=0 to shared memory
write short holdingRegisters(1,153)=0 to shared memory
write short holdingRegisters(1,154)=0 to shared memory
write short holdingRegisters(1,155)=0 to shared memory
write short holdingRegisters(1,156)=0 to shared memory
write short holdingRegisters(1,157)=0 to shared memory
write short holdingRegisters(1,158)=0 to shared memory
write short holdingRegisters(1,159)=0 to shared memory
write short holdingRegisters(1,160)=0 to shared memory
write short holdingRegisters(1,161)=0 to shared memory
write short holdingRegisters(1,162)=0 to shared memory
write short holdingRegisters(1,163)=0 to shared memory
write short holdingRegisters(1,164)=0 to shared memory
write short holdingRegisters(1,165)=0 to shared memory
write short holdingRegisters(1,166)=0 to shared memory
write short holdingRegisters(1,167)=0 to shared memory
write short holdingRegisters(1,168)=0 to shared memory
write short holdingRegisters(1,169)=0 to shared memory
write short holdingRegisters(1,170)=0 to shared memory
write short holdingRegisters(1,171)=0 to shared memory
write short holdingRegisters(1,172)=0 to shared memory
write short holdingRegisters(1,173)=0 to shared memory
write short holdingRegisters(1,174)=0 to shared memory
write short holdingRegisters(1,175)=0 to shared memory
write short holdingRegisters(1,176)=0 to shared memory
write short holdingRegisters(1,177)=0 to shared memory
write short holdingRegisters(1,178)=0 to shared memory
write short holdingRegisters(1,179)=0 to shared memory
write short holdingRegisters(1,180)=0 to shared memory
write short holdingRegisters(1,181)=0 to shared memory
write short holdingRegisters(1,182)=0 to shared memory
write short holdingRegisters(1,183)=0 to shared memory
write short holdingRegisters(1,184)=0 to shared memory
write short holdingRegisters(1,185)=0 to shared memory
write short holdingRegisters(1,186)=0 to shared memory
write short holdingRegisters(1,187)=0 to shared memory
write short holdingRegisters(1,188)=0 to shared memory
write short holdingRegisters(1,189)=0 to shared memory
write short holdingRegisters(1,190)=0 to shared memory
write short holdingRegisters(1,191)=0 to shared memory
write short holdingRegisters(1,192)=0 to shared memory
write short holdingRegisters(1,193)=0 to shared memory
write short holdingRegisters(1,194)=0 to shared memory
write short holdingRegisters(1,195)=0 to shared memory
write short holdingRegisters(1,196)=0 to shared memory
write short holdingRegisters(1,197)=0 to shared memory
write short holdingRegisters(1,198)=0 to shared memory
write short holdingRegisters(1,199)=0 to shared memory
modbusRequest: var=holdingRegisters : slave=1 function=3 start_adr=200 num_register=50
modbusResponse: ret=100 slave=1 function=3 data=00 00 00 00
write short holdingRegisters(1,200)=0 to shared memory
write short holdingRegisters(1,201)=0 to shared memory
write short holdingRegisters(1,202)=0 to shared memory
write short holdingRegisters(1,203)=0 to shared memory
write short holdingRegisters(1,204)=0 to shared memory
write short holdingRegisters(1,205)=0 to shared memory
write short holdingRegisters(1,206)=0 to shared memory
write short holdingRegisters(1,207)=0 to shared memory
write short holdingRegisters(1,208)=0 to shared memory
write short holdingRegisters(1,209)=0 to shared memory
write short holdingRegisters(1,210)=0 to shared memory
write short holdingRegisters(1,211)=0 to shared memory
write short holdingRegisters(1,212)=0 to shared memory
write short holdingRegisters(1,213)=0 to shared memory
write short holdingRegisters(1,214)=0 to shared memory
write short holdingRegisters(1,215)=0 to shared memory
write short holdingRegisters(1,216)=0 to shared memory
write short holdingRegisters(1,217)=0 to shared memory
write short holdingRegisters(1,218)=0 to shared memory
write short holdingRegisters(1,219)=0 to shared memory
write short holdingRegisters(1,220)=0 to shared memory
write short holdingRegisters(1,221)=0 to shared memory
write short holdingRegisters(1,222)=0 to shared memory
write short holdingRegisters(1,223)=0 to shared memory
write short holdingRegisters(1,224)=0 to shared memory
write short holdingRegisters(1,225)=0 to shared memory
write short holdingRegisters(1,226)=0 to shared memory
write short holdingRegisters(1,227)=0 to shared memory
write short holdingRegisters(1,228)=0 to shared memory
write short holdingRegisters(1,229)=0 to shared memory
write short holdingRegisters(1,230)=0 to shared memory
write short holdingRegisters(1,231)=0 to shared memory
write short holdingRegisters(1,232)=0 to shared memory
write short holdingRegisters(1,233)=0 to shared memory
write short holdingRegisters(1,234)=0 to shared memory
write short holdingRegisters(1,235)=0 to shared memory
write short holdingRegisters(1,236)=0 to shared memory
write short holdingRegisters(1,237)=0 to shared memory
write short holdingRegisters(1,238)=0 to shared memory
write short holdingRegisters(1,239)=0 to shared memory
write short holdingRegisters(1,240)=0 to shared memory
write short holdingRegisters(1,241)=0 to shared memory
write short holdingRegisters(1,242)=0 to shared memory
write short holdingRegisters(1,243)=0 to shared memory
write short holdingRegisters(1,244)=0 to shared memory
write short holdingRegisters(1,245)=0 to shared memory
write short holdingRegisters(1,246)=0 to shared memory
write short holdingRegisters(1,247)=0 to shared memory
write short holdingRegisters(1,248)=0 to shared memory
write short holdingRegisters(1,249)=0 to shared memory
modbusRequest: var=holdingRegisters : slave=1 function=3 start_adr=100 num_register=50
modbusResponse: ret=100 slave=1 function=3 data=00 66 00 00
write short holdingRegisters(1,100)=102 to shared memory
write short holdingRegisters(1,101)=0 to shared memory
write short holdingRegisters(1,102)=0 to shared memory
write short holdingRegisters(1,103)=0 to shared memory
write short holdingRegisters(1,104)=0 to shared memory
write short holdingRegisters(1,105)=0 to shared memory
write short holdingRegisters(1,106)=0 to shared memory
write short holdingRegisters(1,107)=0 to shared memory
write short holdingRegisters(1,108)=0 to shared memory
write short holdingRegisters(1,109)=0 to shared memory
write short holdingRegisters(1,110)=0 to shared memory
write short holdingRegisters(1,111)=0 to shared memory
write short holdingRegisters(1,112)=0 to shared memory
write short holdingRegisters(1,113)=0 to shared memory
write short holdingRegisters(1,114)=0 to shared memory
write short holdingRegisters(1,115)=0 to shared memory
write short holdingRegisters(1,116)=0 to shared memory
write short holdingRegisters(1,117)=0 to shared memory
write short holdingRegisters(1,118)=0 to shared memory
write short holdingRegisters(1,119)=0 to shared memory
write short holdingRegisters(1,120)=0 to shared memory
write short holdingRegisters(1,121)=0 to shared memory
write short holdingRegisters(1,122)=0 to shared memory
write short holdingRegisters(1,123)=0 to shared memory
write short holdingRegisters(1,124)=0 to shared memory
write short holdingRegisters(1,125)=0 to shared memory
write short holdingRegisters(1,126)=0 to shared memory
write short holdingRegisters(1,127)=0 to shared memory
write short holdingRegisters(1,128)=0 to shared memory
write short holdingRegisters(1,129)=0 to shared memory
write short holdingRegisters(1,130)=0 to shared memory
write short holdingRegisters(1,131)=0 to shared memory
write short holdingRegisters(1,132)=0 to shared memory
write short holdingRegisters(1,133)=0 to shared memory
write short holdingRegisters(1,134)=0 to shared memory
write short holdingRegisters(1,135)=0 to shared memory
write short holdingRegisters(1,136)=0 to shared memory
write short holdingRegisters(1,137)=0 to shared memory
write short holdingRegisters(1,138)=0 to shared memory
write short holdingRegisters(1,139)=0 to shared memory
write short holdingRegisters(1,140)=0 to shared memory
write short holdingRegisters(1,141)=0 to shared memory
write short holdingRegisters(1,142)=0 to shared memory
write short holdingRegisters(1,143)=0 to shared memory
write short holdingRegisters(1,144)=0 to shared memory
write short holdingRegisters(1,145)=0 to shared memory
write short holdingRegisters(1,146)=0 to shared memory
write short holdingRegisters(1,147)=0 to shared memory
write short holdingRegisters(1,148)=0 to shared memory
write short holdingRegisters(1,149)=0 to shared memory
modbusRequest: var=holdingRegisters : slave=1 function=3 start_adr=150 num_register=50
modbusResponse: ret=100 slave=1 function=3 data=00 d7 00 00
write short holdingRegisters(1,150)=215 to shared memory
write short holdingRegisters(1,151)=0 to shared memory
write short holdingRegisters(1,152)=0 to shared memory
write short holdingRegisters(1,153)=0 to shared memory
write short holdingRegisters(1,154)=0 to shared memory
write short holdingRegisters(1,155)=0 to shared memory
write short holdingRegisters(1,156)=0 to shared memory
write short holdingRegisters(1,157)=0 to shared memory
write short holdingRegisters(1,158)=0 to shared memory
write short holdingRegisters(1,159)=0 to shared memory
write short holdingRegisters(1,160)=0 to shared memory
write short holdingRegisters(1,161)=0 to shared memory
write short holdingRegisters(1,162)=0 to shared memory
write short holdingRegisters(1,163)=0 to shared memory
write short holdingRegisters(1,164)=0 to shared memory
write short holdingRegisters(1,165)=0 to shared memory
write short holdingRegisters(1,166)=0 to shared memory
write short holdingRegisters(1,167)=0 to shared memory
write short holdingRegisters(1,168)=0 to shared memory
write short holdingRegisters(1,169)=0 to shared memory
write short holdingRegisters(1,170)=0 to shared memory
write short holdingRegisters(1,171)=0 to shared memory
write short holdingRegisters(1,172)=0 to shared memory
write short holdingRegisters(1,173)=0 to shared memory
write short holdingRegisters(1,174)=0 to shared memory
write short holdingRegisters(1,175)=0 to shared memory
write short holdingRegisters(1,176)=0 to shared memory
write short holdingRegisters(1,177)=0 to shared memory
write short holdingRegisters(1,178)=0 to shared memory
write short holdingRegisters(1,179)=0 to shared memory
write short holdingRegisters(1,180)=0 to shared memory
write short holdingRegisters(1,181)=0 to shared memory
write short holdingRegisters(1,182)=0 to shared memory
write short holdingRegisters(1,183)=0 to shared memory
write short holdingRegisters(1,184)=0 to shared memory
write short holdingRegisters(1,185)=0 to shared memory
write short holdingRegisters(1,186)=0 to shared memory
write short holdingRegisters(1,187)=0 to shared memory
write short holdingRegisters(1,188)=0 to shared memory
write short holdingRegisters(1,189)=0 to shared memory
write short holdingRegisters(1,190)=0 to shared memory
write short holdingRegisters(1,191)=0 to shared memory
write short holdingRegisters(1,192)=0 to shared memory
write short holdingRegisters(1,193)=0 to shared memory
write short holdingRegisters(1,194)=0 to shared memory
write short holdingRegisters(1,195)=0 to shared memory
write short holdingRegisters(1,196)=0 to shared memory
write short holdingRegisters(1,197)=0 to shared memory
write short holdingRegisters(1,198)=0 to shared memory
write short holdingRegisters(1,199)=0 to shared memory
modbusRequest: var=holdingRegisters : slave=1 function=3 start_adr=200 num_register=50
modbusResponse: ret=100 slave=1 function=3 data=00 00 00 00
write short holdingRegisters(1,200)=0 to shared memory
write short holdingRegisters(1,201)=0 to shared memory
write short holdingRegisters(1,202)=0 to shared memory
write short holdingRegisters(1,203)=0 to shared memory
write short holdingRegisters(1,204)=0 to shared memory
write short holdingRegisters(1,205)=0 to shared memory
write short holdingRegisters(1,206)=0 to shared memory
write short holdingRegisters(1,207)=0 to shared memory
write short holdingRegisters(1,208)=0 to shared memory
write short holdingRegisters(1,209)=0 to shared memory
write short holdingRegisters(1,210)=0 to shared memory
write short holdingRegisters(1,211)=0 to shared memory
write short holdingRegisters(1,212)=0 to shared memory
write short holdingRegisters(1,213)=0 to shared memory
write short holdingRegisters(1,214)=0 to shared memory
write short holdingRegisters(1,215)=0 to shared memory
write short holdingRegisters(1,216)=0 to shared memory
write short holdingRegisters(1,217)=0 to shared memory
write short holdingRegisters(1,218)=0 to shared memory
write short holdingRegisters(1,219)=0 to shared memory
write short holdingRegisters(1,220)=0 to shared memory
write short holdingRegisters(1,221)=0 to shared memory
write short holdingRegisters(1,222)=0 to shared memory
write short holdingRegisters(1,223)=0 to shared memory
write short holdingRegisters(1,224)=0 to shared memory
write short holdingRegisters(1,225)=0 to shared memory
write short holdingRegisters(1,226)=0 to shared memory
write short holdingRegisters(1,227)=0 to shared memory
write short holdingRegisters(1,228)=0 to shared memory
write short holdingRegisters(1,229)=0 to shared memory
write short holdingRegisters(1,230)=0 to shared memory
write short holdingRegisters(1,231)=0 to shared memory
write short holdingRegisters(1,232)=0 to shared memory
write short holdingRegisters(1,233)=0 to shared memory
write short holdingRegisters(1,234)=0 to shared memory
write short holdingRegisters(1,235)=0 to shared memory
write short holdingRegisters(1,236)=0 to shared memory
write short holdingRegisters(1,237)=0 to shared memory
write short holdingRegisters(1,238)=0 to shared memory
write short holdingRegisters(1,239)=0 to shared memory
write short holdingRegisters(1,240)=0 to shared memory
write short holdingRegisters(1,241)=0 to shared memory
write short holdingRegisters(1,242)=0 to shared memory
write short holdingRegisters(1,243)=0 to shared memory
write short holdingRegisters(1,244)=0 to shared memory
write short holdingRegisters(1,245)=0 to shared memory
write short holdingRegisters(1,246)=0 to shared memory
write short holdingRegisters(1,247)=0 to shared memory
write short holdingRegisters(1,248)=0 to shared memory
write short holdingRegisters(1,249)=0 to shared memory
modbusRequest: var=holdingRegisters : slave=1 function=3 start_adr=100 num_register=50
modbusResponse: ret=100 slave=1 function=3 data=00 66 00 00
write short holdingRegisters(1,100)=102 to shared memory
write short holdingRegisters(1,101)=0 to shared memory
write short holdingRegisters(1,102)=0 to shared memory
write short holdingRegisters(1,103)=0 to shared memory
write short holdingRegisters(1,104)=0 to shared memory
write short holdingRegisters(1,105)=0 to shared memory
write short holdingRegisters(1,106)=0 to shared memory
write short holdingRegisters(1,107)=0 to shared memory
write short holdingRegisters(1,108)=0 to shared memory
write short holdingRegisters(1,109)=0 to shared memory
write short holdingRegisters(1,110)=0 to shared memory
write short holdingRegisters(1,111)=0 to shared memory
write short holdingRegisters(1,112)=0 to shared memory
write short holdingRegisters(1,113)=0 to shared memory
write short holdingRegisters(1,114)=0 to shared memory
write short holdingRegisters(1,115)=0 to shared memory
write short holdingRegisters(1,116)=0 to shared memory
write short holdingRegisters(1,117)=0 to shared memory
write short holdingRegisters(1,118)=0 to shared memory
write short holdingRegisters(1,119)=0 to shared memory
write short holdingRegisters(1,120)=0 to shared memory
write short holdingRegisters(1,121)=0 to shared memory
write short holdingRegisters(1,122)=0 to shared memory
write short holdingRegisters(1,123)=0 to shared memory
write short holdingRegisters(1,124)=0 to shared memory
write short holdingRegisters(1,125)=0 to shared memory
write short holdingRegisters(1,126)=0 to shared memory
write short holdingRegisters(1,127)=0 to shared memory
write short holdingRegisters(1,128)=0 to shared memory
write short holdingRegisters(1,129)=0 to shared memory
write short holdingRegisters(1,130)=0 to shared memory
write short holdingRegisters(1,131)=0 to shared memory
write short holdingRegisters(1,132)=0 to shared memory
write short holdingRegisters(1,133)=0 to shared memory
write short holdingRegisters(1,134)=0 to shared memory
write short holdingRegisters(1,135)=0 to shared memory
write short holdingRegisters(1,136)=0 to shared memory
write short holdingRegisters(1,137)=0 to shared memory
write short holdingRegisters(1,138)=0 to shared memory
write short holdingRegisters(1,139)=0 to shared memory
write short holdingRegisters(1,140)=0 to shared memory
write short holdingRegisters(1,141)=0 to shared memory
write short holdingRegisters(1,142)=0 to shared memory
write short holdingRegisters(1,143)=0 to shared memory
write short holdingRegisters(1,144)=0 to shared memory
write short holdingRegisters(1,145)=0 to shared memory
write short holdingRegisters(1,146)=0 to shared memory
write short holdingRegisters(1,147)=0 to shared memory
write short holdingRegisters(1,148)=0 to shared memory
write short holdingRegisters(1,149)=0 to shared memory
modbusRequest: var=holdingRegisters : slave=1 function=3 start_adr=150 num_register=50
modbusResponse: ret=100 slave=1 function=3 data=00 d7 00 00
write short holdingRegisters(1,150)=215 to shared memory
write short holdingRegisters(1,151)=0 to shared memory
write short holdingRegisters(1,152)=0 to shared memory
write short holdingRegisters(1,153)=0 to shared memory
write short holdingRegisters(1,154)=0 to shared memory
write short holdingRegisters(1,155)=0 to shared memory
write short holdingRegisters(1,156)=0 to shared memory
write short holdingRegisters(1,157)=0 to shared memory
write short holdingRegisters(1,158)=0 to shared memory
write short holdingRegisters(1,159)=0 to shared memory
write short holdingRegisters(1,160)=0 to shared memory
write short holdingRegisters(1,161)=0 to shared memory
write short holdingRegisters(1,162)=0 to shared memory
write short holdingRegisters(1,163)=0 to shared memory
write short holdingRegisters(1,164)=0 to shared memory
write short holdingRegisters(1,165)=0 to shared memory
write short holdingRegisters(1,166)=0 to shared memory
write short holdingRegisters(1,167)=0 to shared memory
write short holdingRegisters(1,168)=0 to shared memory
write short holdingRegisters(1,169)=0 to shared memory
write short holdingRegisters(1,170)=0 to shared memory
write short holdingRegisters(1,171)=0 to shared memory
write short holdingRegisters(1,172)=0 to shared memory
write short holdingRegisters(1,173)=0 to shared memory
write short holdingRegisters(1,174)=0 to shared memory
write short holdingRegisters(1,175)=0 to shared memory
write short holdingRegisters(1,176)=0 to shared memory
write short holdingRegisters(1,177)=0 to shared memory
write short holdingRegisters(1,178)=0 to shared memory
write short holdingRegisters(1,179)=0 to shared memory
write short holdingRegisters(1,180)=0 to shared memory
write short holdingRegisters(1,181)=0 to shared memory
write short holdingRegisters(1,182)=0 to shared memory
write short holdingRegisters(1,183)=0 to shared memory
write short holdingRegisters(1,184)=0 to shared memory
write short holdingRegisters(1,185)=0 to shared memory
write short holdingRegisters(1,186)=0 to shared memory
write short holdingRegisters(1,187)=0 to shared memory
write short holdingRegisters(1,188)=0 to shared memory
write short holdingRegisters(1,189)=0 to shared memory
write short holdingRegisters(1,190)=0 to shared memory
write short holdingRegisters(1,191)=0 to shared memory
write short holdingRegisters(1,192)=0 to shared memory
write short holdingRegisters(1,193)=0 to shared memory
write short holdingRegisters(1,194)=0 to shared memory
write short holdingRegisters(1,195)=0 to shared memory
write short holdingRegisters(1,196)=0 to shared memory
write short holdingRegisters(1,197)=0 to shared memory
write short holdingRegisters(1,198)=0 to shared memory
write short holdingRegisters(1,199)=0 to shared memory
modbusRequest: var=holdingRegisters : slave=1 function=3 start_adr=200 num_register=50
modbusResponse: ret=100 slave=1 function=3 data=00 00 00 00
write short holdingRegisters(1,200)=0 to shared memory
write short holdingRegisters(1,201)=0 to shared memory
write short holdingRegisters(1,202)=0 to shared memory
write short holdingRegisters(1,203)=0 to shared memory
write short holdingRegisters(1,204)=0 to shared memory
write short holdingRegisters(1,205)=0 to shared memory
write short holdingRegisters(1,206)=0 to shared memory
write short holdingRegisters(1,207)=0 to shared memory
write short holdingRegisters(1,208)=0 to shared memory
write short holdingRegisters(1,209)=0 to shared memory
write short holdingRegisters(1,210)=0 to shared memory
write short holdingRegisters(1,211)=0 to shared memory
write short holdingRegisters(1,212)=0 to shared memory
write short holdingRegisters(1,213)=0 to shared memory
write short holdingRegisters(1,214)=0 to shared memory
write short holdingRegisters(1,215)=0 to shared memory
write short holdingRegisters(1,216)=0 to shared memory
write short holdingRegisters(1,217)=0 to shared memory
write short holdingRegisters(1,218)=0 to shared memory
write short holdingRegisters(1,219)=0 to shared memory
write short holdingRegisters(1,220)=0 to shared memory
write short holdingRegisters(1,221)=0 to shared memory
write short holdingRegisters(1,222)=0 to shared memory
write short holdingRegisters(1,223)=0 to shared memory
write short holdingRegisters(1,224)=0 to shared memory
write short holdingRegisters(1,225)=0 to shared memory
write short holdingRegisters(1,226)=0 to shared memory
write short holdingRegisters(1,227)=0 to shared memory
write short holdingRegisters(1,228)=0 to shared memory
write short holdingRegisters(1,229)=0 to shared memory
write short holdingRegisters(1,230)=0 to shared memory
write short holdingRegisters(1,231)=0 to shared memory
write short holdingRegisters(1,232)=0 to shared memory
write short holdingRegisters(1,233)=0 to shared memory
write short holdingRegisters(1,234)=0 to shared memory
write short holdingRegisters(1,235)=0 to shared memory
write short holdingRegisters(1,236)=0 to shared memory
write short holdingRegisters(1,237)=0 to shared memory
write short holdingRegisters(1,238)=0 to shared memory
write short holdingRegisters(1,239)=0 to shared memory
write short holdingRegisters(1,240)=0 to shared memory
write short holdingRegisters(1,241)=0 to shared memory
write short holdingRegisters(1,242)=0 to shared memory
write short holdingRegisters(1,243)=0 to shared memory
write short holdingRegisters(1,244)=0 to shared memory
write short holdingRegisters(1,245)=0 to shared memory
write short holdingRegisters(1,246)=0 to shared memory
write short holdingRegisters(1,247)=0 to shared memory
write short holdingRegisters(1,248)=0 to shared memory
write short holdingRegisters(1,249)=0 to shared memory
modbusRequest: var=holdingRegisters : slave=1 function=3 start_adr=100 num_register=50
modbusResponse: ret=100 slave=1 function=3 data=00 66 00 00
write short holdingRegisters(1,100)=102 to shared memory
write short holdingRegisters(1,101)=0 to shared memory
write short holdingRegisters(1,102)=0 to shared memory
write short holdingRegisters(1,103)=0 to shared memory
write short holdingRegisters(1,104)=0 to shared memory
write short holdingRegisters(1,105)=0 to shared memory
write short holdingRegisters(1,106)=0 to shared memory
write short holdingRegisters(1,107)=0 to shared memory
write short holdingRegisters(1,108)=0 to shared memory
write short holdingRegisters(1,109)=0 to shared memory
write short holdingRegisters(1,110)=0 to shared memory
write short holdingRegisters(1,111)=0 to shared memory
write short holdingRegisters(1,112)=0 to shared memory
write short holdingRegisters(1,113)=0 to shared memory
write short holdingRegisters(1,114)=0 to shared memory
write short holdingRegisters(1,115)=0 to shared memory
write short holdingRegisters(1,116)=0 to shared memory
write short holdingRegisters(1,117)=0 to shared memory
write short holdingRegisters(1,118)=0 to shared memory
write short holdingRegisters(1,119)=0 to shared memory
write short holdingRegisters(1,120)=0 to shared memory
write short holdingRegisters(1,121)=0 to shared memory
write short holdingRegisters(1,122)=0 to shared memory
write short holdingRegisters(1,123)=0 to shared memory
write short holdingRegisters(1,124)=0 to shared memory
write short holdingRegisters(1,125)=0 to shared memory
write short holdingRegisters(1,126)=0 to shared memory
write short holdingRegisters(1,127)=0 to shared memory
write short holdingRegisters(1,128)=0 to shared memory
write short holdingRegisters(1,129)=0 to shared memory
write short holdingRegisters(1,130)=0 to shared memory
write short holdingRegisters(1,131)=0 to shared memory
write short holdingRegisters(1,132)=0 to shared memory
write short holdingRegisters(1,133)=0 to shared memory
write short holdingRegisters(1,134)=0 to shared memory
write short holdingRegisters(1,135)=0 to shared memory
write short holdingRegisters(1,136)=0 to shared memory
write short holdingRegisters(1,137)=0 to shared memory
write short holdingRegisters(1,138)=0 to shared memory
write short holdingRegisters(1,139)=0 to shared memory
write short holdingRegisters(1,140)=0 to shared memory
write short holdingRegisters(1,141)=0 to shared memory
write short holdingRegisters(1,142)=0 to shared memory
write short holdingRegisters(1,143)=0 to shared memory
write short holdingRegisters(1,144)=0 to shared memory
write short holdingRegisters(1,145)=0 to shared memory
write short holdingRegisters(1,146)=0 to shared memory
write short holdingRegisters(1,147)=0 to shared memory
write short holdingRegisters(1,148)=0 to shared memory
write short holdingRegisters(1,149)=0 to shared memory
modbusRequest: var=holdingRegisters : slave=1 function=3 start_adr=150 num_register=50
modbusResponse: ret=100 slave=1 function=3 data=00 d7 00 00
write short holdingRegisters(1,150)=215 to shared memory
write short holdingRegisters(1,151)=0 to shared memory
write short holdingRegisters(1,152)=0 to shared memory
write short holdingRegisters(1,153)=0 to shared memory
write short holdingRegisters(1,154)=0 to shared memory
write short holdingRegisters(1,155)=0 to shared memory
write short holdingRegisters(1,156)=0 to shared memory
write short holdingRegisters(1,157)=0 to shared memory
write short holdingRegisters(1,158)=0 to shared memory
write short holdingRegisters(1,159)=0 to shared memory
write short holdingRegisters(1,160)=0 to shared memory
write short holdingRegisters(1,161)=0 to shared memory
write short holdingRegisters(1,162)=0 to shared memory
write short holdingRegisters(1,163)=0 to shared memory
write short holdingRegisters(1,164)=0 to shared memory
write short holdingRegisters(1,165)=0 to shared memory
write short holdingRegisters(1,166)=0 to shared memory
write short holdingRegisters(1,167)=0 to shared memory
write short holdingRegisters(1,168)=0 to shared memory
write short holdingRegisters(1,169)=0 to shared memory
write short holdingRegisters(1,170)=0 to shared memory
write short holdingRegisters(1,171)=0 to shared memory
write short holdingRegisters(1,172)=0 to shared memory
write short holdingRegisters(1,173)=0 to shared memory
write short holdingRegisters(1,174)=0 to shared memory
write short holdingRegisters(1,175)=0 to shared memory
write short holdingRegisters(1,176)=0 to shared memory
write short holdingRegisters(1,177)=0 to shared memory
write short holdingRegisters(1,178)=0 to shared memory
write short holdingRegisters(1,179)=0 to shared memory
write short holdingRegisters(1,180)=0 to shared memory
write short holdingRegisters(1,181)=0 to shared memory
write short holdingRegisters(1,182)=0 to shared memory
write short holdingRegisters(1,183)=0 to shared memory
write short holdingRegisters(1,184)=0 to shared memory
write short holdingRegisters(1,185)=0 to shared memory
write short holdingRegisters(1,186)=0 to shared memory
write short holdingRegisters(1,187)=0 to shared memory
write short holdingRegisters(1,188)=0 to shared memory
write short holdingRegisters(1,189)=0 to shared memory
write short holdingRegisters(1,190)=0 to shared memory
write short holdingRegisters(1,191)=0 to shared memory
write short holdingRegisters(1,192)=0 to shared memory
write short holdingRegisters(1,193)=0 to shared memory
write short holdingRegisters(1,194)=0 to shared memory
write short holdingRegisters(1,195)=0 to shared memory
write short holdingRegisters(1,196)=0 to shared memory
write short holdingRegisters(1,197)=0 to shared memory
write short holdingRegisters(1,198)=0 to shared memory
write short holdingRegisters(1,199)=0 to shared memory
modbusRequest: var=holdingRegisters : slave=1 function=3 start_adr=200 num_register=50
modbusResponse: ret=100 slave=1 function=3 data=00 00 00 00
write short holdingRegisters(1,200)=0 to shared memory
write short holdingRegisters(1,201)=0 to shared memory
write short holdingRegisters(1,202)=0 to shared memory
write short holdingRegisters(1,203)=0 to shared memory
write short holdingRegisters(1,204)=0 to shared memory
write short holdingRegisters(1,205)=0 to shared memory
write short holdingRegisters(1,206)=0 to shared memory
write short holdingRegisters(1,207)=0 to shared memory
write short holdingRegisters(1,208)=0 to shared memory
write short holdingRegisters(1,209)=0 to shared memory
write short holdingRegisters(1,210)=0 to shared memory
write short holdingRegisters(1,211)=0 to shared memory
write short holdingRegisters(1,212)=0 to shared memory
write short holdingRegisters(1,213)=0 to shared memory
write short holdingRegisters(1,214)=0 to shared memory
write short holdingRegisters(1,215)=0 to shared memory
write short holdingRegisters(1,216)=0 to shared memory
write short holdingRegisters(1,217)=0 to shared memory
write short holdingRegisters(1,218)=0 to shared memory
write short holdingRegisters(1,219)=0 to shared memory
write short holdingRegisters(1,220)=0 to shared memory
write short holdingRegisters(1,221)=0 to shared memory
write short holdingRegisters(1,222)=0 to shared memory
write short holdingRegisters(1,223)=0 to shared memory
write short holdingRegisters(1,224)=0 to shared memory
write short holdingRegisters(1,225)=0 to shared memory
write short holdingRegisters(1,226)=0 to shared memory
write short holdingRegisters(1,227)=0 to shared memory
write short holdingRegisters(1,228)=0 to shared memory
write short holdingRegisters(1,229)=0 to shared memory
write short holdingRegisters(1,230)=0 to shared memory
write short holdingRegisters(1,231)=0 to shared memory
write short holdingRegisters(1,232)=0 to shared memory
write short holdingRegisters(1,233)=0 to shared memory
write short holdingRegisters(1,234)=0 to shared memory
write short holdingRegisters(1,235)=0 to shared memory
write short holdingRegisters(1,236)=0 to shared memory
write short holdingRegisters(1,237)=0 to shared memory
write short holdingRegisters(1,238)=0 to shared memory
write short holdingRegisters(1,239)=0 to shared memory
write short holdingRegisters(1,240)=0 to shared memory
write short holdingRegisters(1,241)=0 to shared memory
write short holdingRegisters(1,242)=0 to shared memory
write short holdingRegisters(1,243)=0 to shared memory
write short holdingRegisters(1,244)=0 to shared memory
write short holdingRegisters(1,245)=0 to shared memory
write short holdingRegisters(1,246)=0 to shared memory
write short holdingRegisters(1,247)=0 to shared memory
write short holdingRegisters(1,248)=0 to shared memory
write short holdingRegisters(1,249)=0 to shared memory
modbusRequest: var=holdingRegisters : slave=1 function=3 start_adr=100 num_register=50
modbusResponse: ret=100 slave=1 function=3 data=00 66 00 00
write short holdingRegisters(1,100)=102 to shared memory
write short holdingRegisters(1,101)=0 to shared memory
write short holdingRegisters(1,102)=0 to shared memory
write short holdingRegisters(1,103)=0 to shared memory
write short holdingRegisters(1,104)=0 to shared memory
write short holdingRegisters(1,105)=0 to shared memory
write short holdingRegisters(1,106)=0 to shared memory
write short holdingRegisters(1,107)=0 to shared memory
write short holdingRegisters(1,108)=0 to shared memory
write short holdingRegisters(1,109)=0 to shared memory
write short holdingRegisters(1,110)=0 to shared memory
write short holdingRegisters(1,111)=0 to shared memory
write short holdingRegisters(1,112)=0 to shared memory
write short holdingRegisters(1,113)=0 to shared memory
write short holdingRegisters(1,114)=0 to shared memory
write short holdingRegisters(1,115)=0 to shared memory
write short holdingRegisters(1,116)=0 to shared memory
write short holdingRegisters(1,117)=0 to shared memory
write short holdingRegisters(1,118)=0 to shared memory
write short holdingRegisters(1,119)=0 to shared memory
write short holdingRegisters(1,120)=0 to shared memory
write short holdingRegisters(1,121)=0 to shared memory
write short holdingRegisters(1,122)=0 to shared memory
write short holdingRegisters(1,123)=0 to shared memory
write short holdingRegisters(1,124)=0 to shared memory
write short holdingRegisters(1,125)=0 to shared memory
write short holdingRegisters(1,126)=0 to shared memory
write short holdingRegisters(1,127)=0 to shared memory
write short holdingRegisters(1,128)=0 to shared memory
write short holdingRegisters(1,129)=0 to shared memory
write short holdingRegisters(1,130)=0 to shared memory
write short holdingRegisters(1,131)=0 to shared memory
write short holdingRegisters(1,132)=0 to shared memory
write short holdingRegisters(1,133)=0 to shared memory
write short holdingRegisters(1,134)=0 to shared memory
write short holdingRegisters(1,135)=0 to shared memory
write short holdingRegisters(1,136)=0 to shared memory
write short holdingRegisters(1,137)=0 to shared memory
write short holdingRegisters(1,138)=0 to shared memory
write short holdingRegisters(1,139)=0 to shared memory
write short holdingRegisters(1,140)=0 to shared memory
write short holdingRegisters(1,141)=0 to shared memory
write short holdingRegisters(1,142)=0 to shared memory
write short holdingRegisters(1,143)=0 to shared memory
write short holdingRegisters(1,144)=0 to shared memory
write short holdingRegisters(1,145)=0 to shared memory
write short holdingRegisters(1,146)=0 to shared memory
write short holdingRegisters(1,147)=0 to shared memory
write short holdingRegisters(1,148)=0 to shared memory
write short holdingRegisters(1,149)=0 to shared memory
modbusRequest: var=holdingRegisters : slave=1 function=3 start_adr=150 num_register=50
modbusResponse: ret=100 slave=1 function=3 data=00 d7 00 00
write short holdingRegisters(1,150)=215 to shared memory
write short holdingRegisters(1,151)=0 to shared memory
write short holdingRegisters(1,152)=0 to shared memory
write short holdingRegisters(1,153)=0 to shared memory
write short holdingRegisters(1,154)=0 to shared memory
write short holdingRegisters(1,155)=0 to shared memory
write short holdingRegisters(1,156)=0 to shared memory
write short holdingRegisters(1,157)=0 to shared memory
write short holdingRegisters(1,158)=0 to shared memory
write short holdingRegisters(1,159)=0 to shared memory
write short holdingRegisters(1,160)=0 to shared memory
write short holdingRegisters(1,161)=0 to shared memory
write short holdingRegisters(1,162)=0 to shared memory
write short holdingRegisters(1,163)=0 to shared memory
write short holdingRegisters(1,164)=0 to shared memory
write short holdingRegisters(1,165)=0 to shared memory
write short holdingRegisters(1,166)=0 to shared memory
write short holdingRegisters(1,167)=0 to shared memory
write short holdingRegisters(1,168)=0 to shared memory
write short holdingRegisters(1,169)=0 to shared memory
write short holdingRegisters(1,170)=0 to shared memory
write short holdingRegisters(1,171)=0 to shared memory
write short holdingRegisters(1,172)=0 to shared memory
write short holdingRegisters(1,173)=0 to shared memory
write short holdingRegisters(1,174)=0 to shared memory
write short holdingRegisters(1,175)=0 to shared memory
write short holdingRegisters(1,176)=0 to shared memory
write short holdingRegisters(1,177)=0 to shared memory
write short holdingRegisters(1,178)=0 to shared memory
write short holdingRegisters(1,179)=0 to shared memory
write short holdingRegisters(1,180)=0 to shared memory
write short holdingRegisters(1,181)=0 to shared memory
write short holdingRegisters(1,182)=0 to shared memory
write short holdingRegisters(1,183)=0 to shared memory
write short holdingRegisters(1,184)=0 to shared memory
write short holdingRegisters(1,185)=0 to shared memory
write short holdingRegisters(1,186)=0 to shared memory
write short holdingRegisters(1,187)=0 to shared memory
write short holdingRegisters(1,188)=0 to shared memory
write short holdingRegisters(1,189)=0 to shared memory
write short holdingRegisters(1,190)=0 to shared memory
write short holdingRegisters(1,191)=0 to shared memory
write short holdingRegisters(1,192)=0 to shared memory
write short holdingRegisters(1,193)=0 to shared memory
write short holdingRegisters(1,194)=0 to shared memory
write short holdingRegisters(1,195)=0 to shared memory
write short holdingRegisters(1,196)=0 to shared memory
write short holdingRegisters(1,197)=0 to shared memory
write short holdingRegisters(1,198)=0 to shared memory
write short holdingRegisters(1,199)=0 to shared memory
modbusRequest: var=holdingRegisters : slave=1 function=3 start_adr=200 num_register=50
modbusResponse: ret=100 slave=1 function=3 data=00 00 00 00
write short holdingRegisters(1,200)=0 to shared memory
write short holdingRegisters(1,201)=0 to shared memory
write short holdingRegisters(1,202)=0 to shared memory
write short holdingRegisters(1,203)=0 to shared memory
write short holdingRegisters(1,204)=0 to shared memory
write short holdingRegisters(1,205)=0 to shared memory
write short holdingRegisters(1,206)=0 to shared memory
write short holdingRegisters(1,207)=0 to shared memory
write short holdingRegisters(1,208)=0 to shared memory
write short holdingRegisters(1,209)=0 to shared memory
write short holdingRegisters(1,210)=0 to shared memory
write short holdingRegisters(1,211)=0 to shared memory
write short holdingRegisters(1,212)=0 to shared memory
write short holdingRegisters(1,213)=0 to shared memory
write short holdingRegisters(1,214)=0 to shared memory
write short holdingRegisters(1,215)=0 to shared memory
write short holdingRegisters(1,216)=0 to shared memory
write short holdingRegisters(1,217)=0 to shared memory
write short holdingRegisters(1,218)=0 to shared memory
write short holdingRegisters(1,219)=0 to shared memory
write short holdingRegisters(1,220)=0 to shared memory
write short holdingRegisters(1,221)=0 to shared memory
write short holdingRegisters(1,222)=0 to shared memory
write short holdingRegisters(1,223)=0 to shared memory
write short holdingRegisters(1,224)=0 to shared memory
write short holdingRegisters(1,225)=0 to shared memory
write short holdingRegisters(1,226)=0 to shared memory
write short holdingRegisters(1,227)=0 to shared memory
write short holdingRegisters(1,228)=0 to shared memory
write short holdingRegisters(1,229)=0 to shared memory
write short holdingRegisters(1,230)=0 to shared memory
write short holdingRegisters(1,231)=0 to shared memory
write short holdingRegisters(1,232)=0 to shared memory
write short holdingRegisters(1,233)=0 to shared memory
write short holdingRegisters(1,234)=0 to shared memory
write short holdingRegisters(1,235)=0 to shared memory
write short holdingRegisters(1,236)=0 to shared memory
write short holdingRegisters(1,237)=0 to shared memory
write short holdingRegisters(1,238)=0 to shared memory
write short holdingRegisters(1,239)=0 to shared memory
write short holdingRegisters(1,240)=0 to shared memory
write short holdingRegisters(1,241)=0 to shared memory
write short holdingRegisters(1,242)=0 to shared memory
write short holdingRegisters(1,243)=0 to shared memory
write short holdingRegisters(1,244)=0 to shared memory
write short holdingRegisters(1,245)=0 to shared memory
write short holdingRegisters(1,246)=0 to shared memory
write short holdingRegisters(1,247)=0 to shared memory
write short holdingRegisters(1,248)=0 to shared memory
write short holdingRegisters(1,249)=0 to shared memory
modbusRequest: var=holdingRegisters : slave=1 function=3 start_adr=100 num_register=50
modbusResponse: ret=100 slave=1 function=3 data=00 66 00 00
write short holdingRegisters(1,100)=102 to shared memory
write short holdingRegisters(1,101)=0 to shared memory
write short holdingRegisters(1,102)=0 to shared memory
write short holdingRegisters(1,103)=0 to shared memory
write short holdingRegisters(1,104)=0 to shared memory
write short holdingRegisters(1,105)=0 to shared memory
write short holdingRegisters(1,106)=0 to shared memory
write short holdingRegisters(1,107)=0 to shared memory
write short holdingRegisters(1,108)=0 to shared memory
write short holdingRegisters(1,109)=0 to shared memory
write short holdingRegisters(1,110)=0 to shared memory
write short holdingRegisters(1,111)=0 to shared memory
write short holdingRegisters(1,112)=0 to shared memory
write short holdingRegisters(1,113)=0 to shared memory
write short holdingRegisters(1,114)=0 to shared memory
write short holdingRegisters(1,115)=0 to shared memory
write short holdingRegisters(1,116)=0 to shared memory
write short holdingRegisters(1,117)=0 to shared memory
write short holdingRegisters(1,118)=0 to shared memory
write short holdingRegisters(1,119)=0 to shared memory
write short holdingRegisters(1,120)=0 to shared memory
write short holdingRegisters(1,121)=0 to shared memory
write short holdingRegisters(1,122)=0 to shared memory
write short holdingRegisters(1,123)=0 to shared memory
write short holdingRegisters(1,124)=0 to shared memory
write short holdingRegisters(1,125)=0 to shared memory
write short holdingRegisters(1,126)=0 to shared memory
write short holdingRegisters(1,127)=0 to shared memory
write short holdingRegisters(1,128)=0 to shared memory
write short holdingRegisters(1,129)=0 to shared memory
write short holdingRegisters(1,130)=0 to shared memory
write short holdingRegisters(1,131)=0 to shared memory
write short holdingRegisters(1,132)=0 to shared memory
write short holdingRegisters(1,133)=0 to shared memory
write short holdingRegisters(1,134)=0 to shared memory
write short holdingRegisters(1,135)=0 to shared memory
write short holdingRegisters(1,136)=0 to shared memory
write short holdingRegisters(1,137)=0 to shared memory
write short holdingRegisters(1,138)=0 to shared memory
write short holdingRegisters(1,139)=0 to shared memory
write short holdingRegisters(1,140)=0 to shared memory
write short holdingRegisters(1,141)=0 to shared memory
write short holdingRegisters(1,142)=0 to shared memory
write short holdingRegisters(1,143)=0 to shared memory
write short holdingRegisters(1,144)=0 to shared memory
write short holdingRegisters(1,145)=0 to shared memory
write short holdingRegisters(1,146)=0 to shared memory
write short holdingRegisters(1,147)=0 to shared memory
write short holdingRegisters(1,148)=0 to shared memory
write short holdingRegisters(1,149)=0 to shared memory
modbusRequest: var=holdingRegisters : slave=1 function=3 start_adr=150 num_register=50
modbusResponse: ret=100 slave=1 function=3 data=00 d7 00 00
write short holdingRegisters(1,150)=215 to shared memory
write short holdingRegisters(1,151)=0 to shared memory
write short holdingRegisters(1,152)=0 to shared memory
write short holdingRegisters(1,153)=0 to shared memory
write short holdingRegisters(1,154)=0 to shared memory
write short holdingRegisters(1,155)=0 to shared memory
write short holdingRegisters(1,156)=0 to shared memory
write short holdingRegisters(1,157)=0 to shared memory
write short holdingRegisters(1,158)=0 to shared memory
write short holdingRegisters(1,159)=0 to shared memory
write short holdingRegisters(1,160)=0 to shared memory
write short holdingRegisters(1,161)=0 to shared memory
write short holdingRegisters(1,162)=0 to shared memory
write short holdingRegisters(1,163)=0 to shared memory
write short holdingRegisters(1,164)=0 to shared memory
write short holdingRegisters(1,165)=0 to shared memory
write short holdingRegisters(1,166)=0 to shared memory
write short holdingRegisters(1,167)=0 to shared memory
write short holdingRegisters(1,168)=0 to shared memory
write short holdingRegisters(1,169)=0 to shared memory
write short holdingRegisters(1,170)=0 to shared memory
write short holdingRegisters(1,171)=0 to shared memory
write short holdingRegisters(1,172)=0 to shared memory
write short holdingRegisters(1,173)=0 to shared memory
write short holdingRegisters(1,174)=0 to shared memory
write short holdingRegisters(1,175)=0 to shared memory
write short holdingRegisters(1,176)=0 to shared memory
write short holdingRegisters(1,177)=0 to shared memory
write short holdingRegisters(1,178)=0 to shared memory
write short holdingRegisters(1,179)=0 to shared memory
write short holdingRegisters(1,180)=0 to shared memory
write short holdingRegisters(1,181)=0 to shared memory
write short holdingRegisters(1,182)=0 to shared memory
write short holdingRegisters(1,183)=0 to shared memory
write short holdingRegisters(1,184)=0 to shared memory
write short holdingRegisters(1,185)=0 to shared memory
write short holdingRegisters(1,186)=0 to shared memory
write short holdingRegisters(1,187)=0 to shared memory
write short holdingRegisters(1,188)=0 to shared memory
write short holdingRegisters(1,189)=0 to shared memory
write short holdingRegisters(1,190)=0 to shared memory
write short holdingRegisters(1,191)=0 to shared memory
write short holdingRegisters(1,192)=0 to shared memory
write short holdingRegisters(1,193)=0 to shared memory
write short holdingRegisters(1,194)=0 to shared memory
write short holdingRegisters(1,195)=0 to shared memory
write short holdingRegisters(1,196)=0 to shared memory
write short holdingRegisters(1,197)=0 to shared memory
write short holdingRegisters(1,198)=0 to shared memory
write short holdingRegisters(1,199)=0 to shared memory
modbusRequest: var=holdingRegisters : slave=1 function=3 start_adr=200 num_register=50
modbusResponse: ret=100 slave=1 function=3 data=00 00 00 00
write short holdingRegisters(1,200)=0 to shared memory
write short holdingRegisters(1,201)=0 to shared memory
write short holdingRegisters(1,202)=0 to shared memory
write short holdingRegisters(1,203)=0 to shared memory
write short holdingRegisters(1,204)=0 to shared memory
write short holdingRegisters(1,205)=0 to shared memory
write short holdingRegisters(1,206)=0 to shared memory
write short holdingRegisters(1,207)=0 to shared memory
write short holdingRegisters(1,208)=0 to shared memory
write short holdingRegisters(1,209)=0 to shared memory
write short holdingRegisters(1,210)=0 to shared memory
write short holdingRegisters(1,211)=0 to shared memory
write short holdingRegisters(1,212)=0 to shared memory
write short holdingRegisters(1,213)=0 to shared memory
write short holdingRegisters(1,214)=0 to shared memory
write short holdingRegisters(1,215)=0 to shared memory
write short holdingRegisters(1,216)=0 to shared memory
write short holdingRegisters(1,217)=0 to shared memory
write short holdingRegisters(1,218)=0 to shared memory
write short holdingRegisters(1,219)=0 to shared memory
write short holdingRegisters(1,220)=0 to shared memory
write short holdingRegisters(1,221)=0 to shared memory
write short holdingRegisters(1,222)=0 to shared memory
write short holdingRegisters(1,223)=0 to shared memory
write short holdingRegisters(1,224)=0 to shared memory
write short holdingRegisters(1,225)=0 to shared memory
write short holdingRegisters(1,226)=0 to shared memory
write short holdingRegisters(1,227)=0 to shared memory
write short holdingRegisters(1,228)=0 to shared memory
write short holdingRegisters(1,229)=0 to shared memory
write short holdingRegisters(1,230)=0 to shared memory
write short holdingRegisters(1,231)=0 to shared memory
write short holdingRegisters(1,232)=0 to shared memory
write short holdingRegisters(1,233)=0 to shared memory
write short holdingRegisters(1,234)=0 to shared memory
write short holdingRegisters(1,235)=0 to shared memory
write short holdingRegisters(1,236)=0 to shared memory
write short holdingRegisters(1,237)=0 to shared memory
write short holdingRegisters(1,238)=0 to shared memory
write short holdingRegisters(1,239)=0 to shared memory
write short holdingRegisters(1,240)=0 to shared memory
write short holdingRegisters(1,241)=0 to shared memory
write short holdingRegisters(1,242)=0 to shared memory
write short holdingRegisters(1,243)=0 to shared memory
write short holdingRegisters(1,244)=0 to shared memory
write short holdingRegisters(1,245)=0 to shared memory
write short holdingRegisters(1,246)=0 to shared memory
write short holdingRegisters(1,247)=0 to shared memory
write short holdingRegisters(1,248)=0 to shared memory
write short holdingRegisters(1,249)=0 to shared memory
modbusRequest: var=holdingRegisters : slave=1 function=3 start_adr=100 num_register=50
modbusResponse: ret=100 slave=1 function=3 data=00 66 00 00
write short holdingRegisters(1,100)=102 to shared memory
write short holdingRegisters(1,101)=0 to shared memory
write short holdingRegisters(1,102)=0 to shared memory
write short holdingRegisters(1,103)=0 to shared memory
write short holdingRegisters(1,104)=0 to shared memory
write short holdingRegisters(1,105)=0 to shared memory
write short holdingRegisters(1,106)=0 to shared memory
write short holdingRegisters(1,107)=0 to shared memory
write short holdingRegisters(1,108)=0 to shared memory
write short holdingRegisters(1,109)=0 to shared memory
write short holdingRegisters(1,110)=0 to shared memory
write short holdingRegisters(1,111)=0 to shared memory
write short holdingRegisters(1,112)=0 to shared memory
write short holdingRegisters(1,113)=0 to shared memory
write short holdingRegisters(1,114)=0 to shared memory
write short holdingRegisters(1,115)=0 to shared memory
write short holdingRegisters(1,116)=0 to shared memory
write short holdingRegisters(1,117)=0 to shared memory
write short holdingRegisters(1,118)=0 to shared memory
write short holdingRegisters(1,119)=0 to shared memory
write short holdingRegisters(1,120)=0 to shared memory
write short holdingRegisters(1,121)=0 to shared memory
write short holdingRegisters(1,122)=0 to shared memory
write short holdingRegisters(1,123)=0 to shared memory
write short holdingRegisters(1,124)=0 to shared memory
write short holdingRegisters(1,125)=0 to shared memory
write short holdingRegisters(1,126)=0 to shared memory
write short holdingRegisters(1,127)=0 to shared memory
write short holdingRegisters(1,128)=0 to shared memory
write short holdingRegisters(1,129)=0 to shared memory
write short holdingRegisters(1,130)=0 to shared memory
write short holdingRegisters(1,131)=0 to shared memory
write short holdingRegisters(1,132)=0 to shared memory
write short holdingRegisters(1,133)=0 to shared memory
write short holdingRegisters(1,134)=0 to shared memory
write short holdingRegisters(1,135)=0 to shared memory
write short holdingRegisters(1,136)=0 to shared memory
write short holdingRegisters(1,137)=0 to shared memory
write short holdingRegisters(1,138)=0 to shared memory
write short holdingRegisters(1,139)=0 to shared memory
write short holdingRegisters(1,140)=0 to shared memory
write short holdingRegisters(1,141)=0 to shared memory
write short holdingRegisters(1,142)=0 to shared memory
write short holdingRegisters(1,143)=0 to shared memory
write short holdingRegisters(1,144)=0 to shared memory
write short holdingRegisters(1,145)=0 to shared memory
write short holdingRegisters(1,146)=0 to shared memory
write short holdingRegisters(1,147)=0 to shared memory
write short holdingRegisters(1,148)=0 to shared memory
write short holdingRegisters(1,149)=0 to shared memory
modbusRequest: var=holdingRegisters : slave=1 function=3 start_adr=150 num_register=50
modbusResponse: ret=100 slave=1 function=3 data=00 d7 00 00
write short holdingRegisters(1,150)=215 to shared memory
write short holdingRegisters(1,151)=0 to shared memory
write short holdingRegisters(1,152)=0 to shared memory
write short holdingRegisters(1,153)=0 to shared memory
write short holdingRegisters(1,154)=0 to shared memory
write short holdingRegisters(1,155)=0 to shared memory
write short holdingRegisters(1,156)=0 to shared memory
write short holdingRegisters(1,157)=0 to shared memory
write short holdingRegisters(1,158)=0 to shared memory
write short holdingRegisters(1,159)=0 to shared memory
write short holdingRegisters(1,160)=0 to shared memory
write short holdingRegisters(1,161)=0 to shared memory
write short holdingRegisters(1,162)=0 to shared memory
write short holdingRegisters(1,163)=0 to shared memory
write short holdingRegisters(1,164)=0 to shared memory
write short holdingRegisters(1,165)=0 to shared memory
write short holdingRegisters(1,166)=0 to shared memory
write short holdingRegisters(1,167)=0 to shared memory
write short holdingRegisters(1,168)=0 to shared memory
write short holdingRegisters(1,169)=0 to shared memory
write short holdingRegisters(1,170)=0 to shared memory
write short holdingRegisters(1,171)=0 to shared memory
write short holdingRegisters(1,172)=0 to shared memory
write short holdingRegisters(1,173)=0 to shared memory
write short holdingRegisters(1,174)=0 to shared memory
write short holdingRegisters(1,175)=0 to shared memory
write short holdingRegisters(1,176)=0 to shared memory
write short holdingRegisters(1,177)=0 to shared memory
write short holdingRegisters(1,178)=0 to shared memory
write short holdingRegisters(1,179)=0 to shared memory
write short holdingRegisters(1,180)=0 to shared memory
write short holdingRegisters(1,181)=0 to shared memory
write short holdingRegisters(1,182)=0 to shared memory
write short holdingRegisters(1,183)=0 to shared memory
write short holdingRegisters(1,184)=0 to shared memory
write short holdingRegisters(1,185)=0 to shared memory
write short holdingRegisters(1,186)=0 to shared memory
write short holdingRegisters(1,187)=0 to shared memory
write short holdingRegisters(1,188)=0 to shared memory
write short holdingRegisters(1,189)=0 to shared memory
write short holdingRegisters(1,190)=0 to shared memory
write short holdingRegisters(1,191)=0 to shared memory
write short holdingRegisters(1,192)=0 to shared memory
write short holdingRegisters(1,193)=0 to shared memory
write short holdingRegisters(1,194)=0 to shared memory
write short holdingRegisters(1,195)=0 to shared memory
write short holdingRegisters(1,196)=0 to shared memory
write short holdingRegisters(1,197)=0 to shared memory
write short holdingRegisters(1,198)=0 to shared memory
write short holdingRegisters(1,199)=0 to shared memory
modbusRequest: var=holdingRegisters : slave=1 function=3 start_adr=200 num_register=50
modbusResponse: ret=100 slave=1 function=3 data=00 00 00 00
write short holdingRegisters(1,200)=0 to shared memory
write short holdingRegisters(1,201)=0 to shared memory
write short holdingRegisters(1,202)=0 to shared memory
write short holdingRegisters(1,203)=0 to shared memory
write short holdingRegisters(1,204)=0 to shared memory
write short holdingRegisters(1,205)=0 to shared memory
write short holdingRegisters(1,206)=0 to shared memory
write short holdingRegisters(1,207)=0 to shared memory
write short holdingRegisters(1,208)=0 to shared memory
write short holdingRegisters(1,209)=0 to shared memory
write short holdingRegisters(1,210)=0 to shared memory
write short holdingRegisters(1,211)=0 to shared memory
write short holdingRegisters(1,212)=0 to shared memory
write short holdingRegisters(1,213)=0 to shared memory
write short holdingRegisters(1,214)=0 to shared memory
write short holdingRegisters(1,215)=0 to shared memory
write short holdingRegisters(1,216)=0 to shared memory
write short holdingRegisters(1,217)=0 to shared memory
write short holdingRegisters(1,218)=0 to shared memory
write short holdingRegisters(1,219)=0 to shared memory
write short holdingRegisters(1,220)=0 to shared memory
write short holdingRegisters(1,221)=0 to shared memory
write short holdingRegisters(1,222)=0 to shared memory
write short holdingRegisters(1,223)=0 to shared memory
write short holdingRegisters(1,224)=0 to shared memory
write short holdingRegisters(1,225)=0 to shared memory
write short holdingRegisters(1,226)=0 to shared memory
write short holdingRegisters(1,227)=0 to shared memory
write short holdingRegisters(1,228)=0 to shared memory
write short holdingRegisters(1,229)=0 to shared memory
write short holdingRegisters(1,230)=0 to shared memory
write short holdingRegisters(1,231)=0 to shared memory
write short holdingRegisters(1,232)=0 to shared memory
write short holdingRegisters(1,233)=0 to shared memory
write short holdingRegisters(1,234)=0 to shared memory
write short holdingRegisters(1,235)=0 to shared memory
write short holdingRegisters(1,236)=0 to shared memory
write short holdingRegisters(1,237)=0 to shared memory
write short holdingRegisters(1,238)=0 to shared memory
write short holdingRegisters(1,239)=0 to shared memory
write short holdingRegisters(1,240)=0 to shared memory
write short holdingRegisters(1,241)=0 to shared memory
write short holdingRegisters(1,242)=0 to shared memory
write short holdingRegisters(1,243)=0 to shared memory
write short holdingRegisters(1,244)=0 to shared memory
write short holdingRegisters(1,245)=0 to shared memory
write short holdingRegisters(1,246)=0 to shared memory
write short holdingRegisters(1,247)=0 to shared memory
write short holdingRegisters(1,248)=0 to shared memory
write short holdingRegisters(1,249)=0 to shared memory
modbusRequest: var=holdingRegisters : slave=1 function=3 start_adr=100 num_register=50
modbusResponse: ret=100 slave=1 function=3 data=00 66 00 00
write short holdingRegisters(1,100)=102 to shared memory
write short holdingRegisters(1,101)=0 to shared memory
write short holdingRegisters(1,102)=0 to shared memory
write short holdingRegisters(1,103)=0 to shared memory
write short holdingRegisters(1,104)=0 to shared memory
write short holdingRegisters(1,105)=0 to shared memory
write short holdingRegisters(1,106)=0 to shared memory
write short holdingRegisters(1,107)=0 to shared memory
write short holdingRegisters(1,108)=0 to shared memory
write short holdingRegisters(1,109)=0 to shared memory
write short holdingRegisters(1,110)=0 to shared memory
write short holdingRegisters(1,111)=0 to shared memory
write short holdingRegisters(1,112)=0 to shared memory
write short holdingRegisters(1,113)=0 to shared memory
write short holdingRegisters(1,114)=0 to shared memory
write short holdingRegisters(1,115)=0 to shared memory
write short holdingRegisters(1,116)=0 to shared memory
write short holdingRegisters(1,117)=0 to shared memory
write short holdingRegisters(1,118)=0 to shared memory
write short holdingRegisters(1,119)=0 to shared memory
write short holdingRegisters(1,120)=0 to shared memory
write short holdingRegisters(1,121)=0 to shared memory
write short holdingRegisters(1,122)=0 to shared memory
write short holdingRegisters(1,123)=0 to shared memory
write short holdingRegisters(1,124)=0 to shared memory
write short holdingRegisters(1,125)=0 to shared memory
write short holdingRegisters(1,126)=0 to shared memory
write short holdingRegisters(1,127)=0 to shared memory
write short holdingRegisters(1,128)=0 to shared memory
write short holdingRegisters(1,129)=0 to shared memory
write short holdingRegisters(1,130)=0 to shared memory
write short holdingRegisters(1,131)=0 to shared memory
write short holdingRegisters(1,132)=0 to shared memory
write short holdingRegisters(1,133)=0 to shared memory
write short holdingRegisters(1,134)=0 to shared memory
write short holdingRegisters(1,135)=0 to shared memory
write short holdingRegisters(1,136)=0 to shared memory
write short holdingRegisters(1,137)=0 to shared memory
write short holdingRegisters(1,138)=0 to shared memory
write short holdingRegisters(1,139)=0 to shared memory
write short holdingRegisters(1,140)=0 to shared memory
write short holdingRegisters(1,141)=0 to shared memory
write short holdingRegisters(1,142)=0 to shared memory
write short holdingRegisters(1,143)=0 to shared memory
write short holdingRegisters(1,144)=0 to shared memory
write short holdingRegisters(1,145)=0 to shared memory
write short holdingRegisters(1,146)=0 to shared memory
write short holdingRegisters(1,147)=0 to shared memory
write short holdingRegisters(1,148)=0 to shared memory
write short holdingRegisters(1,149)=0 to shared memory
modbusRequest: var=holdingRegisters : slave=1 function=3 start_adr=150 num_register=50
modbusResponse: ret=100 slave=1 function=3 data=00 d7 00 00
write short holdingRegisters(1,150)=215 to shared memory
write short holdingRegisters(1,151)=0 to shared memory
write short holdingRegisters(1,152)=0 to shared memory
write short holdingRegisters(1,153)=0 to shared memory
write short holdingRegisters(1,154)=0 to shared memory
write short holdingRegisters(1,155)=0 to shared memory
write short holdingRegisters(1,156)=0 to shared memory
write short holdingRegisters(1,157)=0 to shared memory
write short holdingRegisters(1,158)=0 to shared memory
write short holdingRegisters(1,159)=0 to shared memory
write short holdingRegisters(1,160)=0 to shared memory
write short holdingRegisters(1,161)=0 to shared memory
write short holdingRegisters(1,162)=0 to shared memory
write short holdingRegisters(1,163)=0 to shared memory
write short holdingRegisters(1,164)=0 to shared memory
write short holdingRegisters(1,165)=0 to shared memory
write short holdingRegisters(1,166)=0 to shared memory
write short holdingRegisters(1,167)=0 to shared memory
write short holdingRegisters(1,168)=0 to shared memory
write short holdingRegisters(1,169)=0 to shared memory
write short holdingRegisters(1,170)=0 to shared memory
write short holdingRegisters(1,171)=0 to shared memory
write short holdingRegisters(1,172)=0 to shared memory
write short holdingRegisters(1,173)=0 to shared memory
write short holdingRegisters(1,174)=0 to shared memory
write short holdingRegisters(1,175)=0 to shared memory
write short holdingRegisters(1,176)=0 to shared memory
write short holdingRegisters(1,177)=0 to shared memory
write short holdingRegisters(1,178)=0 to shared memory
write short holdingRegisters(1,179)=0 to shared memory
write short holdingRegisters(1,180)=0 to shared memory
write short holdingRegisters(1,181)=0 to shared memory
write short holdingRegisters(1,182)=0 to shared memory
write short holdingRegisters(1,183)=0 to shared memory
write short holdingRegisters(1,184)=0 to shared memory
write short holdingRegisters(1,185)=0 to shared memory
write short holdingRegisters(1,186)=0 to shared memory
write short holdingRegisters(1,187)=0 to shared memory
write short holdingRegisters(1,188)=0 to shared memory
write short holdingRegisters(1,189)=0 to shared memory
write short holdingRegisters(1,190)=0 to shared memory
write short holdingRegisters(1,191)=0 to shared memory
write short holdingRegisters(1,192)=0 to shared memory
write short holdingRegisters(1,193)=0 to shared memory
write short holdingRegisters(1,194)=0 to shared memory
write short holdingRegisters(1,195)=0 to shared memory
write short holdingRegisters(1,196)=0 to shared memory
write short holdingRegisters(1,197)=0 to shared memory
write short holdingRegisters(1,198)=0 to shared memory
write short holdingRegisters(1,199)=0 to shared memory
modbusRequest: var=holdingRegisters : slave=1 function=3 start_adr=200 num_register=50
modbusResponse: ret=100 slave=1 function=3 data=00 00 00 00
write short holdingRegisters(1,200)=0 to shared memory
write short holdingRegisters(1,201)=0 to shared memory
write short holdingRegisters(1,202)=0 to shared memory
write short holdingRegisters(1,203)=0 to shared memory
write short holdingRegisters(1,204)=0 to shared memory
write short holdingRegisters(1,205)=0 to shared memory
write short holdingRegisters(1,206)=0 to shared memory
write short holdingRegisters(1,207)=0 to shared memory
write short holdingRegisters(1,208)=0 to shared memory
write short holdingRegisters(1,209)=0 to shared memory
write short holdingRegisters(1,210)=0 to shared memory
write short holdingRegisters(1,211)=0 to shared memory
write short holdingRegisters(1,212)=0 to shared memory
write short holdingRegisters(1,213)=0 to shared memory
write short holdingRegisters(1,214)=0 to shared memory
write short holdingRegisters(1,215)=0 to shared memory
write short holdingRegisters(1,216)=0 to shared memory
write short holdingRegisters(1,217)=0 to shared memory
write short holdingRegisters(1,218)=0 to shared memory
write short holdingRegisters(1,219)=0 to shared memory
write short holdingRegisters(1,220)=0 to shared memory
write short holdingRegisters(1,221)=0 to shared memory
write short holdingRegisters(1,222)=0 to shared memory
write short holdingRegisters(1,223)=0 to shared memory
write short holdingRegisters(1,224)=0 to shared memory
write short holdingRegisters(1,225)=0 to shared memory
write short holdingRegisters(1,226)=0 to shared memory
write short holdingRegisters(1,227)=0 to shared memory
write short holdingRegisters(1,228)=0 to shared memory
write short holdingRegisters(1,229)=0 to shared memory
write short holdingRegisters(1,230)=0 to shared memory
write short holdingRegisters(1,231)=0 to shared memory
write short holdingRegisters(1,232)=0 to shared memory
write short holdingRegisters(1,233)=0 to shared memory
write short holdingRegisters(1,234)=0 to shared memory
write short holdingRegisters(1,235)=0 to shared memory
write short holdingRegisters(1,236)=0 to shared memory
write short holdingRegisters(1,237)=0 to shared memory
write short holdingRegisters(1,238)=0 to shared memory
write short holdingRegisters(1,239)=0 to shared memory
write short holdingRegisters(1,240)=0 to shared memory
write short holdingRegisters(1,241)=0 to shared memory
write short holdingRegisters(1,242)=0 to shared memory
write short holdingRegisters(1,243)=0 to shared memory
write short holdingRegisters(1,244)=0 to shared memory
write short holdingRegisters(1,245)=0 to shared memory
write short holdingRegisters(1,246)=0 to shared memory
write short holdingRegisters(1,247)=0 to shared memory
write short holdingRegisters(1,248)=0 to shared memory
write short holdingRegisters(1,249)=0 to shared memory
modbusRequest: var=holdingRegisters : slave=1 function=3 start_adr=100 num_register=50
modbusResponse: ret=100 slave=1 function=3 data=00 66 00 00
write short holdingRegisters(1,100)=102 to shared memory
write short holdingRegisters(1,101)=0 to shared memory
write short holdingRegisters(1,102)=0 to shared memory
write short holdingRegisters(1,103)=0 to shared memory
write short holdingRegisters(1,104)=0 to shared memory
write short holdingRegisters(1,105)=0 to shared memory
write short holdingRegisters(1,106)=0 to shared memory
write short holdingRegisters(1,107)=0 to shared memory
write short holdingRegisters(1,108)=0 to shared memory
write short holdingRegisters(1,109)=0 to shared memory
write short holdingRegisters(1,110)=0 to shared memory
write short holdingRegisters(1,111)=0 to shared memory
write short holdingRegisters(1,112)=0 to shared memory
write short holdingRegisters(1,113)=0 to shared memory
write short holdingRegisters(1,114)=0 to shared memory
write short holdingRegisters(1,115)=0 to shared memory
write short holdingRegisters(1,116)=0 to shared memory
write short holdingRegisters(1,117)=0 to shared memory
write short holdingRegisters(1,118)=0 to shared memory
write short holdingRegisters(1,119)=0 to shared memory
write short holdingRegisters(1,120)=0 to shared memory
write short holdingRegisters(1,121)=0 to shared memory
write short holdingRegisters(1,122)=0 to shared memory
write short holdingRegisters(1,123)=0 to shared memory
write short holdingRegisters(1,124)=0 to shared memory
write short holdingRegisters(1,125)=0 to shared memory
write short holdingRegisters(1,126)=0 to shared memory
write short holdingRegisters(1,127)=0 to shared memory
write short holdingRegisters(1,128)=0 to shared memory
write short holdingRegisters(1,129)=0 to shared memory
write short holdingRegisters(1,130)=0 to shared memory
write short holdingRegisters(1,131)=0 to shared memory
write short holdingRegisters(1,132)=0 to shared memory
write short holdingRegisters(1,133)=0 to shared memory
write short holdingRegisters(1,134)=0 to shared memory
write short holdingRegisters(1,135)=0 to shared memory
write short holdingRegisters(1,136)=0 to shared memory
write short holdingRegisters(1,137)=0 to shared memory
write short holdingRegisters(1,138)=0 to shared memory
write short holdingRegisters(1,139)=0 to shared memory
write short holdingRegisters(1,140)=0 to shared memory
write short holdingRegisters(1,141)=0 to shared memory
write short holdingRegisters(1,142)=0 to shared memory
write short holdingRegisters(1,143)=0 to shared memory
write short holdingRegisters(1,144)=0 to shared memory
write short holdingRegisters(1,145)=0 to shared memory
write short holdingRegisters(1,146)=0 to shared memory
write short holdingRegisters(1,147)=0 to shared memory
write short holdingRegisters(1,148)=0 to shared memory
write short holdingRegisters(1,149)=0 to shared memory
modbusRequest: var=holdingRegisters : slave=1 function=3 start_adr=150 num_register=50
modbusResponse: ret=100 slave=1 function=3 data=00 d7 00 00
write short holdingRegisters(1,150)=215 to shared memory
write short holdingRegisters(1,151)=0 to shared memory
write short holdingRegisters(1,152)=0 to shared memory
write short holdingRegisters(1,153)=0 to shared memory
write short holdingRegisters(1,154)=0 to shared memory
write short holdingRegisters(1,155)=0 to shared memory
write short holdingRegisters(1,156)=0 to shared memory
write short holdingRegisters(1,157)=0 to shared memory
write short holdingRegisters(1,158)=0 to shared memory
write short holdingRegisters(1,159)=0 to shared memory
write short holdingRegisters(1,160)=0 to shared memory
write short holdingRegisters(1,161)=0 to shared memory
write short holdingRegisters(1,162)=0 to shared memory
write short holdingRegisters(1,163)=0 to shared memory
write short holdingRegisters(1,164)=0 to shared memory
write short holdingRegisters(1,165)=0 to shared memory
write short holdingRegisters(1,166)=0 to shared memory
write short holdingRegisters(1,167)=0 to shared memory
write short holdingRegisters(1,168)=0 to shared memory
write short holdingRegisters(1,169)=0 to shared memory
write short holdingRegisters(1,170)=0 to shared memory
write short holdingRegisters(1,171)=0 to shared memory
write short holdingRegisters(1,172)=0 to shared memory
write short holdingRegisters(1,173)=0 to shared memory
write short holdingRegisters(1,174)=0 to shared memory
write short holdingRegisters(1,175)=0 to shared memory
write short holdingRegisters(1,176)=0 to shared memory
write short holdingRegisters(1,177)=0 to shared memory
write short holdingRegisters(1,178)=0 to shared memory
write short holdingRegisters(1,179)=0 to shared memory
write short holdingRegisters(1,180)=0 to shared memory
write short holdingRegisters(1,181)=0 to shared memory
write short holdingRegisters(1,182)=0 to shared memory
write short holdingRegisters(1,183)=0 to shared memory
write short holdingRegisters(1,184)=0 to shared memory
write short holdingRegisters(1,185)=0 to shared memory
write short holdingRegisters(1,186)=0 to shared memory
write short holdingRegisters(1,187)=0 to shared memory
write short holdingRegisters(1,188)=0 to shared memory
write short holdingRegisters(1,189)=0 to shared memory
write short holdingRegisters(1,190)=0 to shared memory
write short holdingRegisters(1,191)=0 to shared memory
write short holdingRegisters(1,192)=0 to shared memory
write short holdingRegisters(1,193)=0 to shared memory
write short holdingRegisters(1,194)=0 to shared memory
write short holdingRegisters(1,195)=0 to shared memory
write short holdingRegisters(1,196)=0 to shared memory
write short holdingRegisters(1,197)=0 to shared memory
write short holdingRegisters(1,198)=0 to shared memory
write short holdingRegisters(1,199)=0 to shared memory
modbusRequest: var=holdingRegisters : slave=1 function=3 start_adr=200 num_register=50
modbusResponse: ret=100 slave=1 function=3 data=00 00 00 00
write short holdingRegisters(1,200)=0 to shared memory
write short holdingRegisters(1,201)=0 to shared memory
write short holdingRegisters(1,202)=0 to shared memory
write short holdingRegisters(1,203)=0 to shared memory
write short holdingRegisters(1,204)=0 to shared memory
write short holdingRegisters(1,205)=0 to shared memory
write short holdingRegisters(1,206)=0 to shared memory
write short holdingRegisters(1,207)=0 to shared memory
write short holdingRegisters(1,208)=0 to shared memory
write short holdingRegisters(1,209)=0 to shared memory
write short holdingRegisters(1,210)=0 to shared memory
write short holdingRegisters(1,211)=0 to shared memory
write short holdingRegisters(1,212)=0 to shared memory
write short holdingRegisters(1,213)=0 to shared memory
write short holdingRegisters(1,214)=0 to shared memory
write short holdingRegisters(1,215)=0 to shared 